Log file open, 09/11/19 21:19:04
LogWindows: Failed to load 'aqProf.dll' (GetLastError=126)
LogWindows: File 'aqProf.dll' does not exist
LogWindows: Failed to load 'VtuneApi.dll' (GetLastError=126)
LogWindows: File 'VtuneApi.dll' does not exist
LogWindows: Failed to load 'VtuneApi32e.dll' (GetLastError=126)
LogWindows: File 'VtuneApi32e.dll' does not exist
LogConsoleResponse: Display: Failed to find resolution value strings in scalability ini. Falling back to default.
LogInit: Display: Running engine for game: PuzzleMobile
LogPakFile: Registered encryption key '00000000000000000000000000000000': 0 pak files mounted, 0 remain pending
LogPlatformFile: Not using cached read wrapper
LogTaskGraph: Started task graph with 5 named threads and 47 total threads with 3 sets of task threads.
LogStats: Stats thread started at 0.534896
LogD3D11RHI: Loaded GFSDK_Aftermath_Lib.x64.dll
LogICUInternationalization: ICU TimeZone Detection - Raw Offset: -8:00, Platform Override: ''
LogPluginManager: Mounting plugin Paper2D
LogPluginManager: Mounting plugin AISupport
LogPluginManager: Mounting plugin LightPropagationVolume
LogPluginManager: Mounting plugin ActorLayerUtilities
LogPluginManager: Mounting plugin CLionSourceCodeAccess
LogPluginManager: Mounting plugin CodeLiteSourceCodeAccess
LogPluginManager: Mounting plugin GitSourceControl
LogPluginManager: Mounting plugin KDevelopSourceCodeAccess
LogPluginManager: Mounting plugin NullSourceCodeAccess
LogPluginManager: Mounting plugin PerforceSourceControl
LogPluginManager: Mounting plugin SubversionSourceControl
LogPluginManager: Mounting plugin UObjectPlugin
LogPluginManager: Mounting plugin VisualStudioCodeSourceCodeAccess
LogPluginManager: Mounting plugin VisualStudioSourceCodeAccess
LogPluginManager: Mounting plugin XCodeSourceCodeAccess
LogPluginManager: Mounting plugin AssetManagerEditor
LogPluginManager: Mounting plugin CryptoKeys
LogPluginManager: Mounting plugin DataValidation
LogPluginManager: Mounting plugin FacialAnimation
LogPluginManager: Mounting plugin GameplayTagsEditor
LogPluginManager: Mounting plugin MacGraphicsSwitching
LogPluginManager: Mounting plugin MeshEditor
LogPluginManager: Mounting plugin MobileLauncherProfileWizard
LogPluginManager: Mounting plugin PluginBrowser
LogPluginManager: Mounting plugin SpeedTreeImporter
LogPluginManager: Mounting plugin DatasmithContent
LogPluginManager: Mounting plugin VariantManagerContent
LogPluginManager: Mounting plugin AlembicImporter
LogPluginManager: Mounting plugin AppleImageUtils
LogPluginManager: Mounting plugin AppleVision
LogPluginManager: Mounting plugin BackChannel
LogPluginManager: Mounting plugin CharacterAI
LogPluginManager: Mounting plugin GeometryCache
LogPluginManager: Mounting plugin HTML5Networking
LogPluginManager: Mounting plugin ProxyLODPlugin
LogPluginManager: Mounting plugin MagicLeap
LogPluginManager: Mounting plugin MagicLeapMedia
LogPluginManager: Mounting plugin AndroidMedia
LogPluginManager: Mounting plugin AvfMedia
LogPluginManager: Mounting plugin ImgMedia
LogPluginManager: Mounting plugin LinearTimecode
LogPluginManager: Mounting plugin MediaCompositing
LogPluginManager: Mounting plugin MediaPlayerEditor
LogPluginManager: Mounting plugin WebMMedia
LogPluginManager: Mounting plugin WmfMedia
LogPluginManager: Mounting plugin TcpMessaging
LogPluginManager: Mounting plugin UdpMessaging
LogPluginManager: Mounting plugin ActorSequence
LogPluginManager: Mounting plugin LevelSequenceEditor
LogPluginManager: Mounting plugin MatineeToLevelSequence
LogPluginManager: Mounting plugin NetcodeUnitTest
LogPluginManager: Mounting plugin NUTUnrealEngine4
LogPluginManager: Mounting plugin OnlineSubsystemGooglePlay
LogPluginManager: Mounting plugin OnlineSubsystemIOS
LogPluginManager: Mounting plugin OnlineSubsystem
LogPluginManager: Mounting plugin OnlineSubsystemNull
LogPluginManager: Mounting plugin OnlineSubsystemUtils
LogPluginManager: Mounting plugin LauncherChunkInstaller
LogPluginManager: Mounting plugin AndroidDeviceProfileSelector
LogPluginManager: Mounting plugin AndroidMoviePlayer
LogPluginManager: Mounting plugin AndroidPermission
LogPluginManager: Mounting plugin AppleMoviePlayer
LogPluginManager: Mounting plugin ArchVisCharacter
LogPluginManager: Mounting plugin AudioCapture
LogPluginManager: Mounting plugin CableComponent
LogPluginManager: Mounting plugin CustomMeshComponent
LogPluginManager: Mounting plugin EditableMesh
LogPluginManager: Mounting plugin ExampleDeviceProfileSelector
LogPluginManager: Mounting plugin Firebase
LogPluginManager: Mounting plugin GoogleCloudMessaging
LogPluginManager: Mounting plugin IOSDeviceProfileSelector
LogPluginManager: Mounting plugin LinuxDeviceProfileSelector
LogPluginManager: Mounting plugin LocationServicesBPLibrary
LogPluginManager: Mounting plugin MobilePatchingUtils
LogPluginManager: Mounting plugin OculusVR
LogPluginManager: Mounting plugin PhysXVehicles
LogPluginManager: Mounting plugin ProceduralMeshComponent
LogPluginManager: Mounting plugin RuntimePhysXCooking
LogPluginManager: Mounting plugin SteamVR
LogPluginManager: Mounting plugin WebMMoviePlayer
LogPluginManager: Mounting plugin WindowsMoviePlayer
LogStreaming: Display: Took  0.117s to configure plugins.
LogInit: Using libcurl 7.55.1-DEV
LogInit:  - built for x86_64-pc-win32
LogInit:  - supports SSL with OpenSSL/1.0.2h
LogInit:  - supports HTTP deflate (compression) using libz 1.2.8
LogInit:  - other features:
LogInit:      CURL_VERSION_SSL
LogInit:      CURL_VERSION_LIBZ
LogInit:      CURL_VERSION_IPV6
LogInit:      CURL_VERSION_ASYNCHDNS
LogInit:      CURL_VERSION_LARGEFILE
LogInit:      CURL_VERSION_IDN
LogInit:  CurlRequestOptions (configurable via config and command line):
LogInit:  - bVerifyPeer = true  - Libcurl will verify peer certificate
LogInit:  - bUseHttpProxy = false  - Libcurl will NOT use HTTP proxy
LogInit:  - bDontReuseConnections = false  - Libcurl will reuse connections
LogInit:  - MaxHostConnections = 16  - Libcurl will limit the number of connections to a host
LogInit:  - LocalHostAddr = Default
LogInit:  - BufferSize = 65536
LogInit: WinSock: version 1.1 (2.2), MaxSocks=32767, MaxUdp=65467
LogInit: Build: ++UE4+Release-4.21-CL-4753647
LogInit: Engine Version: 4.21.2-4753647+++UE4+Release-4.21
LogInit: Compatible Engine Version: 4.21.0-4541578+++UE4+Release-4.21
LogInit: Net CL: 4541578
LogInit: OS: Windows 10 (), CPU: AMD Ryzen 7 1700 Eight-Core Processor          , GPU: Radeon (TM) RX 480 Graphics
LogInit: Compiled (64-bit): Jan 19 2019 02:07:31
LogInit: Compiled with Visual C++: 19.13.26129.00
LogInit: Build Configuration: Development
LogInit: Branch Name: ++UE4+Release-4.21
LogInit: Command Line:  /Game/ThirdPersonBP/Maps/Level01 -game -PIEVIACONSOLE -ResX=1280 -ResY=720 -Multiprocess -messaging -SessionName="Play in Standalone Game" -featureleveles2 -faketouches -MultiprocessSaveConfig -windowed
LogInit: Base Directory: D:/Epic/Epic Games/UE_4.21/Engine/Binaries/Win64/
LogInit: Installed Engine Build: 1
LogDevObjectVersion: Number of dev versions registered: 22
LogDevObjectVersion:   Dev-Blueprints (B0D832E4-1F89-4F0D-ACCF-7EB736FD4AA2): 10
LogDevObjectVersion:   Dev-Build (E1C64328-A22C-4D53-A36C-8E866417BD8C): 0
LogDevObjectVersion:   Dev-Core (375EC13C-06E4-48FB-B500-84F0262A717E): 2
LogDevObjectVersion:   Dev-Editor (E4B068ED-F494-42E9-A231-DA0B2E46BB41): 26
LogDevObjectVersion:   Dev-Framework (CFFC743F-43B0-4480-9391-14DF171D2073): 34
LogDevObjectVersion:   Dev-Mobile (B02B49B5-BB20-44E9-A304-32B752E40360): 2
LogDevObjectVersion:   Dev-Networking (A4E4105C-59A1-49B5-A7C5-40C4547EDFEE): 0
LogDevObjectVersion:   Dev-Online (39C831C9-5AE6-47DC-9A44-9C173E1C8E7C): 0
LogDevObjectVersion:   Dev-Physics (78F01B33-EBEA-4F98-B9B4-84EACCB95AA2): 0
LogDevObjectVersion:   Dev-Platform (6631380F-2D4D-43E0-8009-CF276956A95A): 0
LogDevObjectVersion:   Dev-Rendering (12F88B9F-8875-4AFC-A67C-D90C383ABD29): 27
LogDevObjectVersion:   Dev-Sequencer (7B5AE74C-D270-4C10-A958-57980B212A5A): 9
LogDevObjectVersion:   Dev-VR (D7296918-1DD6-4BDD-9DE2-64A83CC13884): 2
LogDevObjectVersion:   Dev-LoadTimes (C2A15278-BFE7-4AFE-6C17-90FF531DF755): 1
LogDevObjectVersion:   Private-Geometry (6EACA3D4-40EC-4CC1-B786-8BED09428FC5): 3
LogDevObjectVersion:   Dev-AnimPhys (29E575DD-E0A3-4627-9D10-D276232CDCEA): 17
LogDevObjectVersion:   Dev-Anim (AF43A65D-7FD3-4947-9873-3E8ED9C1BB05): 2
LogDevObjectVersion:   Dev-ReflectionCapture (6B266CEC-1EC7-4B8F-A30B-E4D90942FC07): 1
LogDevObjectVersion:   Dev-Automation (0DF73D61-A23F-47EA-B727-89E90C41499A): 1
LogDevObjectVersion:   FortniteMain (601D1886-AC64-4F84-AA16-D3DE0DEAC7D6): 17
LogDevObjectVersion:   Dev-Enterprise (9DFFBCD6-494F-0158-E221-12823C92A888): 4
LogDevObjectVersion:   Dev-Niagara (F2AED0AC-9AFE-416F-8664-AA7FFA26D6FC): 1
LogStreaming: Display: Took  0.010s to delete old logs.
LogInit: Presizing for max 8388607 objects, including 0 objects not considered by GC, pre-allocating 0 bytes for permanent pool.
LogInit: Object subsystem initialized
LogConfig: Setting CVar [[con.DebugEarlyDefault:1]]
LogConfig: Setting CVar [[r.setres:1280x720]]
[2019.09.12-04.19.05:254][  0]LogConfig: Setting CVar [[con.DebugEarlyDefault:1]]
[2019.09.12-04.19.05:254][  0]LogConfig: Setting CVar [[r.setres:1280x720]]
[2019.09.12-04.19.05:254][  0]LogConfig: Applying CVar settings from Section [/Script/Engine.RendererSettings] File [D:/GitHub/PuzzleMobile/PuzzleMobile/Saved/Config/Windows/Engine.ini]
[2019.09.12-04.19.05:254][  0]LogConfig: Setting CVar [[r.GPUCrashDebugging:0]]
[2019.09.12-04.19.05:254][  0]LogConfig: Setting CVar [[r.MobileHDR:1]]
[2019.09.12-04.19.05:254][  0]LogConfig: Setting CVar [[r.Mobile.DisableVertexFog:1]]
[2019.09.12-04.19.05:255][  0]LogConfig: Setting CVar [[r.Shadow.CSM.MaxMobileCascades:2]]
[2019.09.12-04.19.05:255][  0]LogConfig: Setting CVar [[r.MobileMSAA:1]]
[2019.09.12-04.19.05:255][  0]LogConfig: Setting CVar [[r.Mobile.UseLegacyShadingModel:0]]
[2019.09.12-04.19.05:255][  0]LogConfig: Setting CVar [[r.Mobile.AllowDitheredLODTransition:0]]
[2019.09.12-04.19.05:255][  0]LogConfig: Setting CVar [[r.Mobile.AllowSoftwareOcclusion:0]]
[2019.09.12-04.19.05:255][  0]LogConfig: Setting CVar [[r.DiscardUnusedQuality:0]]
[2019.09.12-04.19.05:255][  0]LogConfig: Setting CVar [[r.AllowOcclusionQueries:1]]
[2019.09.12-04.19.05:255][  0]LogConfig: Setting CVar [[r.MinScreenRadiusForLights:0.030000]]
[2019.09.12-04.19.05:255][  0]LogConfig: Setting CVar [[r.MinScreenRadiusForDepthPrepass:0.030000]]
[2019.09.12-04.19.05:255][  0]LogConfig: Setting CVar [[r.MinScreenRadiusForCSMDepth:0.010000]]
[2019.09.12-04.19.05:255][  0]LogConfig: Setting CVar [[r.PrecomputedVisibilityWarning:0]]
[2019.09.12-04.19.05:255][  0]LogConfig: Setting CVar [[r.TextureStreaming:1]]
[2019.09.12-04.19.05:255][  0]LogConfig: Setting CVar [[Compat.UseDXT5NormalMaps:0]]
[2019.09.12-04.19.05:255][  0]LogConfig: Setting CVar [[r.ClearCoatNormal:0]]
[2019.09.12-04.19.05:255][  0]LogConfig: Setting CVar [[r.ReflectionCaptureResolution:128]]
[2019.09.12-04.19.05:255][  0]LogConfig: Setting CVar [[r.ReflectionEnvironmentLightmapMixBasedOnRoughness:1]]
[2019.09.12-04.19.05:255][  0]LogConfig: Setting CVar [[r.ForwardShading:0]]
[2019.09.12-04.19.05:255][  0]LogConfig: Setting CVar [[r.VertexFoggingForOpaque:1]]
[2019.09.12-04.19.05:255][  0]LogConfig: Setting CVar [[r.AllowStaticLighting:1]]
[2019.09.12-04.19.05:255][  0]LogConfig: Setting CVar [[r.NormalMapsForStaticLighting:0]]
[2019.09.12-04.19.05:255][  0]LogConfig: Setting CVar [[r.GenerateMeshDistanceFields:0]]
[2019.09.12-04.19.05:255][  0]LogConfig: Setting CVar [[r.DistanceFieldBuild.EightBit:0]]
[2019.09.12-04.19.05:255][  0]LogConfig: Setting CVar [[r.GenerateLandscapeGIData:0]]
[2019.09.12-04.19.05:255][  0]LogConfig: Setting CVar [[r.DistanceFieldBuild.Compress:0]]
[2019.09.12-04.19.05:255][  0]LogConfig: Setting CVar [[r.TessellationAdaptivePixelsPerTriangle:48.000000]]
[2019.09.12-04.19.05:255][  0]LogConfig: Setting CVar [[r.SeparateTranslucency:0]]
[2019.09.12-04.19.05:255][  0]LogConfig: Setting CVar [[r.TranslucentSortPolicy:0]]
[2019.09.12-04.19.05:255][  0]LogConfig: Setting CVar [[r.CustomDepth:1]]
[2019.09.12-04.19.05:255][  0]LogConfig: Setting CVar [[r.CustomDepthTemporalAAJitter:1]]
[2019.09.12-04.19.05:255][  0]LogConfig: Setting CVar [[r.PostProcessing.PropagateAlpha:0]]
[2019.09.12-04.19.05:255][  0]LogConfig: Setting CVar [[r.DOF.Algorithm:1]]
[2019.09.12-04.19.05:255][  0]LogConfig: Setting CVar [[r.DefaultFeature.Bloom:1]]
[2019.09.12-04.19.05:255][  0]LogConfig: Setting CVar [[r.DefaultFeature.AmbientOcclusion:0]]
[2019.09.12-04.19.05:255][  0]LogConfig: Setting CVar [[r.DefaultFeature.AmbientOcclusionStaticFraction:1]]
[2019.09.12-04.19.05:255][  0]LogConfig: Setting CVar [[r.DefaultFeature.AutoExposure:0]]
[2019.09.12-04.19.05:255][  0]LogConfig: Setting CVar [[r.DefaultFeature.AutoExposure.Method:0]]
[2019.09.12-04.19.05:255][  0]LogConfig: Setting CVar [[r.DefaultFeature.AutoExposure.ExtendDefaultLuminanceRange:0]]
[2019.09.12-04.19.05:255][  0]LogConfig: Setting CVar [[r.UsePreExposure:0]]
[2019.09.12-04.19.05:255][  0]LogConfig: Setting CVar [[r.DefaultFeature.MotionBlur:0]]
[2019.09.12-04.19.05:255][  0]LogConfig: Setting CVar [[r.DefaultFeature.LensFlare:0]]
[2019.09.12-04.19.05:255][  0]LogConfig: Setting CVar [[r.TemporalAA.Upsampling:0]]
[2019.09.12-04.19.05:255][  0]LogConfig: Setting CVar [[r.DefaultFeature.AntiAliasing:0]]
[2019.09.12-04.19.05:255][  0]LogConfig: Setting CVar [[r.DefaultFeature.LightUnits:1]]
[2019.09.12-04.19.05:255][  0]LogConfig: Setting CVar [[r.DefaultBackBufferPixelFormat:4]]
[2019.09.12-04.19.05:255][  0]LogConfig: Setting CVar [[r.Shadow.UnbuiltPreviewInGame:1]]
[2019.09.12-04.19.05:255][  0]LogConfig: Setting CVar [[r.StencilForLODDither:0]]
[2019.09.12-04.19.05:255][  0]LogConfig: Setting CVar [[r.EarlyZPass:3]]
[2019.09.12-04.19.05:255][  0]LogConfig: Setting CVar [[r.EarlyZPassMovable:1]]
[2019.09.12-04.19.05:255][  0]LogConfig: Setting CVar [[r.EarlyZPassOnlyMaterialMasking:0]]
[2019.09.12-04.19.05:255][  0]LogConfig: Setting CVar [[r.DBuffer:1]]
[2019.09.12-04.19.05:255][  0]LogConfig: Setting CVar [[r.ClearSceneMethod:1]]
[2019.09.12-04.19.05:255][  0]LogConfig: Setting CVar [[r.BasePassOutputsVelocity:0]]
[2019.09.12-04.19.05:255][  0]LogConfig: Setting CVar [[r.SelectiveBasePassOutputs:0]]
[2019.09.12-04.19.05:255][  0]LogConfig: Setting CVar [[fx.GPUSimulationTextureSizeX:1024]]
[2019.09.12-04.19.05:255][  0]LogConfig: Setting CVar [[fx.GPUSimulationTextureSizeY:1024]]
[2019.09.12-04.19.05:255][  0]LogConfig: Setting CVar [[r.AllowGlobalClipPlane:0]]
[2019.09.12-04.19.05:255][  0]LogConfig: Setting CVar [[r.GBufferFormat:1]]
[2019.09.12-04.19.05:255][  0]LogConfig: Setting CVar [[r.MorphTarget.Mode:1]]
[2019.09.12-04.19.05:255][  0]LogConfig: Setting CVar [[vr.InstancedStereo:0]]
[2019.09.12-04.19.05:255][  0]LogConfig: Setting CVar [[vr.MultiView:0]]
[2019.09.12-04.19.05:255][  0]LogConfig: Setting CVar [[vr.MobileMultiView:0]]
[2019.09.12-04.19.05:255][  0]LogConfig: Setting CVar [[vr.MobileMultiView.Direct:0]]
[2019.09.12-04.19.05:255][  0]LogConfig: Setting CVar [[vr.MonoscopicFarField:0]]
[2019.09.12-04.19.05:255][  0]LogConfig: Setting CVar [[vr.RoundRobinOcclusion:0]]
[2019.09.12-04.19.05:255][  0]LogConfig: Setting CVar [[vr.ODSCapture:0]]
[2019.09.12-04.19.05:255][  0]LogConfig: Setting CVar [[r.WireframeCullThreshold:5.000000]]
[2019.09.12-04.19.05:255][  0]LogConfig: Setting CVar [[r.SupportStationarySkylight:1]]
[2019.09.12-04.19.05:255][  0]LogConfig: Setting CVar [[r.SupportLowQualityLightmaps:1]]
[2019.09.12-04.19.05:256][  0]LogConfig: Setting CVar [[r.SupportPointLightWholeSceneShadows:1]]
[2019.09.12-04.19.05:256][  0]LogConfig: Setting CVar [[r.SupportAtmosphericFog:1]]
[2019.09.12-04.19.05:256][  0]LogConfig: Setting CVar [[r.SkinCache.CompileShaders:0]]
[2019.09.12-04.19.05:256][  0]LogConfig: Setting CVar [[r.Mobile.EnableStaticAndCSMShadowReceivers:1]]
[2019.09.12-04.19.05:256][  0]LogConfig: Setting CVar [[r.Mobile.EnableMovableLightCSMShaderCulling:1]]
[2019.09.12-04.19.05:256][  0]LogConfig: Setting CVar [[r.Mobile.AllowDistanceFieldShadows:1]]
[2019.09.12-04.19.05:256][  0]LogConfig: Setting CVar [[r.Mobile.AllowMovableDirectionalLights:1]]
[2019.09.12-04.19.05:256][  0]LogConfig: Setting CVar [[r.MobileNumDynamicPointLights:4]]
[2019.09.12-04.19.05:256][  0]LogConfig: Setting CVar [[r.MobileDynamicPointLightsUseStaticBranch:1]]
[2019.09.12-04.19.05:256][  0]LogConfig: Setting CVar [[r.SkinCache.SceneMemoryLimitInMB:128.000000]]
[2019.09.12-04.19.05:256][  0]LogConfig: Setting CVar [[r.GPUSkin.Limit2BoneInfluences:0]]
[2019.09.12-04.19.05:256][  0]LogConfig: Setting CVar [[r.SupportDepthOnlyIndexBuffers:1]]
[2019.09.12-04.19.05:256][  0]LogConfig: Setting CVar [[r.SupportReversedIndexBuffers:1]]
[2019.09.12-04.19.05:256][  0]LogConfig: Setting CVar [[r.SupportMaterialLayers:0]]
[2019.09.12-04.19.05:256][  0]LogConfig: Applying CVar settings from Section [/Script/Engine.RendererOverrideSettings] File [D:/GitHub/PuzzleMobile/PuzzleMobile/Saved/Config/Windows/Engine.ini]
[2019.09.12-04.19.05:256][  0]LogConfig: Applying CVar settings from Section [/Script/Engine.StreamingSettings] File [D:/GitHub/PuzzleMobile/PuzzleMobile/Saved/Config/Windows/Engine.ini]
[2019.09.12-04.19.05:256][  0]LogConfig: Setting CVar [[s.MinBulkDataSizeForAsyncLoading:131072]]
[2019.09.12-04.19.05:256][  0]LogConfig: Setting CVar [[s.AsyncLoadingThreadEnabled:0]]
[2019.09.12-04.19.05:256][  0]LogConfig: Setting CVar [[s.EventDrivenLoaderEnabled:1]]
[2019.09.12-04.19.05:256][  0]LogConfig: Setting CVar [[s.WarnIfTimeLimitExceeded:0]]
[2019.09.12-04.19.05:256][  0]LogConfig: Setting CVar [[s.TimeLimitExceededMultiplier:1.5]]
[2019.09.12-04.19.05:256][  0]LogConfig: Setting CVar [[s.TimeLimitExceededMinTime:0.005]]
[2019.09.12-04.19.05:256][  0]LogConfig: Setting CVar [[s.UseBackgroundLevelStreaming:1]]
[2019.09.12-04.19.05:256][  0]LogConfig: Setting CVar [[s.PriorityAsyncLoadingExtraTime:15.0]]
[2019.09.12-04.19.05:256][  0]LogConfig: Setting CVar [[s.LevelStreamingActorsUpdateTimeLimit:5.0]]
[2019.09.12-04.19.05:256][  0]LogConfig: Setting CVar [[s.PriorityLevelStreamingActorsUpdateExtraTime:5.0]]
[2019.09.12-04.19.05:256][  0]LogConfig: Setting CVar [[s.LevelStreamingComponentsRegistrationGranularity:10]]
[2019.09.12-04.19.05:256][  0]LogConfig: Setting CVar [[s.UnregisterComponentsTimeLimit:1.0]]
[2019.09.12-04.19.05:256][  0]LogConfig: Setting CVar [[s.LevelStreamingComponentsUnregistrationGranularity:5]]
[2019.09.12-04.19.05:256][  0]LogConfig: Applying CVar settings from Section [/Script/Engine.GarbageCollectionSettings] File [D:/GitHub/PuzzleMobile/PuzzleMobile/Saved/Config/Windows/Engine.ini]
[2019.09.12-04.19.05:256][  0]LogConfig: Setting CVar [[gc.MaxObjectsNotConsideredByGC:1]]
[2019.09.12-04.19.05:256][  0]LogConfig: Setting CVar [[gc.SizeOfPermanentObjectPool:0]]
[2019.09.12-04.19.05:256][  0]LogConfig: Setting CVar [[gc.FlushStreamingOnGC:0]]
[2019.09.12-04.19.05:256][  0]LogConfig: Setting CVar [[gc.NumRetriesBeforeForcingGC:10]]
[2019.09.12-04.19.05:256][  0]LogConfig: Setting CVar [[gc.AllowParallelGC:1]]
[2019.09.12-04.19.05:256][  0]LogConfig: Setting CVar [[gc.TimeBetweenPurgingPendingKillObjects:61.1]]
[2019.09.12-04.19.05:256][  0]LogConfig: Setting CVar [[gc.MaxObjectsInEditor:8388607]]
[2019.09.12-04.19.05:256][  0]LogConfig: Setting CVar [[gc.IncrementalBeginDestroyEnabled:1]]
[2019.09.12-04.19.05:256][  0]LogConfig: Setting CVar [[gc.CreateGCClusters:1]]
[2019.09.12-04.19.05:256][  0]LogConfig: Setting CVar [[gc.MergeGCClusters:0]]
[2019.09.12-04.19.05:256][  0]LogConfig: Setting CVar [[gc.MinGCClusterSize:5]]
[2019.09.12-04.19.05:256][  0]LogConfig: Setting CVar [[gc.ActorClusteringEnabled:0]]
[2019.09.12-04.19.05:256][  0]LogConfig: Setting CVar [[gc.BlueprintClusteringEnabled:0]]
[2019.09.12-04.19.05:256][  0]LogConfig: Setting CVar [[gc.UseDisregardForGCOnDedicatedServers:0]]
[2019.09.12-04.19.05:256][  0]LogConfig: Applying CVar settings from Section [/Script/Engine.NetworkSettings] File [D:/GitHub/PuzzleMobile/PuzzleMobile/Saved/Config/Windows/Engine.ini]
[2019.09.12-04.19.05:256][  0]LogConfig: Applying CVar settings from Section [/Script/UnrealEd.CookerSettings] File [D:/GitHub/PuzzleMobile/PuzzleMobile/Saved/Config/Windows/Engine.ini]
[2019.09.12-04.19.05:270][  0]LogConfig: Applying CVar settings from Section [ViewDistanceQuality@3] File [D:/GitHub/PuzzleMobile/PuzzleMobile/Saved/Config/Windows/Scalability.ini]
[2019.09.12-04.19.05:270][  0]LogConfig: Setting CVar [[r.SkeletalMeshLODBias:0]]
[2019.09.12-04.19.05:270][  0]LogConfig: Setting CVar [[r.ViewDistanceScale:1.0]]
[2019.09.12-04.19.05:270][  0]LogConfig: Applying CVar settings from Section [AntiAliasingQuality@3] File [D:/GitHub/PuzzleMobile/PuzzleMobile/Saved/Config/Windows/Scalability.ini]
[2019.09.12-04.19.05:270][  0]LogConfig: Setting CVar [[r.PostProcessAAQuality:4]]
[2019.09.12-04.19.05:270][  0]LogConfig: Applying CVar settings from Section [ShadowQuality@3] File [D:/GitHub/PuzzleMobile/PuzzleMobile/Saved/Config/Windows/Scalability.ini]
[2019.09.12-04.19.05:270][  0]LogConfig: Setting CVar [[r.LightFunctionQuality:1]]
[2019.09.12-04.19.05:270][  0]LogConfig: Setting CVar [[r.ShadowQuality:5]]
[2019.09.12-04.19.05:270][  0]LogConfig: Setting CVar [[r.Shadow.CSM.MaxCascades:10]]
[2019.09.12-04.19.05:270][  0]LogConfig: Setting CVar [[r.Shadow.MaxResolution:2048]]
[2019.09.12-04.19.05:270][  0]LogConfig: Setting CVar [[r.Shadow.MaxCSMResolution:2048]]
[2019.09.12-04.19.05:270][  0]LogConfig: Setting CVar [[r.Shadow.RadiusThreshold:0.01]]
[2019.09.12-04.19.05:270][  0]LogConfig: Setting CVar [[r.Shadow.DistanceScale:1.0]]
[2019.09.12-04.19.05:270][  0]LogConfig: Setting CVar [[r.Shadow.CSM.TransitionScale:1.0]]
[2019.09.12-04.19.05:270][  0]LogConfig: Setting CVar [[r.Shadow.PreShadowResolutionFactor:1.0]]
[2019.09.12-04.19.05:270][  0]LogConfig: Setting CVar [[r.DistanceFieldShadowing:1]]
[2019.09.12-04.19.05:270][  0]LogConfig: Setting CVar [[r.DistanceFieldAO:1]]
[2019.09.12-04.19.05:271][  0]LogConfig: Setting CVar [[r.AOQuality:2]]
[2019.09.12-04.19.05:271][  0]LogConfig: Setting CVar [[r.VolumetricFog:1]]
[2019.09.12-04.19.05:271][  0]LogConfig: Setting CVar [[r.VolumetricFog.GridPixelSize:8]]
[2019.09.12-04.19.05:271][  0]LogConfig: Setting CVar [[r.VolumetricFog.GridSizeZ:128]]
[2019.09.12-04.19.05:271][  0]LogConfig: Setting CVar [[r.VolumetricFog.HistoryMissSupersampleCount:4]]
[2019.09.12-04.19.05:271][  0]LogConfig: Setting CVar [[r.LightMaxDrawDistanceScale:1]]
[2019.09.12-04.19.05:271][  0]LogConfig: Setting CVar [[r.CapsuleShadows:1]]
[2019.09.12-04.19.05:271][  0]LogConfig: Applying CVar settings from Section [PostProcessQuality@3] File [D:/GitHub/PuzzleMobile/PuzzleMobile/Saved/Config/Windows/Scalability.ini]
[2019.09.12-04.19.05:271][  0]LogConfig: Setting CVar [[r.MotionBlurQuality:4]]
[2019.09.12-04.19.05:271][  0]LogConfig: Setting CVar [[r.AmbientOcclusionMipLevelFactor:0.4]]
[2019.09.12-04.19.05:271][  0]LogConfig: Setting CVar [[r.AmbientOcclusionMaxQuality:100]]
[2019.09.12-04.19.05:271][  0]LogConfig: Setting CVar [[r.AmbientOcclusionLevels:-1]]
[2019.09.12-04.19.05:271][  0]LogConfig: Setting CVar [[r.AmbientOcclusionRadiusScale:1.0]]
[2019.09.12-04.19.05:271][  0]LogConfig: Setting CVar [[r.DepthOfFieldQuality:2]]
[2019.09.12-04.19.05:271][  0]LogConfig: Setting CVar [[r.RenderTargetPoolMin:400]]
[2019.09.12-04.19.05:271][  0]LogConfig: Setting CVar [[r.LensFlareQuality:2]]
[2019.09.12-04.19.05:271][  0]LogConfig: Setting CVar [[r.SceneColorFringeQuality:1]]
[2019.09.12-04.19.05:271][  0]LogConfig: Setting CVar [[r.EyeAdaptationQuality:2]]
[2019.09.12-04.19.05:271][  0]LogConfig: Setting CVar [[r.BloomQuality:5]]
[2019.09.12-04.19.05:271][  0]LogConfig: Setting CVar [[r.FastBlurThreshold:100]]
[2019.09.12-04.19.05:271][  0]LogConfig: Setting CVar [[r.Upscale.Quality:3]]
[2019.09.12-04.19.05:271][  0]LogConfig: Setting CVar [[r.Tonemapper.GrainQuantization:1]]
[2019.09.12-04.19.05:271][  0]LogConfig: Setting CVar [[r.LightShaftQuality:1]]
[2019.09.12-04.19.05:271][  0]LogConfig: Setting CVar [[r.Filter.SizeScale:1]]
[2019.09.12-04.19.05:271][  0]LogConfig: Setting CVar [[r.Tonemapper.Quality:5]]
[2019.09.12-04.19.05:271][  0]LogConfig: Setting CVar [[r.DOF.Gather.AccumulatorQuality:1        ; higher gathering accumulator quality]]
[2019.09.12-04.19.05:271][  0]LogConfig: Setting CVar [[r.DOF.Gather.PostfilterMethod:1          ; Median3x3 postfilering method]]
[2019.09.12-04.19.05:271][  0]LogConfig: Setting CVar [[r.DOF.Gather.EnableBokehSettings:0       ; no bokeh simulation when gathering]]
[2019.09.12-04.19.05:271][  0]LogConfig: Setting CVar [[r.DOF.Gather.RingCount:4                 ; medium number of samples when gathering]]
[2019.09.12-04.19.05:271][  0]LogConfig: Setting CVar [[r.DOF.Scatter.ForegroundCompositing:1    ; additive foreground scattering]]
[2019.09.12-04.19.05:271][  0]LogConfig: Setting CVar [[r.DOF.Scatter.BackgroundCompositing:2    ; additive background scattering]]
[2019.09.12-04.19.05:271][  0]LogConfig: Setting CVar [[r.DOF.Scatter.EnableBokehSettings:1      ; bokeh simulation when scattering]]
[2019.09.12-04.19.05:271][  0]LogConfig: Setting CVar [[r.DOF.Scatter.MaxSpriteRatio:0.1         ; only a maximum of 10% of scattered bokeh]]
[2019.09.12-04.19.05:271][  0]LogConfig: Setting CVar [[r.DOF.Recombine.Quality:1                ; cheap slight out of focus]]
[2019.09.12-04.19.05:271][  0]LogConfig: Setting CVar [[r.DOF.Recombine.EnableBokehSettings:0    ; no bokeh simulation on slight out of focus]]
[2019.09.12-04.19.05:271][  0]LogConfig: Setting CVar [[r.DOF.TemporalAAQuality:1                ; more stable temporal accumulation]]
[2019.09.12-04.19.05:271][  0]LogConfig: Setting CVar [[r.DOF.Kernel.MaxForegroundRadius:0.025]]
[2019.09.12-04.19.05:271][  0]LogConfig: Setting CVar [[r.DOF.Kernel.MaxBackgroundRadius:0.025]]
[2019.09.12-04.19.05:271][  0]LogConfig: Applying CVar settings from Section [TextureQuality@3] File [D:/GitHub/PuzzleMobile/PuzzleMobile/Saved/Config/Windows/Scalability.ini]
[2019.09.12-04.19.05:271][  0]LogConfig: Setting CVar [[r.Streaming.MipBias:0]]
[2019.09.12-04.19.05:272][  0]LogConfig: Setting CVar [[r.Streaming.AmortizeCPUToGPUCopy:0]]
[2019.09.12-04.19.05:272][  0]LogConfig: Setting CVar [[r.Streaming.MaxNumTexturesToStreamPerFrame:0]]
[2019.09.12-04.19.05:272][  0]LogConfig: Setting CVar [[r.Streaming.Boost:1]]
[2019.09.12-04.19.05:272][  0]LogConfig: Setting CVar [[r.MaxAnisotropy:8]]
[2019.09.12-04.19.05:272][  0]LogConfig: Setting CVar [[r.Streaming.LimitPoolSizeToVRAM:0]]
[2019.09.12-04.19.05:272][  0]LogConfig: Setting CVar [[r.Streaming.PoolSize:1000]]
[2019.09.12-04.19.05:272][  0]LogConfig: Setting CVar [[r.Streaming.MaxEffectiveScreenSize:0]]
[2019.09.12-04.19.05:272][  0]LogConfig: Applying CVar settings from Section [EffectsQuality@3] File [D:/GitHub/PuzzleMobile/PuzzleMobile/Saved/Config/Windows/Scalability.ini]
[2019.09.12-04.19.05:272][  0]LogConfig: Setting CVar [[r.TranslucencyLightingVolumeDim:64]]
[2019.09.12-04.19.05:272][  0]LogConfig: Setting CVar [[r.RefractionQuality:2]]
[2019.09.12-04.19.05:272][  0]LogConfig: Setting CVar [[r.SSR.Quality:3]]
[2019.09.12-04.19.05:272][  0]LogConfig: Setting CVar [[r.SceneColorFormat:4]]
[2019.09.12-04.19.05:272][  0]LogConfig: Setting CVar [[r.DetailMode:2]]
[2019.09.12-04.19.05:272][  0]LogConfig: Setting CVar [[r.TranslucencyVolumeBlur:1]]
[2019.09.12-04.19.05:272][  0]LogConfig: Setting CVar [[r.MaterialQualityLevel:1 ; High quality]]
[2019.09.12-04.19.05:272][  0]LogConfig: Setting CVar [[r.SSS.Scale:1]]
[2019.09.12-04.19.05:272][  0]LogConfig: Setting CVar [[r.SSS.SampleSet:2]]
[2019.09.12-04.19.05:272][  0]LogConfig: Setting CVar [[r.SSS.Quality:1]]
[2019.09.12-04.19.05:272][  0]LogConfig: Setting CVar [[r.SSS.HalfRes:1]]
[2019.09.12-04.19.05:272][  0]LogConfig: Setting CVar [[r.EmitterSpawnRateScale:1.0]]
[2019.09.12-04.19.05:272][  0]LogConfig: Setting CVar [[r.ParticleLightQuality:2]]
[2019.09.12-04.19.05:272][  0]LogConfig: Applying CVar settings from Section [FoliageQuality@3] File [D:/GitHub/PuzzleMobile/PuzzleMobile/Saved/Config/Windows/Scalability.ini]
[2019.09.12-04.19.05:272][  0]LogConfig: Setting CVar [[foliage.DensityScale:1.0]]
[2019.09.12-04.19.05:272][  0]LogConfig: Setting CVar [[grass.DensityScale:1.0]]
[2019.09.12-04.19.05:272][  0]LogInit: Selected Device Profile: [Windows]
[2019.09.12-04.19.05:272][  0]LogInit: Applying CVar settings loaded from the selected device profile: [Windows]
[2019.09.12-04.19.05:277][  0]LogHAL: Display: Platform has ~ 16 GB [17130438656 / 17179869184 / 16], which maps to Larger [LargestMinGB=32, LargerMinGB=12, DefaultMinGB=8, SmallerMinGB=6, SmallestMinGB=0)
[2019.09.12-04.19.05:277][  0]LogConfig: Setting CVar [[r.Vulkan.UseRealUBs:1]]
[2019.09.12-04.19.05:277][  0]LogInit: Going up to parent DeviceProfile []
[2019.09.12-04.19.05:278][  0]LogConfig: Applying CVar settings from Section [ViewDistanceQuality@3] File [D:/GitHub/PuzzleMobile/PuzzleMobile/Saved/Config/Windows/Scalability.ini]
[2019.09.12-04.19.05:278][  0]LogConfig: Setting CVar [[r.SkeletalMeshLODBias:0]]
[2019.09.12-04.19.05:278][  0]LogConfig: Setting CVar [[r.ViewDistanceScale:1.0]]
[2019.09.12-04.19.05:278][  0]LogConfig: Applying CVar settings from Section [AntiAliasingQuality@3] File [D:/GitHub/PuzzleMobile/PuzzleMobile/Saved/Config/Windows/Scalability.ini]
[2019.09.12-04.19.05:278][  0]LogConfig: Setting CVar [[r.PostProcessAAQuality:4]]
[2019.09.12-04.19.05:278][  0]LogConfig: Applying CVar settings from Section [ShadowQuality@3] File [D:/GitHub/PuzzleMobile/PuzzleMobile/Saved/Config/Windows/Scalability.ini]
[2019.09.12-04.19.05:278][  0]LogConfig: Setting CVar [[r.LightFunctionQuality:1]]
[2019.09.12-04.19.05:278][  0]LogConfig: Setting CVar [[r.ShadowQuality:5]]
[2019.09.12-04.19.05:278][  0]LogConfig: Setting CVar [[r.Shadow.CSM.MaxCascades:10]]
[2019.09.12-04.19.05:278][  0]LogConfig: Setting CVar [[r.Shadow.MaxResolution:2048]]
[2019.09.12-04.19.05:278][  0]LogConfig: Setting CVar [[r.Shadow.MaxCSMResolution:2048]]
[2019.09.12-04.19.05:278][  0]LogConfig: Setting CVar [[r.Shadow.RadiusThreshold:0.01]]
[2019.09.12-04.19.05:278][  0]LogConfig: Setting CVar [[r.Shadow.DistanceScale:1.0]]
[2019.09.12-04.19.05:278][  0]LogConfig: Setting CVar [[r.Shadow.CSM.TransitionScale:1.0]]
[2019.09.12-04.19.05:278][  0]LogConfig: Setting CVar [[r.Shadow.PreShadowResolutionFactor:1.0]]
[2019.09.12-04.19.05:278][  0]LogConfig: Setting CVar [[r.DistanceFieldShadowing:1]]
[2019.09.12-04.19.05:278][  0]LogConfig: Setting CVar [[r.DistanceFieldAO:1]]
[2019.09.12-04.19.05:278][  0]LogConfig: Setting CVar [[r.AOQuality:2]]
[2019.09.12-04.19.05:278][  0]LogConfig: Setting CVar [[r.VolumetricFog:1]]
[2019.09.12-04.19.05:278][  0]LogConfig: Setting CVar [[r.VolumetricFog.GridPixelSize:8]]
[2019.09.12-04.19.05:278][  0]LogConfig: Setting CVar [[r.VolumetricFog.GridSizeZ:128]]
[2019.09.12-04.19.05:278][  0]LogConfig: Setting CVar [[r.VolumetricFog.HistoryMissSupersampleCount:4]]
[2019.09.12-04.19.05:278][  0]LogConfig: Setting CVar [[r.LightMaxDrawDistanceScale:1]]
[2019.09.12-04.19.05:278][  0]LogConfig: Setting CVar [[r.CapsuleShadows:1]]
[2019.09.12-04.19.05:278][  0]LogConfig: Applying CVar settings from Section [PostProcessQuality@3] File [D:/GitHub/PuzzleMobile/PuzzleMobile/Saved/Config/Windows/Scalability.ini]
[2019.09.12-04.19.05:278][  0]LogConfig: Setting CVar [[r.MotionBlurQuality:4]]
[2019.09.12-04.19.05:278][  0]LogConfig: Setting CVar [[r.AmbientOcclusionMipLevelFactor:0.4]]
[2019.09.12-04.19.05:278][  0]LogConfig: Setting CVar [[r.AmbientOcclusionMaxQuality:100]]
[2019.09.12-04.19.05:278][  0]LogConfig: Setting CVar [[r.AmbientOcclusionLevels:-1]]
[2019.09.12-04.19.05:278][  0]LogConfig: Setting CVar [[r.AmbientOcclusionRadiusScale:1.0]]
[2019.09.12-04.19.05:278][  0]LogConfig: Setting CVar [[r.DepthOfFieldQuality:2]]
[2019.09.12-04.19.05:278][  0]LogConfig: Setting CVar [[r.RenderTargetPoolMin:400]]
[2019.09.12-04.19.05:278][  0]LogConfig: Setting CVar [[r.LensFlareQuality:2]]
[2019.09.12-04.19.05:278][  0]LogConfig: Setting CVar [[r.SceneColorFringeQuality:1]]
[2019.09.12-04.19.05:278][  0]LogConfig: Setting CVar [[r.EyeAdaptationQuality:2]]
[2019.09.12-04.19.05:278][  0]LogConfig: Setting CVar [[r.BloomQuality:5]]
[2019.09.12-04.19.05:278][  0]LogConfig: Setting CVar [[r.FastBlurThreshold:100]]
[2019.09.12-04.19.05:278][  0]LogConfig: Setting CVar [[r.Upscale.Quality:3]]
[2019.09.12-04.19.05:278][  0]LogConfig: Setting CVar [[r.Tonemapper.GrainQuantization:1]]
[2019.09.12-04.19.05:278][  0]LogConfig: Setting CVar [[r.LightShaftQuality:1]]
[2019.09.12-04.19.05:278][  0]LogConfig: Setting CVar [[r.Filter.SizeScale:1]]
[2019.09.12-04.19.05:278][  0]LogConfig: Setting CVar [[r.Tonemapper.Quality:5]]
[2019.09.12-04.19.05:278][  0]LogConfig: Setting CVar [[r.DOF.Gather.AccumulatorQuality:1        ; higher gathering accumulator quality]]
[2019.09.12-04.19.05:278][  0]LogConfig: Setting CVar [[r.DOF.Gather.PostfilterMethod:1          ; Median3x3 postfilering method]]
[2019.09.12-04.19.05:278][  0]LogConfig: Setting CVar [[r.DOF.Gather.EnableBokehSettings:0       ; no bokeh simulation when gathering]]
[2019.09.12-04.19.05:278][  0]LogConfig: Setting CVar [[r.DOF.Gather.RingCount:4                 ; medium number of samples when gathering]]
[2019.09.12-04.19.05:278][  0]LogConfig: Setting CVar [[r.DOF.Scatter.ForegroundCompositing:1    ; additive foreground scattering]]
[2019.09.12-04.19.05:278][  0]LogConfig: Setting CVar [[r.DOF.Scatter.BackgroundCompositing:2    ; additive background scattering]]
[2019.09.12-04.19.05:278][  0]LogConfig: Setting CVar [[r.DOF.Scatter.EnableBokehSettings:1      ; bokeh simulation when scattering]]
[2019.09.12-04.19.05:278][  0]LogConfig: Setting CVar [[r.DOF.Scatter.MaxSpriteRatio:0.1         ; only a maximum of 10% of scattered bokeh]]
[2019.09.12-04.19.05:278][  0]LogConfig: Setting CVar [[r.DOF.Recombine.Quality:1                ; cheap slight out of focus]]
[2019.09.12-04.19.05:278][  0]LogConfig: Setting CVar [[r.DOF.Recombine.EnableBokehSettings:0    ; no bokeh simulation on slight out of focus]]
[2019.09.12-04.19.05:278][  0]LogConfig: Setting CVar [[r.DOF.TemporalAAQuality:1                ; more stable temporal accumulation]]
[2019.09.12-04.19.05:278][  0]LogConfig: Setting CVar [[r.DOF.Kernel.MaxForegroundRadius:0.025]]
[2019.09.12-04.19.05:278][  0]LogConfig: Setting CVar [[r.DOF.Kernel.MaxBackgroundRadius:0.025]]
[2019.09.12-04.19.05:278][  0]LogConfig: Applying CVar settings from Section [TextureQuality@3] File [D:/GitHub/PuzzleMobile/PuzzleMobile/Saved/Config/Windows/Scalability.ini]
[2019.09.12-04.19.05:278][  0]LogConfig: Setting CVar [[r.Streaming.MipBias:0]]
[2019.09.12-04.19.05:278][  0]LogConfig: Setting CVar [[r.Streaming.AmortizeCPUToGPUCopy:0]]
[2019.09.12-04.19.05:278][  0]LogConfig: Setting CVar [[r.Streaming.MaxNumTexturesToStreamPerFrame:0]]
[2019.09.12-04.19.05:278][  0]LogConfig: Setting CVar [[r.Streaming.Boost:1]]
[2019.09.12-04.19.05:278][  0]LogConfig: Setting CVar [[r.MaxAnisotropy:8]]
[2019.09.12-04.19.05:278][  0]LogConfig: Setting CVar [[r.Streaming.LimitPoolSizeToVRAM:0]]
[2019.09.12-04.19.05:278][  0]LogConfig: Setting CVar [[r.Streaming.PoolSize:1000]]
[2019.09.12-04.19.05:278][  0]LogConfig: Setting CVar [[r.Streaming.MaxEffectiveScreenSize:0]]
[2019.09.12-04.19.05:278][  0]LogConfig: Applying CVar settings from Section [EffectsQuality@3] File [D:/GitHub/PuzzleMobile/PuzzleMobile/Saved/Config/Windows/Scalability.ini]
[2019.09.12-04.19.05:278][  0]LogConfig: Setting CVar [[r.TranslucencyLightingVolumeDim:64]]
[2019.09.12-04.19.05:278][  0]LogConfig: Setting CVar [[r.RefractionQuality:2]]
[2019.09.12-04.19.05:278][  0]LogConfig: Setting CVar [[r.SSR.Quality:3]]
[2019.09.12-04.19.05:278][  0]LogConfig: Setting CVar [[r.SceneColorFormat:4]]
[2019.09.12-04.19.05:278][  0]LogConfig: Setting CVar [[r.DetailMode:2]]
[2019.09.12-04.19.05:278][  0]LogConfig: Setting CVar [[r.TranslucencyVolumeBlur:1]]
[2019.09.12-04.19.05:279][  0]LogConfig: Setting CVar [[r.MaterialQualityLevel:1 ; High quality]]
[2019.09.12-04.19.05:279][  0]LogConfig: Setting CVar [[r.SSS.Scale:1]]
[2019.09.12-04.19.05:279][  0]LogConfig: Setting CVar [[r.SSS.SampleSet:2]]
[2019.09.12-04.19.05:279][  0]LogConfig: Setting CVar [[r.SSS.Quality:1]]
[2019.09.12-04.19.05:279][  0]LogConfig: Setting CVar [[r.SSS.HalfRes:1]]
[2019.09.12-04.19.05:279][  0]LogConfig: Setting CVar [[r.EmitterSpawnRateScale:1.0]]
[2019.09.12-04.19.05:279][  0]LogConfig: Setting CVar [[r.ParticleLightQuality:2]]
[2019.09.12-04.19.05:279][  0]LogConfig: Applying CVar settings from Section [FoliageQuality@3] File [D:/GitHub/PuzzleMobile/PuzzleMobile/Saved/Config/Windows/Scalability.ini]
[2019.09.12-04.19.05:279][  0]LogConfig: Setting CVar [[foliage.DensityScale:1.0]]
[2019.09.12-04.19.05:279][  0]LogConfig: Setting CVar [[grass.DensityScale:1.0]]
[2019.09.12-04.19.05:279][  0]LogConfig: Applying CVar settings from Section [Startup] File [../../../Engine/Config/ConsoleVariables.ini]
[2019.09.12-04.19.05:279][  0]LogConfig: Setting CVar [[net.UseAdaptiveNetUpdateFrequency:0]]
[2019.09.12-04.19.05:279][  0]LogConfig: Applying CVar settings from Section [ConsoleVariables] File [D:/GitHub/PuzzleMobile/PuzzleMobile/Saved/Config/Windows/Engine.ini]
[2019.09.12-04.19.05:279][  0]LogInit: Computer: DESKTOP-SEDIOMM
[2019.09.12-04.19.05:279][  0]LogInit: User: Omega
[2019.09.12-04.19.05:279][  0]LogInit: CPU Page size=4096, Cores=8
[2019.09.12-04.19.05:279][  0]LogInit: High frequency timer resolution =10.000000 MHz
[2019.09.12-04.19.05:279][  0]LogMemory: Memory total: Physical=16.0GB (16GB approx)
[2019.09.12-04.19.05:279][  0]LogMemory: Platform Memory Stats for Windows
[2019.09.12-04.19.05:279][  0]LogMemory: Process Physical Memory: 110.81 MB used, 110.81 MB peak
[2019.09.12-04.19.05:279][  0]LogMemory: Process Virtual Memory: 96.04 MB used, 96.04 MB peak
[2019.09.12-04.19.05:279][  0]LogMemory: Physical Memory: 6702.81 MB used,  9634.05 MB free, 16336.86 MB total
[2019.09.12-04.19.05:279][  0]LogMemory: Virtual Memory: 4693.00 MB used,  134213032.00 MB free, 134217728.00 MB total
[2019.09.12-04.19.05:299][  0]LogInit: Using OS detected language (en-US).
[2019.09.12-04.19.05:299][  0]LogInit: Using OS detected locale (en-CA).
[2019.09.12-04.19.05:300][  0]LogTextLocalizationManager: No specific localization for 'en-US' exists, so the 'en' localization will be used.
[2019.09.12-04.19.05:682][  0]LogStreaming: Display: Took  0.384s to InitEngineTextLocalization.
[2019.09.12-04.19.05:732][  0]LogSlate: New Slate User Created.  User Index 0, Is Virtual User: 0
[2019.09.12-04.19.05:732][  0]LogSlate: Slate User Registered.  User Index 0, Is Virtual User: 0
[2019.09.12-04.19.05:747][  0]LogD3D11RHI: D3D11 adapters:
[2019.09.12-04.19.05:801][  0]LogD3D11RHI:    0. 'Radeon (TM) RX 480 Graphics' (Feature Level 11_0)
[2019.09.12-04.19.05:801][  0]LogD3D11RHI:       8172/0/8168 MB DedicatedVideo/DedicatedSystem/SharedSystem, Outputs:3, VendorId:0x1002
[2019.09.12-04.19.05:804][  0]LogD3D11RHI:    1. 'Microsoft Basic Render Driver' (Feature Level 11_0)
[2019.09.12-04.19.05:804][  0]LogD3D11RHI:       0/0/8168 MB DedicatedVideo/DedicatedSystem/SharedSystem, Outputs:0, VendorId:0x1414
[2019.09.12-04.19.05:804][  0]LogD3D11RHI: Chosen D3D11 Adapter: 0
[2019.09.12-04.19.05:813][  0]LogD3D11RHI: Creating new Direct3DDevice
[2019.09.12-04.19.05:814][  0]LogD3D11RHI:     GPU DeviceId: 0x67df (for the marketing name, search the web for "GPU Device Id")
[2019.09.12-04.19.05:814][  0]LogWindows: EnumDisplayDevices:
[2019.09.12-04.19.05:814][  0]LogWindows:    0. 'Radeon (TM) RX 480 Graphics' (P:1 D:1)
[2019.09.12-04.19.05:814][  0]LogWindows:    1. 'Radeon (TM) RX 480 Graphics' (P:0 D:1)
[2019.09.12-04.19.05:815][  0]LogWindows:    2. 'Radeon (TM) RX 480 Graphics' (P:0 D:1)
[2019.09.12-04.19.05:815][  0]LogWindows:    3. 'Radeon (TM) RX 480 Graphics' (P:0 D:0)
[2019.09.12-04.19.05:815][  0]LogWindows:    4. 'Radeon (TM) RX 480 Graphics' (P:0 D:0)
[2019.09.12-04.19.05:816][  0]LogWindows:    5. 'Radeon (TM) RX 480 Graphics' (P:0 D:0)
[2019.09.12-04.19.05:816][  0]LogWindows:    6. 'Radeon (TM) RX 480 Graphics' (P:0 D:0)
[2019.09.12-04.19.05:816][  0]LogWindows:    7. 'Radeon (TM) RX 480 Graphics' (P:0 D:0)
[2019.09.12-04.19.05:816][  0]LogWindows: DebugString: FoundDriverCount:8 
[2019.09.12-04.19.05:817][  0]LogD3D11RHI:     Adapter Name: Radeon (TM) RX 480 Graphics
[2019.09.12-04.19.05:817][  0]LogD3D11RHI:   Driver Version: Adrenalin 2019 19.9.1 (internal:26.20.13001.50005, unified:26.20.13001.50005)
[2019.09.12-04.19.05:817][  0]LogD3D11RHI:      Driver Date: 9-3-2019
[2019.09.12-04.19.05:817][  0]LogRHI: Texture pool is 5720 MB (70% of 8172 MB)
[2019.09.12-04.19.05:891][  0]LogD3D11RHI: Async texture creation enabled
[2019.09.12-04.19.05:902][  0]LogD3D11RHI: GPU Timing Frequency: 25.000000 (Debug: 2 1)
[2019.09.12-04.19.06:205][  0]LogTemp: Display: Loaded TP WindowsClientTargetPlatform
[2019.09.12-04.19.06:220][  0]LogTemp: Display: Loaded TP WindowsNoEditorTargetPlatform
[2019.09.12-04.19.06:237][  0]LogTemp: Display: Loaded TP WindowsServerTargetPlatform
[2019.09.12-04.19.06:253][  0]LogTemp: Display: Loaded TP WindowsTargetPlatform
[2019.09.12-04.19.06:253][  0]LogTargetPlatformManager: Display: Building Assets For Windows
[2019.09.12-04.19.06:320][  0]LogShaderCompilers: Guid format shader working directory is -4 characters bigger than the processId version (../../../../../../GitHub/PuzzleMobile/PuzzleMobile/Intermediate/Shaders/WorkingDirectory/3780/).
[2019.09.12-04.19.06:320][  0]LogShaderCompilers: Cleaned the shader compiler working directory 'C:/Users/Omega/AppData/Local/Temp/UnrealShaderWorkingDir/DC518D864558C8EFC60DAB8BDB90719F/'.
[2019.09.12-04.19.06:322][  0]LogXGEController: Cannot use XGE Controller as Incredibuild is not installed on this machine.
[2019.09.12-04.19.06:322][  0]LogShaderCompilers: Cannot use XGE Shader Compiler as Incredibuild is not installed on this machine.
[2019.09.12-04.19.06:322][  0]LogShaderCompilers: Display: Using Local Shader Compiler.
[2019.09.12-04.19.06:795][  0]LogDerivedDataCache: Display: Max Cache Size: 512 MB
[2019.09.12-04.19.06:840][  0]LogDerivedDataCache: Loaded boot cache 0.04s 71MB C:/Users/Omega/AppData/Local/UnrealEngine/4.21/DerivedDataCache/Boot.ddc.
[2019.09.12-04.19.06:840][  0]LogDerivedDataCache: Display: Loaded Boot cache: C:/Users/Omega/AppData/Local/UnrealEngine/4.21/DerivedDataCache/Boot.ddc
[2019.09.12-04.19.06:840][  0]LogDerivedDataCache: FDerivedDataBackendGraph:  Pak pak cache file ../../../../../../GitHub/PuzzleMobile/PuzzleMobile/DerivedDataCache/DDC.ddp not found, will not use a pak cache.
[2019.09.12-04.19.06:840][  0]LogDerivedDataCache: Unable to find inner node Pak for hierarchical cache Hierarchy.
[2019.09.12-04.19.06:840][  0]LogDerivedDataCache: FDerivedDataBackendGraph:  CompressedPak pak cache file ../../../../../../GitHub/PuzzleMobile/PuzzleMobile/DerivedDataCache/Compressed.ddp not found, will not use a pak cache.
[2019.09.12-04.19.06:840][  0]LogDerivedDataCache: Unable to find inner node CompressedPak for hierarchical cache Hierarchy.
[2019.09.12-04.19.06:858][  0]LogDerivedDataCache: Display: Pak cache opened for reading ../../../Engine/DerivedDataCache/Compressed.ddp.
[2019.09.12-04.19.06:858][  0]LogDerivedDataCache: FDerivedDataBackendGraph:  EnterprisePak pak cache file ../../../Enterprise/DerivedDataCache/Compressed.ddp not found, will not use a pak cache.
[2019.09.12-04.19.06:858][  0]LogDerivedDataCache: Unable to find inner node EnterprisePak for hierarchical cache Hierarchy.
[2019.09.12-04.19.06:870][  0]LogDerivedDataCache: Using Local data cache path C:/Users/Omega/AppData/Local/UnrealEngine/Common/DerivedDataCache: Writable
[2019.09.12-04.19.06:870][  0]LogDerivedDataCache: Shared data cache path not found in *engine.ini, will not use an Shared cache.
[2019.09.12-04.19.06:870][  0]LogDerivedDataCache: Unable to find inner node Shared for hierarchical cache Hierarchy.
[2019.09.12-04.19.06:881][  0]LogMaterial: Verifying Global Shaders for PCD3D_ES2
[2019.09.12-04.19.06:904][  0]LogSlate: Using FreeType 2.6.0
[2019.09.12-04.19.06:905][  0]LogSlate: SlateFontServices - WITH_FREETYPE: 1, WITH_HARFBUZZ: 1
[2019.09.12-04.19.07:002][  0]LogInit: Using OS detected language (en-US).
[2019.09.12-04.19.07:002][  0]LogInit: Using OS detected locale (en-CA).
[2019.09.12-04.19.07:002][  0]LogTextLocalizationManager: No localization for 'en-US' exists, so 'en' will be used for the language.
[2019.09.12-04.19.07:002][  0]LogTextLocalizationManager: No localization for 'en-CA' exists, so 'en' will be used for the locale.
[2019.09.12-04.19.07:002][  0]LogSlate: FontCache flush requested. Reason: Culture for localization was changed
[2019.09.12-04.19.07:002][  0]LogSlate: FontCache flush requested. Reason: Culture for localization was changed
[2019.09.12-04.19.07:340][  0]LogStreaming: Display: Took  0.338s to InitGameTextLocalization.
[2019.09.12-04.19.07:348][  0]LogAssetRegistry: FAssetRegistry took 0.0052 seconds to start up
[2019.09.12-04.19.07:564][  0]LogPackageLocalizationCache: Processed 11 localized package path(s) for 1 prioritized culture(s) in 0.014462 seconds
[2019.09.12-04.19.07:731][  0]LogInit: Selected Device Profile: [Windows]
[2019.09.12-04.19.07:909][  0]LogSimplygon: Simplygon DLL not present - disabling.
[2019.09.12-04.19.07:912][  0]LogMeshReduction: Using SimplygonSwarm for distributed automatic mesh merging
[2019.09.12-04.19.07:912][  0]LogMeshReduction: Using ProxyLODMeshReduction for automatic mesh merging
[2019.09.12-04.19.07:912][  0]LogMeshReduction: Using QuadricMeshReduction for automatic static mesh reduction
[2019.09.12-04.19.07:912][  0]LogMeshReduction: No automatic skeletal mesh reduction module available
[2019.09.12-04.19.07:923][  0]LogNetVersion: PuzzleMobile 1.0.0, NetCL: 4541578, EngineNetVer: 5, GameNetVer: 0 (Checksum: 2030113101)
[2019.09.12-04.19.08:671][  0]LogMoviePlayer: Initializing movie player
[2019.09.12-04.19.08:790][  0]LogTcpMessaging: Initializing TcpMessaging bridge
[2019.09.12-04.19.08:803][  0]LogUdpMessaging: Initializing bridge on interface 0.0.0.0:0 to multicast group 230.0.0.1:6666.
[2019.09.12-04.19.08:903][  0]SourceControl: Source control is disabled
[2019.09.12-04.19.08:903][  0]SourceControl: Source control is disabled
[2019.09.12-04.19.08:905][  0]SourceControl: Source control is disabled
[2019.09.12-04.19.09:041][  0]LogAndroidPermission: UAndroidPermissionCallbackProxy::GetInstance
[2019.09.12-04.19.09:184][  0]LogOcInput: OculusInput pre-init called
[2019.09.12-04.19.09:196][  0]LogUObjectArray: 43226 objects as part of root set at end of initial load.
[2019.09.12-04.19.09:196][  0]LogUObjectAllocator: 7590224 out of 0 bytes used by permanent object pool.
[2019.09.12-04.19.09:196][  0]LogUObjectArray: CloseDisregardForGC: 0/0 objects in disregard for GC pool
[2019.09.12-04.19.09:344][  0]LogEngine: Initializing Engine...
[2019.09.12-04.19.09:344][  0]LogHMD: Oculus plugin initialized. Version: 4.21.2-4753647+++UE4+Release-4.21, OVRPlugin: 1.28.0
[2019.09.12-04.19.09:357][  0]LogStats: UGameplayTagsManager::ConstructGameplayTagTree: ImportINI prefixes -  0.000 s
[2019.09.12-04.19.09:357][  0]LogStats: UGameplayTagsManager::ConstructGameplayTagTree: Construct from data asset -  0.000 s
[2019.09.12-04.19.09:358][  0]LogStats: UGameplayTagsManager::ConstructGameplayTagTree: ImportINI -  0.000 s
[2019.09.12-04.19.09:358][  0]LogStats: UGameplayTagsManager::ConstructGameplayTagTree: GameplayTagTreeChangedEvent.Broadcast -  0.000 s
[2019.09.12-04.19.09:671][  0]LogInit: Initializing FReadOnlyCVARCache
[2019.09.12-04.19.09:738][  0]LogInit: XAudio2 using 'Headphones (MDR-XB950B1 Stereo)' : 2 channels at 44.1 kHz using 16 bits per sample (channel mask 0x3)
[2019.09.12-04.19.09:750][  0]LogInit: FAudioDevice initialized.
[2019.09.12-04.19.09:762][  0]LogNetVersion: Set ProjectVersion to 1.0.0.0. Version Checksum will be recalculated on next use.
[2019.09.12-04.19.09:769][  0]LogInit: Texture streaming: Enabled
[2019.09.12-04.19.10:067][  0]LogSlate: Updating window title bar state: overlay mode, drag disabled, window buttons hidden, title bar hidden
[2019.09.12-04.19.10:067][  0]LogInit: Display: Game Engine Initialized.
[2019.09.12-04.19.10:067][  0]LogGameplayTags: Display: UGameplayTagsManager::DoneAddingNativeTags. DelegateIsBound: 0
[2019.09.12-04.19.10:067][  0]LogStats: UGameplayTagsManager::ConstructGameplayTagTree: ImportINI prefixes -  0.000 s
[2019.09.12-04.19.10:067][  0]LogStats: UGameplayTagsManager::ConstructGameplayTagTree: Construct from data asset -  0.000 s
[2019.09.12-04.19.10:067][  0]LogStats: UGameplayTagsManager::ConstructGameplayTagTree: ImportINI -  0.000 s
[2019.09.12-04.19.10:067][  0]LogStats: UGameplayTagsManager::ConstructGameplayTagTree: GameplayTagTreeChangedEvent.Broadcast -  0.000 s
[2019.09.12-04.19.10:086][  0]LogInit: Display: Starting Game.
[2019.09.12-04.19.10:099][  0]LogNet: Browse: /Game/ThirdPersonBP/Maps/Level01?Name=Player
[2019.09.12-04.19.10:099][  0]LogLoadingSplash: Loading begins
[2019.09.12-04.19.10:099][  0]LogLoad: LoadMap: /Game/ThirdPersonBP/Maps/Level01?Name=Player
[2019.09.12-04.19.10:535][  0]LogMaterial: Display: Missing cached shader map for material M_smoke_subUV, compiling. 
[2019.09.12-04.19.10:704][  0]LogShaderCompilers: Display: Shaders left to compile 114
[2019.09.12-04.19.10:704][  0]LogShaderCompilers: Display: Shaders left to compile 104
[2019.09.12-04.19.10:704][  0]LogShaderCompilers: Display: Shaders left to compile 94
[2019.09.12-04.19.10:704][  0]LogShaderCompilers: Display: Shaders left to compile 84
[2019.09.12-04.19.10:704][  0]LogShaderCompilers: Display: Shaders left to compile 74
[2019.09.12-04.19.10:704][  0]LogShaderCompilers: Display: Shaders left to compile 64
[2019.09.12-04.19.10:704][  0]LogShaderCompilers: Display: Shaders left to compile 54
[2019.09.12-04.19.10:704][  0]LogShaderCompilers: Display: Shaders left to compile 44
[2019.09.12-04.19.10:704][  0]LogShaderCompilers: Display: Shaders left to compile 34
[2019.09.12-04.19.10:704][  0]LogShaderCompilers: Display: Shaders left to compile 24
[2019.09.12-04.19.10:704][  0]LogShaderCompilers: Display: Shaders left to compile 14
[2019.09.12-04.19.10:705][  0]LogShaderCompilers: Display: Shaders left to compile 4
[2019.09.12-04.19.10:705][  0]LogMaterial: Display: Missing cached shader map for material Kappachino, compiling. 
[2019.09.12-04.19.10:795][  0]LogMaterial: Display: Missing cached shader map for material M_Brick_Clay_New, compiling. 
[2019.09.12-04.19.10:870][  0]LogMaterial: Display: Missing cached shader map for material M_Glass, compiling. 
[2019.09.12-04.19.10:903][  0]LogMaterial: Display: Missing cached shader map for material M_Door, compiling. 
[2019.09.12-04.19.10:947][  0]LogShaderCompilers: Display: Shaders left to compile 183
[2019.09.12-04.19.10:947][  0]LogAIModule: Creating AISystem for world Level01
[2019.09.12-04.19.10:970][  0]LogLoad: Game class is 'ThirdPersonGameMode_C'
[2019.09.12-04.19.10:981][  0]LogWorld: Bringing World /Game/ThirdPersonBP/Maps/Level01.Level01 up for play (max tick rate 0) at 2019.09.11-21.19.10
[2019.09.12-04.19.11:104][  0]LogWorld: Bringing up level for play took: 0.133233
[2019.09.12-04.19.11:252][  0]LogGameMode: FindPlayerStart: PATHS NOT DEFINED or NO PLAYERSTART with positive rating
[2019.09.12-04.19.11:719][  0]LogLoadingSplash: Loading ends
[2019.09.12-04.19.11:719][  0]LogLoad: Took 1.619870 seconds to LoadMap(/Game/ThirdPersonBP/Maps/Level01)
[2019.09.12-04.19.11:827][  0]LogRenderer: Reallocating scene render targets to support 1280x720 Format 10 NumSamples 1 (Frame:1).
[2019.09.12-04.19.11:827][  0]LogLoad: (Engine Initialization) Total time: 9.03 seconds
[2019.09.12-04.19.11:827][  0]LogLoad: (Engine Initialization) Total Blueprint compile time: 0.00 seconds
[2019.09.12-04.19.11:845][  0]LogOcInput: OculusInput is initialized
[2019.09.12-04.19.11:989][  0]LogContentStreaming: Texture pool size now 1000 MB
[2019.09.12-04.19.14:497][148]LogShaderCompilers: Display: Shaders left to compile 233
[2019.09.12-04.19.16:400][265]LogShaderCompilers: Display: Shaders left to compile 223
[2019.09.12-04.19.16:448][268]LogShaderCompilers: Display: Shaders left to compile 213
[2019.09.12-04.19.16:678][282]LogShaderCompilers: Display: Shaders left to compile 203
[2019.09.12-04.19.16:694][283]LogShaderCompilers: Display: Shaders left to compile 193
[2019.09.12-04.19.16:822][291]LogShaderCompilers: Display: Shaders left to compile 183
[2019.09.12-04.19.16:839][292]LogShaderCompilers: Display: Shaders left to compile 173
[2019.09.12-04.19.16:854][293]LogShaderCompilers: Display: Shaders left to compile 163
[2019.09.12-04.19.17:035][304]LogShaderCompilers: Display: Shaders left to compile 153
[2019.09.12-04.19.17:148][311]LogShaderCompilers: Display: Shaders left to compile 143
[2019.09.12-04.19.17:406][327]LogShaderCompilers: Display: Shaders left to compile 133
[2019.09.12-04.19.17:738][347]LogShaderCompilers: Display: Shaders left to compile 123
[2019.09.12-04.19.17:905][356]LogShaderCompilers: Display: Shaders left to compile 113
[2019.09.12-04.19.19:376][447]LogShaderCompilers: Display: Shaders left to compile 103
[2019.09.12-04.19.19:392][448]LogShaderCompilers: Display: Shaders left to compile 93
[2019.09.12-04.19.19:976][484]LogShaderCompilers: Display: Shaders left to compile 83
[2019.09.12-04.19.20:056][489]LogShaderCompilers: Display: Shaders left to compile 73
[2019.09.12-04.19.20:104][492]LogShaderCompilers: Display: Shaders left to compile 63
[2019.09.12-04.19.20:281][503]LogShaderCompilers: Display: Shaders left to compile 53
[2019.09.12-04.19.20:330][506]LogShaderCompilers: Display: Shaders left to compile 43
[2019.09.12-04.19.20:361][508]LogShaderCompilers: Display: Shaders left to compile 33
[2019.09.12-04.19.20:636][525]LogShaderCompilers: Display: Shaders left to compile 23
[2019.09.12-04.19.20:830][537]LogShaderCompilers: Display: Shaders left to compile 13
[2019.09.12-04.19.20:904][541]LogShaderCompilers: Display: Shaders left to compile 3
[2019.09.12-04.19.46:769][129]LogPackageName: SearchForPackageOnDisk took   0.141s to resolve LevelWorldSelect.umap.
[2019.09.12-04.19.46:901][130]LogPackageName: SearchForPackageOnDisk took   0.131s to resolve LevelWorldSelect.umap.
[2019.09.12-04.19.46:901][130]LogNet: Browse: /Game/ThirdPersonBP/Maps/LevelWorldSelect
[2019.09.12-04.19.46:901][130]LogLoadingSplash: Loading begins
[2019.09.12-04.19.46:902][130]LogLoad: LoadMap: /Game/ThirdPersonBP/Maps/LevelWorldSelect
[2019.09.12-04.19.47:080][130]LogAIModule: Creating AISystem for world LevelWorldSelect
[2019.09.12-04.19.47:080][130]LogLoad: Game class is 'GameMode'
[2019.09.12-04.19.47:081][130]LogWorld: Bringing World /Game/ThirdPersonBP/Maps/LevelWorldSelect.LevelWorldSelect up for play (max tick rate 0) at 2019.09.11-21.19.47
[2019.09.12-04.19.47:081][130]LogWorld: Bringing up level for play took: 0.000306
[2019.09.12-04.19.47:081][130]LogGameMode: FindPlayerStart: PATHS NOT DEFINED or NO PLAYERSTART with positive rating
[2019.09.12-04.19.47:085][130]LogGameMode: Display: Match State Changed from EnteringMap to WaitingToStart
[2019.09.12-04.19.47:085][130]LogGameState: Match State Changed from EnteringMap to WaitingToStart
[2019.09.12-04.19.47:085][130]LogGameMode: Display: Match State Changed from WaitingToStart to InProgress
[2019.09.12-04.19.47:110][130]LogGameState: Match State Changed from WaitingToStart to InProgress
[2019.09.12-04.19.47:111][130]LogLoadingSplash: Loading ends
[2019.09.12-04.19.47:111][130]LogLoad: Took 0.208953 seconds to LoadMap(/Game/ThirdPersonBP/Maps/LevelWorldSelect)
[2019.09.12-04.19.47:846][175]LogSlate: FSceneViewport::OnFocusLost() reason 0
[2019.09.12-04.19.48:829][228]LogPackageName: SearchForPackageOnDisk took   0.128s to resolve Level01.umap.
[2019.09.12-04.19.48:830][228]LogGameMode: Display: Match State Changed from InProgress to LeavingMap
[2019.09.12-04.19.48:830][228]LogGameState: Match State Changed from InProgress to LeavingMap
[2019.09.12-04.19.48:957][228]LogPackageName: SearchForPackageOnDisk took   0.128s to resolve Level01.umap.
[2019.09.12-04.19.48:957][228]LogNet: Browse: /Game/ThirdPersonBP/Maps/Level01
[2019.09.12-04.19.48:957][228]LogLoadingSplash: Loading begins
[2019.09.12-04.19.48:958][228]LogLoad: LoadMap: /Game/ThirdPersonBP/Maps/Level01
[2019.09.12-04.19.49:446][228]LogAIModule: Creating AISystem for world Level01
[2019.09.12-04.19.49:446][228]LogLoad: Game class is 'ThirdPersonGameMode_C'
[2019.09.12-04.19.49:454][228]LogWorld: Bringing World /Game/ThirdPersonBP/Maps/Level01.Level01 up for play (max tick rate 0) at 2019.09.11-21.19.49
[2019.09.12-04.19.49:454][228]LogWorld: Bringing up level for play took: 0.007447
[2019.09.12-04.19.49:454][228]LogGameMode: FindPlayerStart: PATHS NOT DEFINED or NO PLAYERSTART with positive rating
[2019.09.12-04.19.49:461][228]LogLoadingSplash: Loading ends
[2019.09.12-04.19.49:461][228]LogLoad: Took 0.502751 seconds to LoadMap(/Game/ThirdPersonBP/Maps/Level01)
[2019.09.12-04.20.21:409][206]LogSlate: FSceneViewport::OnFocusLost() reason 0
[2019.09.12-04.20.21:523][213]LogScript: Warning: Accessed None trying to read property K2Node_DynamicCast_AsPlayer_21
	TouchHUD_C /Engine/Transient.GameEngine_0:GameInstance_0.TouchHUD_C_1
	Function /Game/ThirdPersonBP/Blueprints/UI/TouchHUD.TouchHUD_C:ExecuteUbergraph_TouchHUD:0422
[2019.09.12-04.20.21:523][213]LogScript: Warning: Script call stack:
	Function /Game/ThirdPersonBP/Blueprints/UI/TouchHUD.TouchHUD_C:BndEvt__Button_398_K2Node_ComponentBoundEvent_2_OnButtonClickedEvent__DelegateSignature
	Function /Game/ThirdPersonBP/Blueprints/UI/TouchHUD.TouchHUD_C:ExecuteUbergraph_TouchHUD

[2019.09.12-04.20.21:523][213]LogScript: Warning: Accessed None trying to read property K2Node_DynamicCast_AsPlayer_21
	TouchHUD_C /Engine/Transient.GameEngine_0:GameInstance_0.TouchHUD_C_1
	Function /Game/ThirdPersonBP/Blueprints/UI/TouchHUD.TouchHUD_C:ExecuteUbergraph_TouchHUD:0443
[2019.09.12-04.20.21:523][213]LogScript: Warning: Script call stack:
	Function /Game/ThirdPersonBP/Blueprints/UI/TouchHUD.TouchHUD_C:BndEvt__Button_398_K2Node_ComponentBoundEvent_2_OnButtonClickedEvent__DelegateSignature
	Function /Game/ThirdPersonBP/Blueprints/UI/TouchHUD.TouchHUD_C:ExecuteUbergraph_TouchHUD

[2019.09.12-04.20.21:523][213]LogScript: Warning: Accessed None
	TouchHUD_C /Engine/Transient.GameEngine_0:GameInstance_0.TouchHUD_C_1
	Function /Game/ThirdPersonBP/Blueprints/UI/TouchHUD.TouchHUD_C:ExecuteUbergraph_TouchHUD:0458
[2019.09.12-04.20.21:523][213]LogScript: Warning: Script call stack:
	Function /Game/ThirdPersonBP/Blueprints/UI/TouchHUD.TouchHUD_C:BndEvt__Button_398_K2Node_ComponentBoundEvent_2_OnButtonClickedEvent__DelegateSignature
	Function /Game/ThirdPersonBP/Blueprints/UI/TouchHUD.TouchHUD_C:ExecuteUbergraph_TouchHUD

[2019.09.12-04.20.21:523][213]LogScript: Warning: Accessed None trying to read property K2Node_DynamicCast_AsPlayer_21
	TouchHUD_C /Engine/Transient.GameEngine_0:GameInstance_0.TouchHUD_C_1
	Function /Game/ThirdPersonBP/Blueprints/UI/TouchHUD.TouchHUD_C:ExecuteUbergraph_TouchHUD:047F
[2019.09.12-04.20.21:523][213]LogScript: Warning: Script call stack:
	Function /Game/ThirdPersonBP/Blueprints/UI/TouchHUD.TouchHUD_C:BndEvt__Button_398_K2Node_ComponentBoundEvent_2_OnButtonClickedEvent__DelegateSignature
	Function /Game/ThirdPersonBP/Blueprints/UI/TouchHUD.TouchHUD_C:ExecuteUbergraph_TouchHUD

[2019.09.12-04.20.21:523][213]LogScript: Warning: Accessed None
	TouchHUD_C /Engine/Transient.GameEngine_0:GameInstance_0.TouchHUD_C_1
	Function /Game/ThirdPersonBP/Blueprints/UI/TouchHUD.TouchHUD_C:ExecuteUbergraph_TouchHUD:0494
[2019.09.12-04.20.21:523][213]LogScript: Warning: Script call stack:
	Function /Game/ThirdPersonBP/Blueprints/UI/TouchHUD.TouchHUD_C:BndEvt__Button_398_K2Node_ComponentBoundEvent_2_OnButtonClickedEvent__DelegateSignature
	Function /Game/ThirdPersonBP/Blueprints/UI/TouchHUD.TouchHUD_C:ExecuteUbergraph_TouchHUD

[2019.09.12-04.20.22:248][258]LogScript: Warning: Accessed None trying to read property K2Node_DynamicCast_AsPlayer_21
	TouchHUD_C /Engine/Transient.GameEngine_0:GameInstance_0.TouchHUD_C_1
	Function /Game/ThirdPersonBP/Blueprints/UI/TouchHUD.TouchHUD_C:ExecuteUbergraph_TouchHUD:0422
[2019.09.12-04.20.22:248][258]LogScript: Warning: Script call stack:
	Function /Game/ThirdPersonBP/Blueprints/UI/TouchHUD.TouchHUD_C:BndEvt__Button_398_K2Node_ComponentBoundEvent_2_OnButtonClickedEvent__DelegateSignature
	Function /Game/ThirdPersonBP/Blueprints/UI/TouchHUD.TouchHUD_C:ExecuteUbergraph_TouchHUD

[2019.09.12-04.20.22:248][258]LogScript: Warning: Accessed None trying to read property K2Node_DynamicCast_AsPlayer_21
	TouchHUD_C /Engine/Transient.GameEngine_0:GameInstance_0.TouchHUD_C_1
	Function /Game/ThirdPersonBP/Blueprints/UI/TouchHUD.TouchHUD_C:ExecuteUbergraph_TouchHUD:0443
[2019.09.12-04.20.22:248][258]LogScript: Warning: Script call stack:
	Function /Game/ThirdPersonBP/Blueprints/UI/TouchHUD.TouchHUD_C:BndEvt__Button_398_K2Node_ComponentBoundEvent_2_OnButtonClickedEvent__DelegateSignature
	Function /Game/ThirdPersonBP/Blueprints/UI/TouchHUD.TouchHUD_C:ExecuteUbergraph_TouchHUD

[2019.09.12-04.20.22:248][258]LogScript: Warning: Accessed None
	TouchHUD_C /Engine/Transient.GameEngine_0:GameInstance_0.TouchHUD_C_1
	Function /Game/ThirdPersonBP/Blueprints/UI/TouchHUD.TouchHUD_C:ExecuteUbergraph_TouchHUD:0458
[2019.09.12-04.20.22:248][258]LogScript: Warning: Script call stack:
	Function /Game/ThirdPersonBP/Blueprints/UI/TouchHUD.TouchHUD_C:BndEvt__Button_398_K2Node_ComponentBoundEvent_2_OnButtonClickedEvent__DelegateSignature
	Function /Game/ThirdPersonBP/Blueprints/UI/TouchHUD.TouchHUD_C:ExecuteUbergraph_TouchHUD

[2019.09.12-04.20.22:248][258]LogScript: Warning: Accessed None trying to read property K2Node_DynamicCast_AsPlayer_21
	TouchHUD_C /Engine/Transient.GameEngine_0:GameInstance_0.TouchHUD_C_1
	Function /Game/ThirdPersonBP/Blueprints/UI/TouchHUD.TouchHUD_C:ExecuteUbergraph_TouchHUD:047F
[2019.09.12-04.20.22:248][258]LogScript: Warning: Script call stack:
	Function /Game/ThirdPersonBP/Blueprints/UI/TouchHUD.TouchHUD_C:BndEvt__Button_398_K2Node_ComponentBoundEvent_2_OnButtonClickedEvent__DelegateSignature
	Function /Game/ThirdPersonBP/Blueprints/UI/TouchHUD.TouchHUD_C:ExecuteUbergraph_TouchHUD

[2019.09.12-04.20.22:248][258]LogScript: Warning: Accessed None
	TouchHUD_C /Engine/Transient.GameEngine_0:GameInstance_0.TouchHUD_C_1
	Function /Game/ThirdPersonBP/Blueprints/UI/TouchHUD.TouchHUD_C:ExecuteUbergraph_TouchHUD:0494
[2019.09.12-04.20.22:248][258]LogScript: Warning: Script call stack:
	Function /Game/ThirdPersonBP/Blueprints/UI/TouchHUD.TouchHUD_C:BndEvt__Button_398_K2Node_ComponentBoundEvent_2_OnButtonClickedEvent__DelegateSignature
	Function /Game/ThirdPersonBP/Blueprints/UI/TouchHUD.TouchHUD_C:ExecuteUbergraph_TouchHUD

[2019.09.12-04.20.33:652][965]LogScript: Warning: Accessed None trying to read property Torch
	Player2_C /Game/ThirdPersonBP/Maps/Level01.Level01:PersistentLevel.Player2_C_0
	Function /Game/ThirdPersonBP/Blueprints/Player2.Player2_C:ExecuteUbergraph_Player2:01FC
[2019.09.12-04.20.33:652][965]LogScript: Warning: Script call stack:
	Function /Game/ThirdPersonBP/Blueprints/Player2.Player2_C:InpActEvt_E_K2Node_InputKeyEvent_1
	Function /Game/ThirdPersonBP/Blueprints/Player2.Player2_C:ExecuteUbergraph_Player2

[2019.09.12-04.20.33:652][965]LogScript: Warning: Accessed None trying to read property Torch
	Player2_C /Game/ThirdPersonBP/Maps/Level01.Level01:PersistentLevel.Player2_C_0
	Function /Game/ThirdPersonBP/Blueprints/Player2.Player2_C:ExecuteUbergraph_Player2:022B
[2019.09.12-04.20.33:652][965]LogScript: Warning: Script call stack:
	Function /Game/ThirdPersonBP/Blueprints/Player2.Player2_C:InpActEvt_E_K2Node_InputKeyEvent_1
	Function /Game/ThirdPersonBP/Blueprints/Player2.Player2_C:ExecuteUbergraph_Player2

[2019.09.12-04.20.47:927][842]LogPackageName: SearchForPackageOnDisk took   0.129s to resolve LevelWorldSelect.umap.
[2019.09.12-04.20.48:059][843]LogPackageName: SearchForPackageOnDisk took   0.129s to resolve LevelWorldSelect.umap.
[2019.09.12-04.20.48:059][843]LogNet: Browse: /Game/ThirdPersonBP/Maps/LevelWorldSelect
[2019.09.12-04.20.48:059][843]LogLoadingSplash: Loading begins
[2019.09.12-04.20.48:059][843]LogLoad: LoadMap: /Game/ThirdPersonBP/Maps/LevelWorldSelect
[2019.09.12-04.20.48:122][843]LogAIModule: Creating AISystem for world LevelWorldSelect
[2019.09.12-04.20.48:123][843]LogLoad: Game class is 'GameMode'
[2019.09.12-04.20.48:123][843]LogWorld: Bringing World /Game/ThirdPersonBP/Maps/LevelWorldSelect.LevelWorldSelect up for play (max tick rate 0) at 2019.09.11-21.20.48
[2019.09.12-04.20.48:123][843]LogWorld: Bringing up level for play took: 0.000314
[2019.09.12-04.20.48:124][843]LogGameMode: FindPlayerStart: PATHS NOT DEFINED or NO PLAYERSTART with positive rating
[2019.09.12-04.20.48:128][843]LogGameMode: Display: Match State Changed from EnteringMap to WaitingToStart
[2019.09.12-04.20.48:128][843]LogGameState: Match State Changed from EnteringMap to WaitingToStart
[2019.09.12-04.20.48:128][843]LogGameMode: Display: Match State Changed from WaitingToStart to InProgress
[2019.09.12-04.20.48:129][843]LogGameState: Match State Changed from WaitingToStart to InProgress
[2019.09.12-04.20.48:129][843]LogLoadingSplash: Loading ends
[2019.09.12-04.20.48:129][843]LogLoad: Took 0.068826 seconds to LoadMap(/Game/ThirdPersonBP/Maps/LevelWorldSelect)
[2019.09.12-04.20.48:872][890]LogSlate: FSceneViewport::OnFocusLost() reason 0
[2019.09.12-04.20.49:776][938]LogPackageName: SearchForPackageOnDisk took   0.129s to resolve Level01.umap.
[2019.09.12-04.20.49:776][938]LogGameMode: Display: Match State Changed from InProgress to LeavingMap
[2019.09.12-04.20.49:776][938]LogGameState: Match State Changed from InProgress to LeavingMap
[2019.09.12-04.20.49:905][938]LogPackageName: SearchForPackageOnDisk took   0.129s to resolve Level01.umap.
[2019.09.12-04.20.49:905][938]LogNet: Browse: /Game/ThirdPersonBP/Maps/Level01
[2019.09.12-04.20.49:905][938]LogLoadingSplash: Loading begins
[2019.09.12-04.20.49:905][938]LogLoad: LoadMap: /Game/ThirdPersonBP/Maps/Level01
[2019.09.12-04.20.50:388][938]LogAIModule: Creating AISystem for world Level01
[2019.09.12-04.20.50:388][938]LogLoad: Game class is 'ThirdPersonGameMode_C'
[2019.09.12-04.20.50:396][938]LogWorld: Bringing World /Game/ThirdPersonBP/Maps/Level01.Level01 up for play (max tick rate 0) at 2019.09.11-21.20.50
[2019.09.12-04.20.50:396][938]LogWorld: Bringing up level for play took: 0.007728
[2019.09.12-04.20.50:397][938]LogGameMode: FindPlayerStart: PATHS NOT DEFINED or NO PLAYERSTART with positive rating
[2019.09.12-04.20.50:403][938]LogLoadingSplash: Loading ends
[2019.09.12-04.20.50:403][938]LogLoad: Took 0.497511 seconds to LoadMap(/Game/ThirdPersonBP/Maps/Level01)
[2019.09.12-04.21.28:981][318]LogPackageName: SearchForPackageOnDisk took   0.131s to resolve LevelMainMenu.umap.
[2019.09.12-04.21.29:112][318]LogPackageName: SearchForPackageOnDisk took   0.130s to resolve LevelMainMenu.umap.
[2019.09.12-04.21.29:112][318]LogNet: Browse: /Game/ThirdPersonBP/Maps/LevelMainMenu
[2019.09.12-04.21.29:112][318]LogLoadingSplash: Loading begins
[2019.09.12-04.21.29:112][318]LogLoad: LoadMap: /Game/ThirdPersonBP/Maps/LevelMainMenu
[2019.09.12-04.21.29:193][318]LogAIModule: Creating AISystem for world LevelMainMenu
[2019.09.12-04.21.29:193][318]LogLoad: Game class is 'GameMode'
[2019.09.12-04.21.29:194][318]LogWorld: Bringing World /Game/ThirdPersonBP/Maps/LevelMainMenu.LevelMainMenu up for play (max tick rate 0) at 2019.09.11-21.21.29
[2019.09.12-04.21.29:194][318]LogWorld: Bringing up level for play took: 0.000297
[2019.09.12-04.21.29:194][318]LogGameMode: FindPlayerStart: PATHS NOT DEFINED or NO PLAYERSTART with positive rating
[2019.09.12-04.21.29:198][318]LogGameMode: Display: Match State Changed from EnteringMap to WaitingToStart
[2019.09.12-04.21.29:198][318]LogGameState: Match State Changed from EnteringMap to WaitingToStart
[2019.09.12-04.21.29:198][318]LogGameMode: Display: Match State Changed from WaitingToStart to InProgress
[2019.09.12-04.21.29:200][318]LogGameState: Match State Changed from WaitingToStart to InProgress
[2019.09.12-04.21.29:200][318]LogLoadingSplash: Loading ends
[2019.09.12-04.21.29:200][318]LogLoad: Took 0.087788 seconds to LoadMap(/Game/ThirdPersonBP/Maps/LevelMainMenu)
[2019.09.12-04.21.31:025][424]LogPackageName: SearchForPackageOnDisk took   0.128s to resolve LevelWorldSelect.umap.
[2019.09.12-04.21.31:025][424]LogGameMode: Display: Match State Changed from InProgress to LeavingMap
[2019.09.12-04.21.31:025][424]LogGameState: Match State Changed from InProgress to LeavingMap
[2019.09.12-04.21.31:154][424]LogPackageName: SearchForPackageOnDisk took   0.128s to resolve LevelWorldSelect.umap.
[2019.09.12-04.21.31:154][424]LogNet: Browse: /Game/ThirdPersonBP/Maps/LevelWorldSelect
[2019.09.12-04.21.31:154][424]LogLoadingSplash: Loading begins
[2019.09.12-04.21.31:154][424]LogLoad: LoadMap: /Game/ThirdPersonBP/Maps/LevelWorldSelect
[2019.09.12-04.21.31:208][424]LogAIModule: Creating AISystem for world LevelWorldSelect
[2019.09.12-04.21.31:208][424]LogLoad: Game class is 'GameMode'
[2019.09.12-04.21.31:209][424]LogWorld: Bringing World /Game/ThirdPersonBP/Maps/LevelWorldSelect.LevelWorldSelect up for play (max tick rate 0) at 2019.09.11-21.21.31
[2019.09.12-04.21.31:209][424]LogWorld: Bringing up level for play took: 0.000360
[2019.09.12-04.21.31:210][424]LogGameMode: FindPlayerStart: PATHS NOT DEFINED or NO PLAYERSTART with positive rating
[2019.09.12-04.21.31:213][424]LogGameMode: Display: Match State Changed from EnteringMap to WaitingToStart
[2019.09.12-04.21.31:214][424]LogGameState: Match State Changed from EnteringMap to WaitingToStart
[2019.09.12-04.21.31:214][424]LogGameMode: Display: Match State Changed from WaitingToStart to InProgress
[2019.09.12-04.21.31:215][424]LogGameState: Match State Changed from WaitingToStart to InProgress
[2019.09.12-04.21.31:215][424]LogLoadingSplash: Loading ends
[2019.09.12-04.21.31:215][424]LogLoad: Took 0.060904 seconds to LoadMap(/Game/ThirdPersonBP/Maps/LevelWorldSelect)
[2019.09.12-04.21.32:120][481]LogSlate: FSceneViewport::OnFocusLost() reason 0
[2019.09.12-04.21.32:334][486]LogPackageName: SearchForPackageOnDisk took   0.134s to resolve LevelMainMenu.umap.
[2019.09.12-04.21.32:334][486]LogGameMode: Display: Match State Changed from InProgress to LeavingMap
[2019.09.12-04.21.32:335][486]LogGameState: Match State Changed from InProgress to LeavingMap
[2019.09.12-04.21.32:463][486]LogPackageName: SearchForPackageOnDisk took   0.127s to resolve LevelMainMenu.umap.
[2019.09.12-04.21.32:463][486]LogNet: Browse: /Game/ThirdPersonBP/Maps/LevelMainMenu
[2019.09.12-04.21.32:463][486]LogLoadingSplash: Loading begins
[2019.09.12-04.21.32:463][486]LogLoad: LoadMap: /Game/ThirdPersonBP/Maps/LevelMainMenu
[2019.09.12-04.21.32:509][486]LogAIModule: Creating AISystem for world LevelMainMenu
[2019.09.12-04.21.32:509][486]LogLoad: Game class is 'GameMode'
[2019.09.12-04.21.32:510][486]LogWorld: Bringing World /Game/ThirdPersonBP/Maps/LevelMainMenu.LevelMainMenu up for play (max tick rate 0) at 2019.09.11-21.21.32
[2019.09.12-04.21.32:510][486]LogWorld: Bringing up level for play took: 0.000447
[2019.09.12-04.21.32:510][486]LogGameMode: FindPlayerStart: PATHS NOT DEFINED or NO PLAYERSTART with positive rating
[2019.09.12-04.21.32:514][486]LogGameMode: Display: Match State Changed from EnteringMap to WaitingToStart
[2019.09.12-04.21.32:514][486]LogGameState: Match State Changed from EnteringMap to WaitingToStart
[2019.09.12-04.21.32:514][486]LogGameMode: Display: Match State Changed from WaitingToStart to InProgress
[2019.09.12-04.21.32:515][486]LogGameState: Match State Changed from WaitingToStart to InProgress
[2019.09.12-04.21.32:515][486]LogLoadingSplash: Loading ends
[2019.09.12-04.21.32:516][486]LogLoad: Took 0.053196 seconds to LoadMap(/Game/ThirdPersonBP/Maps/LevelMainMenu)
[2019.09.12-04.21.33:227][531]Closing by request
[2019.09.12-04.21.33:227][531]LogWindows: FPlatformMisc::RequestExit(0)
[2019.09.12-04.21.33:450][532]LogSlate: Window 'PuzzleMobile (64-bit Development PCD3D_ES2) ' being destroyed
[2019.09.12-04.21.33:450][532]LogWindowsTextInputMethodSystem: Display: IME system now deactivated.
[2019.09.12-04.21.33:454][532]LogWindowsTextInputMethodSystem: Display: IME system now deactivated.
[2019.09.12-04.21.33:469][532]LogExit: Preparing to exit.
[2019.09.12-04.21.33:469][532]LogMoviePlayer: Shutting down movie player
[2019.09.12-04.21.33:886][532]LogSlate: Updating window title bar state: overlay mode, drag disabled, window buttons hidden, title bar hidden
[2019.09.12-04.21.33:892][532]LogExit: Game engine shut down
[2019.09.12-04.21.33:937][532]LogExit: Object subsystem successfully closed.
[2019.09.12-04.21.33:962][532]LogShaderCompilers: Display: Shaders left to compile 0
[2019.09.12-04.21.33:963][532]LogD3D11RHI: Shutdown
[2019.09.12-04.21.33:963][532]LogD3D11RHI: CleanupD3DDevice
[2019.09.12-04.21.33:964][532]LogD3D11RHI: ~FD3D11DynamicRHI
[2019.09.12-04.21.34:020][532]LogModuleManager: Shutting down and abandoning module SequenceRecorderSections (382)
[2019.09.12-04.21.34:020][532]LogModuleManager: Shutting down and abandoning module SequenceRecorder (380)
[2019.09.12-04.21.34:020][532]LogModuleManager: Shutting down and abandoning module AutomationController (378)
[2019.09.12-04.21.34:020][532]LogModuleManager: Shutting down and abandoning module AutomationWorker (376)
[2019.09.12-04.21.34:020][532]LogModuleManager: Shutting down and abandoning module Voice (374)
[2019.09.12-04.21.34:020][532]LogModuleManager: Shutting down and abandoning module AIModule (372)
[2019.09.12-04.21.34:020][532]LogModuleManager: Shutting down and abandoning module GameplayDebugger (371)
[2019.09.12-04.21.34:020][532]LogModuleManager: Shutting down and abandoning module AITestSuite (369)
[2019.09.12-04.21.34:020][532]LogModuleManager: Shutting down and abandoning module NavigationSystem (367)
[2019.09.12-04.21.34:020][532]LogModuleManager: Shutting down and abandoning module WmfMediaFactory (364)
[2019.09.12-04.21.34:020][532]LogModuleManager: Shutting down and abandoning module WebMMediaFactory (362)
[2019.09.12-04.21.34:020][532]LogModuleManager: Shutting down and abandoning module WebMMedia (360)
[2019.09.12-04.21.34:020][532]LogModuleManager: Shutting down and abandoning module OpenExrWrapper (358)
[2019.09.12-04.21.34:020][532]LogModuleManager: Shutting down and abandoning module ImgMediaFactory (356)
[2019.09.12-04.21.34:020][532]LogModuleManager: Shutting down and abandoning module AvfMediaFactory (354)
[2019.09.12-04.21.34:020][532]LogModuleManager: Shutting down and abandoning module MagicLeapCameraPreviewFactory (352)
[2019.09.12-04.21.34:020][532]LogModuleManager: Shutting down and abandoning module MagicLeapMediaFactory (350)
[2019.09.12-04.21.34:020][532]LogModuleManager: Shutting down and abandoning module CharacterAI (348)
[2019.09.12-04.21.34:020][532]LogModuleManager: Shutting down and abandoning module SessionServices (346)
[2019.09.12-04.21.34:020][532]LogModuleManager: Shutting down and abandoning module MovieSceneCapture (344)
[2019.09.12-04.21.34:020][532]LogModuleManager: Shutting down and abandoning module MovieSceneTracks (342)
[2019.09.12-04.21.34:020][532]LogModuleManager: Shutting down and abandoning module MovieScene (340)
[2019.09.12-04.21.34:020][532]LogModuleManager: Shutting down and abandoning module StreamingPauseRendering (338)
[2019.09.12-04.21.34:020][532]LogModuleManager: Shutting down and abandoning module PortalServices (336)
[2019.09.12-04.21.34:020][532]LogModuleManager: Shutting down and abandoning module PortalRpc (334)
[2019.09.12-04.21.34:020][532]LogModuleManager: Shutting down and abandoning module MessagingRpc (332)
[2019.09.12-04.21.34:020][532]LogModuleManager: Shutting down and abandoning module ImageWriteQueue (330)
[2019.09.12-04.21.34:022][532]LogModuleManager: Shutting down and abandoning module ProfilerService (328)
[2019.09.12-04.21.34:214][532]LogModuleManager: Shutting down and abandoning module TaskGraph (326)
[2019.09.12-04.21.34:214][532]LogModuleManager: Shutting down and abandoning module SteamVRController (324)
[2019.09.12-04.21.34:214][532]LogModuleManager: Shutting down and abandoning module ProceduralMeshComponent (322)
[2019.09.12-04.21.34:214][532]LogModuleManager: Shutting down and abandoning module OculusInput (320)
[2019.09.12-04.21.34:214][532]LogModuleManager: Shutting down and abandoning module MobilePatchingUtils (318)
[2019.09.12-04.21.34:214][532]LogModuleManager: Shutting down and abandoning module EditableMesh (316)
[2019.09.12-04.21.34:214][532]LogModuleManager: Shutting down and abandoning module CustomMeshComponent (314)
[2019.09.12-04.21.34:214][532]LogModuleManager: Shutting down and abandoning module CableComponent (312)
[2019.09.12-04.21.34:214][532]LogModuleManager: Shutting down and abandoning module AudioCapture (310)
[2019.09.12-04.21.34:214][532]LogModuleManager: Shutting down and abandoning module ArchVisCharacter (308)
[2019.09.12-04.21.34:214][532]LogModuleManager: Shutting down and abandoning module AndroidPermission (306)
[2019.09.12-04.21.34:214][532]LogModuleManager: Shutting down and abandoning module NUTUnrealEngine4 (304)
[2019.09.12-04.21.34:214][532]LogModuleManager: Shutting down and abandoning module NetcodeUnitTest (302)
[2019.09.12-04.21.34:214][532]LogModuleManager: Shutting down and abandoning module MediaCompositing (300)
[2019.09.12-04.21.34:214][532]LogModuleManager: Shutting down and abandoning module LinearTimecode (298)
[2019.09.12-04.21.34:214][532]LogModuleManager: Shutting down and abandoning module ImgMedia (296)
[2019.09.12-04.21.34:216][532]LogModuleManager: Shutting down and abandoning module HTML5Networking (294)
[2019.09.12-04.21.34:216][532]LogModuleManager: Shutting down and abandoning module GeometryCacheTracks (292)
[2019.09.12-04.21.34:216][532]LogModuleManager: Shutting down and abandoning module GeometryCacheSequencer (291)
[2019.09.12-04.21.34:216][532]LogModuleManager: Shutting down and abandoning module GeometryCache (288)
[2019.09.12-04.21.34:216][532]LogModuleManager: Shutting down and abandoning module GeometryCacheEd (287)
[2019.09.12-04.21.34:216][532]LogModuleManager: Shutting down and abandoning module BackChannel (284)
[2019.09.12-04.21.34:216][532]LogModuleManager: Shutting down and abandoning module AppleVision (282)
[2019.09.12-04.21.34:216][532]LogModuleManager: Shutting down and abandoning module AppleImageUtilsBlueprintSupport (280)
[2019.09.12-04.21.34:216][532]LogModuleManager: Shutting down and abandoning module AppleImageUtils (278)
[2019.09.12-04.21.34:216][532]LogModuleManager: Shutting down and abandoning module VariantManagerContent (276)
[2019.09.12-04.21.34:216][532]LogModuleManager: Shutting down and abandoning module CryptoKeysOpenSSL (274)
[2019.09.12-04.21.34:216][532]LogModuleManager: Shutting down and abandoning module CryptoKeys (272)
[2019.09.12-04.21.34:216][532]LogModuleManager: Shutting down and abandoning module VisualStudioSourceCodeAccess (270)
[2019.09.12-04.21.34:216][532]LogModuleManager: Shutting down and abandoning module HotReload (269)
[2019.09.12-04.21.34:217][532]LogModuleManager: Shutting down and abandoning module DirectoryWatcher (268)
[2019.09.12-04.21.34:217][532]LogModuleManager: Shutting down and abandoning module VisualStudioCodeSourceCodeAccess (264)
[2019.09.12-04.21.34:217][532]LogModuleManager: Shutting down and abandoning module UObjectPlugin (262)
[2019.09.12-04.21.34:217][532]LogModuleManager: Shutting down and abandoning module SubversionSourceControl (260)
[2019.09.12-04.21.34:217][532]LogModuleManager: Shutting down and abandoning module PerforceSourceControl (258)
[2019.09.12-04.21.34:217][532]LogModuleManager: Shutting down and abandoning module SourceControl (257)
[2019.09.12-04.21.34:217][532]LogModuleManager: Shutting down and abandoning module CLionSourceCodeAccess (254)
[2019.09.12-04.21.34:217][532]LogModuleManager: Shutting down and abandoning module ActorLayerUtilities (252)
[2019.09.12-04.21.34:217][532]LogModuleManager: Shutting down and abandoning module RuntimePhysXCooking (250)
[2019.09.12-04.21.34:217][532]LogModuleManager: Shutting down and abandoning module PhysXVehiclesEditor (248)
[2019.09.12-04.21.34:217][532]LogModuleManager: Shutting down and abandoning module PhysXVehicles (246)
[2019.09.12-04.21.34:217][532]LogModuleManager: Shutting down and abandoning module LocationServicesBPLibrary (244)
[2019.09.12-04.21.34:217][532]LogModuleManager: Shutting down and abandoning module ActorSequence (242)
[2019.09.12-04.21.34:217][532]LogModuleManager: Shutting down and abandoning module UdpMessaging (240)
[2019.09.12-04.21.34:318][532]LogModuleManager: Shutting down and abandoning module TcpMessaging (238)
[2019.09.12-04.21.34:867][532]LogModuleManager: Shutting down and abandoning module MagicLeapAudio (236)
[2019.09.12-04.21.34:867][532]LogModuleManager: Shutting down and abandoning module GameplayTagsEditor (234)
[2019.09.12-04.21.34:867][532]LogModuleManager: Shutting down and abandoning module FacialAnimation (232)
[2019.09.12-04.21.34:867][532]LogModuleManager: Shutting down and abandoning module DataValidation (230)
[2019.09.12-04.21.34:867][532]LogModuleManager: Shutting down and abandoning module AssetManagerEditor (228)
[2019.09.12-04.21.34:867][532]LogModuleManager: Shutting down and abandoning module TreeMap (227)
[2019.09.12-04.21.34:867][532]LogModuleManager: Shutting down and abandoning module LightPropagationVolumeRuntime (224)
[2019.09.12-04.21.34:867][532]LogModuleManager: Shutting down and abandoning module AISupportModule (222)
[2019.09.12-04.21.34:867][532]LogModuleManager: Shutting down and abandoning module Paper2D (220)
[2019.09.12-04.21.34:867][532]LogModuleManager: Shutting down and abandoning module WindowsMoviePlayer (218)
[2019.09.12-04.21.34:867][532]LogModuleManager: Shutting down and abandoning module WebMMoviePlayer (216)
[2019.09.12-04.21.34:867][532]LogModuleManager: Shutting down and abandoning module WmfMedia (214)
[2019.09.12-04.21.34:868][532]LogModuleManager: Shutting down and abandoning module Media (213)
[2019.09.12-04.21.34:874][532]LogModuleManager: Shutting down and abandoning module PacketHandler (210)
[2019.09.12-04.21.34:874][532]LogModuleManager: Shutting down and abandoning module ClothingSystemEditor (208)
[2019.09.12-04.21.34:874][532]LogModuleManager: Shutting down and abandoning module ClothingSystemRuntime (206)
[2019.09.12-04.21.34:874][532]LogModuleManager: Shutting down and abandoning module MediaAssets (204)
[2019.09.12-04.21.34:874][532]LogModuleManager: Shutting down and abandoning module Overlay (202)
[2019.09.12-04.21.34:874][532]LogModuleManager: Shutting down and abandoning module OverlayEditor (201)
[2019.09.12-04.21.34:874][532]LogModuleManager: Shutting down and abandoning module VREditor (198)
[2019.09.12-04.21.34:874][532]LogModuleManager: Shutting down and abandoning module StringTableEditor (196)
[2019.09.12-04.21.34:874][532]LogModuleManager: Shutting down and abandoning module GameplayTasksEditor (194)
[2019.09.12-04.21.34:874][532]LogModuleManager: Shutting down and abandoning module BehaviorTreeEditor (192)
[2019.09.12-04.21.34:874][532]LogModuleManager: Shutting down and abandoning module FunctionalTesting (190)
[2019.09.12-04.21.34:874][532]LogModuleManager: Shutting down and abandoning module CollisionAnalyzer (188)
[2019.09.12-04.21.34:874][532]LogModuleManager: Shutting down and abandoning module WorkspaceMenuStructure (187)
[2019.09.12-04.21.34:874][532]LogModuleManager: Shutting down and abandoning module UMG (184)
[2019.09.12-04.21.34:874][532]LogModuleManager: Shutting down and abandoning module UMGEditor (183)
[2019.09.12-04.21.34:874][532]LogModuleManager: Shutting down and abandoning module Sequencer (182)
[2019.09.12-04.21.34:874][532]LogModuleManager: Shutting down and abandoning module MessageLog (179)
[2019.09.12-04.21.34:874][532]LogModuleManager: Shutting down and abandoning module SlateReflector (174)
[2019.09.12-04.21.34:874][532]LogModuleManager: Shutting down and abandoning module Slate (172)
[2019.09.12-04.21.34:874][532]LogModuleManager: Shutting down and abandoning module EditorStyle (170)
[2019.09.12-04.21.34:876][532]LogModuleManager: Shutting down and abandoning module MRMesh (168)
[2019.09.12-04.21.34:876][532]LogModuleManager: Shutting down and abandoning module Messaging (166)
[2019.09.12-04.21.34:876][532]LogModuleManager: Shutting down and abandoning module SourceCodeAccess (164)
[2019.09.12-04.21.34:876][532]LogModuleManager: Shutting down and abandoning module HeadMountedDisplay (162)
[2019.09.12-04.21.34:876][532]LogModuleManager: Shutting down and abandoning module XAudio2 (160)
[2019.09.12-04.21.34:876][532]LogModuleManager: Shutting down and abandoning module Networking (158)
[2019.09.12-04.21.34:876][532]LogModuleManager: Shutting down and abandoning module Core (156)
[2019.09.12-04.21.34:876][532]LogModuleManager: Shutting down and abandoning module LevelSequence (154)
[2019.09.12-04.21.34:876][532]LogModuleManager: Shutting down and abandoning module KismetCompiler (152)
[2019.09.12-04.21.34:876][532]LogModuleManager: Shutting down and abandoning module MeshUtilities (150)
[2019.09.12-04.21.34:876][532]LogModuleManager: Shutting down and abandoning module MeshMergeUtilities (149)
[2019.09.12-04.21.34:876][532]LogModuleManager: Shutting down and abandoning module MeshReductionInterface (148)
[2019.09.12-04.21.34:876][532]LogModuleManager: Shutting down and abandoning module SimplygonSwarm (147)
[2019.09.12-04.21.34:876][532]LogModuleManager: Shutting down and abandoning module ProxyLODMeshReduction (145)
[2019.09.12-04.21.34:876][532]LogModuleManager: Shutting down and abandoning module SimplygonMeshReduction (143)
[2019.09.12-04.21.34:876][532]LogModuleManager: Shutting down and abandoning module QuadricMeshReduction (141)
[2019.09.12-04.21.34:876][532]LogModuleManager: Shutting down and abandoning module MaterialBaking (137)
[2019.09.12-04.21.34:876][532]LogModuleManager: Shutting down and abandoning module PIEPreviewDeviceProfileSelector (132)
[2019.09.12-04.21.34:876][532]LogModuleManager: Shutting down and abandoning module DerivedDataCache (130)
[2019.09.12-04.21.34:883][532]LogDerivedDataCache: Shutdown
[2019.09.12-04.21.34:883][532]LogModuleManager: Shutting down and abandoning module XGEController (128)
[2019.09.12-04.21.34:883][532]LogModuleManager: Shutting down and abandoning module TargetPlatform (126)
[2019.09.12-04.21.34:883][532]LogModuleManager: Shutting down and abandoning module VulkanShaderFormat (125)
[2019.09.12-04.21.34:883][532]LogModuleManager: Shutting down and abandoning module ShaderFormatVectorVM (123)
[2019.09.12-04.21.34:883][532]LogModuleManager: Shutting down and abandoning module ShaderFormatOpenGL (121)
[2019.09.12-04.21.34:883][532]LogModuleManager: Shutting down and abandoning module ShaderFormatD3D (119)
[2019.09.12-04.21.34:883][532]LogModuleManager: Shutting down and abandoning module MetalShaderFormat (117)
[2019.09.12-04.21.34:883][532]LogModuleManager: Shutting down and abandoning module TextureFormatUncompressed (115)
[2019.09.12-04.21.34:883][532]LogModuleManager: Shutting down and abandoning module TextureFormatPVR (113)
[2019.09.12-04.21.34:883][532]LogModuleManager: Shutting down and abandoning module TextureFormatDXT (111)
[2019.09.12-04.21.34:883][532]LogModuleManager: Shutting down and abandoning module TextureFormatIntelISPCTexComp (109)
[2019.09.12-04.21.34:883][532]LogModuleManager: Shutting down and abandoning module TextureFormatASTC (107)
[2019.09.12-04.21.34:883][532]LogModuleManager: Shutting down and abandoning module ImageWrapper (106)
[2019.09.12-04.21.34:883][532]LogModuleManager: Shutting down and abandoning module TextureFormatAndroid (103)
[2019.09.12-04.21.34:883][532]LogModuleManager: Shutting down and abandoning module AudioFormatOpus (101)
[2019.09.12-04.21.34:883][532]LogModuleManager: Shutting down and abandoning module AudioFormatOgg (99)
[2019.09.12-04.21.34:883][532]LogModuleManager: Shutting down and abandoning module AudioFormatADPCM (97)
[2019.09.12-04.21.34:883][532]LogModuleManager: Shutting down and abandoning module WindowsTargetPlatform (95)
[2019.09.12-04.21.34:883][532]LogModuleManager: Shutting down and abandoning module WindowsServerTargetPlatform (93)
[2019.09.12-04.21.34:883][532]LogModuleManager: Shutting down and abandoning module WindowsNoEditorTargetPlatform (91)
[2019.09.12-04.21.34:883][532]LogModuleManager: Shutting down and abandoning module WindowsClientTargetPlatform (89)
[2019.09.12-04.21.34:883][532]LogModuleManager: Shutting down and abandoning module InputCore (86)
[2019.09.12-04.21.34:883][532]LogModuleManager: Shutting down and abandoning module Settings (84)
[2019.09.12-04.21.34:883][532]LogModuleManager: Shutting down and abandoning module PhysXCooking (82)
[2019.09.12-04.21.34:884][532]LogModuleManager: Shutting down and abandoning module SteamVR (80)
[2019.09.12-04.21.34:884][532]LogHMD: Freeing OpenVRDLLHandle.
[2019.09.12-04.21.34:884][532]LogModuleManager: Shutting down and abandoning module OculusHMD (78)
[2019.09.12-04.21.34:884][532]LogModuleManager: Shutting down and abandoning module ExampleDeviceProfileSelector (76)
[2019.09.12-04.21.34:884][532]LogModuleManager: Shutting down and abandoning module LauncherChunkInstaller (74)
[2019.09.12-04.21.34:884][532]LogModuleManager: Shutting down and abandoning module OnlineBlueprintSupport (72)
[2019.09.12-04.21.34:884][532]LogModuleManager: Shutting down and abandoning module OnlineSubsystem (68)
[2019.09.12-04.21.34:884][532]LogModuleManager: Shutting down and abandoning module XMPP (63)
[2019.09.12-04.21.34:884][532]LogModuleManager: Shutting down and abandoning module WebSockets (62)
[2019.09.12-04.21.34:890][532]LogModuleManager: Shutting down and abandoning module HTTP (59)
[2019.09.12-04.21.34:923][532]LogModuleManager: Shutting down and abandoning module SSL (58)
[2019.09.12-04.21.34:924][532]LogModuleManager: Shutting down and abandoning module MagicLeapIdentity (54)
[2019.09.12-04.21.34:924][532]LogModuleManager: Shutting down and abandoning module MagicLeapHelperVulkan (52)
[2019.09.12-04.21.34:924][532]LogModuleManager: Shutting down and abandoning module MagicLeapHelperOpenGL (50)
[2019.09.12-04.21.34:924][532]LogModuleManager: Shutting down and abandoning module MagicLeapSecureStorage (48)
[2019.09.12-04.21.34:924][532]LogModuleManager: Shutting down and abandoning module MagicLeapHandTracking (46)
[2019.09.12-04.21.34:924][532]LogModuleManager: Shutting down and abandoning module MagicLeapEyeTracker (44)
[2019.09.12-04.21.34:924][532]LogModuleManager: Shutting down and abandoning module MagicLeapController (42)
[2019.09.12-04.21.34:925][532]LogSlate: Slate User Destroyed.  User Index 0, Is Virtual User: 0
[2019.09.12-04.21.34:925][532]LogModuleManager: Shutting down and abandoning module MagicLeap (40)
[2019.09.12-04.21.34:925][532]LogModuleManager: Shutting down and abandoning module DatasmithContent (38)
[2019.09.12-04.21.34:925][532]LogModuleManager: Shutting down and abandoning module AnimationModifiers (36)
[2019.09.12-04.21.34:925][532]LogModuleManager: Shutting down and abandoning module PropertyEditor (35)
[2019.09.12-04.21.34:925][532]LogModuleManager: Shutting down and abandoning module AudioEditor (32)
[2019.09.12-04.21.34:925][532]LogModuleManager: Shutting down and abandoning module TextureCompressor (30)
[2019.09.12-04.21.34:925][532]LogModuleManager: Shutting down and abandoning module ShaderCore (28)
[2019.09.12-04.21.34:925][532]LogModuleManager: Shutting down and abandoning module Landscape (26)
[2019.09.12-04.21.34:925][532]LogModuleManager: Shutting down and abandoning module SlateRHIRenderer (24)
[2019.09.12-04.21.34:926][532]LogModuleManager: Shutting down and abandoning module OpenGLDrv (22)
[2019.09.12-04.21.34:926][532]LogModuleManager: Shutting down and abandoning module D3D11RHI (20)
[2019.09.12-04.21.34:926][532]LogModuleManager: Shutting down and abandoning module AnimGraphRuntime (18)
[2019.09.12-04.21.34:926][532]LogModuleManager: Shutting down and abandoning module Renderer (16)
[2019.09.12-04.21.34:926][532]LogModuleManager: Shutting down and abandoning module Engine (14)
[2019.09.12-04.21.34:926][532]LogModuleManager: Shutting down and abandoning module CoreUObject (12)
[2019.09.12-04.21.34:926][532]LogModuleManager: Shutting down and abandoning module NetworkFile (10)
[2019.09.12-04.21.34:926][532]LogModuleManager: Shutting down and abandoning module CookedIterativeFile (8)
[2019.09.12-04.21.34:926][532]LogModuleManager: Shutting down and abandoning module StreamingFile (6)
[2019.09.12-04.21.34:926][532]LogModuleManager: Shutting down and abandoning module SandboxFile (4)
[2019.09.12-04.21.34:926][532]LogModuleManager: Shutting down and abandoning module PakFile (2)
[2019.09.12-04.21.34:934][532]LogExit: Exiting.
[2019.09.12-04.21.34:961][532]Log file closed, 09/11/19 21:21:34
