Log file open, 10/06/19 19:51:53
LogWindows: Failed to load 'aqProf.dll' (GetLastError=126)
LogWindows: File 'aqProf.dll' does not exist
LogWindows: Failed to load 'VtuneApi.dll' (GetLastError=126)
LogWindows: File 'VtuneApi.dll' does not exist
LogWindows: Failed to load 'VtuneApi32e.dll' (GetLastError=126)
LogWindows: File 'VtuneApi32e.dll' does not exist
LogConsoleResponse: Display: Failed to find resolution value strings in scalability ini. Falling back to default.
LogInit: Display: Running engine for game: PuzzleMobile
LogPakFile: Registered encryption key '00000000000000000000000000000000': 0 pak files mounted, 0 remain pending
LogPlatformFile: Not using cached read wrapper
LogTaskGraph: Started task graph with 5 named threads and 35 total threads with 3 sets of task threads.
LogStats: Stats thread started at 0.969640
LogD3D11RHI: Loaded GFSDK_Aftermath_Lib.x64.dll
LogICUInternationalization: ICU TimeZone Detection - Raw Offset: -8:00, Platform Override: ''
LogPluginManager: Mounting plugin Paper2D
LogPluginManager: Mounting plugin AISupport
LogPluginManager: Mounting plugin LightPropagationVolume
LogPluginManager: Mounting plugin ActorLayerUtilities
LogPluginManager: Mounting plugin CLionSourceCodeAccess
LogPluginManager: Mounting plugin CodeLiteSourceCodeAccess
LogPluginManager: Mounting plugin GitSourceControl
LogPluginManager: Mounting plugin KDevelopSourceCodeAccess
LogPluginManager: Mounting plugin NullSourceCodeAccess
LogPluginManager: Mounting plugin PerforceSourceControl
LogPluginManager: Mounting plugin SubversionSourceControl
LogPluginManager: Mounting plugin UObjectPlugin
LogPluginManager: Mounting plugin VisualStudioCodeSourceCodeAccess
LogPluginManager: Mounting plugin VisualStudioSourceCodeAccess
LogPluginManager: Mounting plugin XCodeSourceCodeAccess
LogPluginManager: Mounting plugin AssetManagerEditor
LogPluginManager: Mounting plugin CryptoKeys
LogPluginManager: Mounting plugin DataValidation
LogPluginManager: Mounting plugin FacialAnimation
LogPluginManager: Mounting plugin GameplayTagsEditor
LogPluginManager: Mounting plugin MacGraphicsSwitching
LogPluginManager: Mounting plugin MeshEditor
LogPluginManager: Mounting plugin MobileLauncherProfileWizard
LogPluginManager: Mounting plugin PluginBrowser
LogPluginManager: Mounting plugin SpeedTreeImporter
LogPluginManager: Mounting plugin DatasmithContent
LogPluginManager: Mounting plugin VariantManagerContent
LogPluginManager: Mounting plugin AlembicImporter
LogPluginManager: Mounting plugin AppleImageUtils
LogPluginManager: Mounting plugin AppleVision
LogPluginManager: Mounting plugin BackChannel
LogPluginManager: Mounting plugin CharacterAI
LogPluginManager: Mounting plugin GeometryCache
LogPluginManager: Mounting plugin HTML5Networking
LogPluginManager: Mounting plugin ProxyLODPlugin
LogPluginManager: Mounting plugin MagicLeap
LogPluginManager: Mounting plugin MagicLeapMedia
LogPluginManager: Mounting plugin AndroidMedia
LogPluginManager: Mounting plugin AvfMedia
LogPluginManager: Mounting plugin ImgMedia
LogPluginManager: Mounting plugin LinearTimecode
LogPluginManager: Mounting plugin MediaCompositing
LogPluginManager: Mounting plugin MediaPlayerEditor
LogPluginManager: Mounting plugin WebMMedia
LogPluginManager: Mounting plugin WmfMedia
LogPluginManager: Mounting plugin TcpMessaging
LogPluginManager: Mounting plugin UdpMessaging
LogPluginManager: Mounting plugin ActorSequence
LogPluginManager: Mounting plugin LevelSequenceEditor
LogPluginManager: Mounting plugin MatineeToLevelSequence
LogPluginManager: Mounting plugin NetcodeUnitTest
LogPluginManager: Mounting plugin NUTUnrealEngine4
LogPluginManager: Mounting plugin OnlineSubsystemGooglePlay
LogPluginManager: Mounting plugin OnlineSubsystemIOS
LogPluginManager: Mounting plugin OnlineSubsystem
LogPluginManager: Mounting plugin OnlineSubsystemNull
LogPluginManager: Mounting plugin OnlineSubsystemUtils
LogPluginManager: Mounting plugin LauncherChunkInstaller
LogPluginManager: Mounting plugin AndroidDeviceProfileSelector
LogPluginManager: Mounting plugin AndroidMoviePlayer
LogPluginManager: Mounting plugin AndroidPermission
LogPluginManager: Mounting plugin AppleMoviePlayer
LogPluginManager: Mounting plugin ArchVisCharacter
LogPluginManager: Mounting plugin AudioCapture
LogPluginManager: Mounting plugin CableComponent
LogPluginManager: Mounting plugin CustomMeshComponent
LogPluginManager: Mounting plugin EditableMesh
LogPluginManager: Mounting plugin ExampleDeviceProfileSelector
LogPluginManager: Mounting plugin Firebase
LogPluginManager: Mounting plugin GoogleCloudMessaging
LogPluginManager: Mounting plugin IOSDeviceProfileSelector
LogPluginManager: Mounting plugin LinuxDeviceProfileSelector
LogPluginManager: Mounting plugin LocationServicesBPLibrary
LogPluginManager: Mounting plugin MobilePatchingUtils
LogPluginManager: Mounting plugin OculusVR
LogPluginManager: Mounting plugin PhysXVehicles
LogPluginManager: Mounting plugin ProceduralMeshComponent
LogPluginManager: Mounting plugin RuntimePhysXCooking
LogPluginManager: Mounting plugin SteamVR
LogPluginManager: Mounting plugin WebMMoviePlayer
LogPluginManager: Mounting plugin WindowsMoviePlayer
LogStreaming: Display: Took  0.126s to configure plugins.
LogInit: Using libcurl 7.55.1-DEV
LogInit:  - built for x86_64-pc-win32
LogInit:  - supports SSL with OpenSSL/1.0.2h
LogInit:  - supports HTTP deflate (compression) using libz 1.2.8
LogInit:  - other features:
LogInit:      CURL_VERSION_SSL
LogInit:      CURL_VERSION_LIBZ
LogInit:      CURL_VERSION_IPV6
LogInit:      CURL_VERSION_ASYNCHDNS
LogInit:      CURL_VERSION_LARGEFILE
LogInit:      CURL_VERSION_IDN
LogInit:  CurlRequestOptions (configurable via config and command line):
LogInit:  - bVerifyPeer = true  - Libcurl will verify peer certificate
LogInit:  - bUseHttpProxy = false  - Libcurl will NOT use HTTP proxy
LogInit:  - bDontReuseConnections = false  - Libcurl will reuse connections
LogInit:  - MaxHostConnections = 16  - Libcurl will limit the number of connections to a host
LogInit:  - LocalHostAddr = Default
LogInit:  - BufferSize = 65536
LogInit: WinSock: version 1.1 (2.2), MaxSocks=32767, MaxUdp=65467
LogInit: Build: ++UE4+Release-4.21-CL-4753647
LogInit: Engine Version: 4.21.2-4753647+++UE4+Release-4.21
LogInit: Compatible Engine Version: 4.21.0-4541578+++UE4+Release-4.21
LogInit: Net CL: 4541578
LogInit: OS: Windows 10 (), CPU: Intel(R) Core(TM) i7-8700 CPU @ 3.20GHz, GPU: NVIDIA GeForce GTX 1060 6GB
LogInit: Compiled (64-bit): Jan 19 2019 02:07:31
LogInit: Compiled with Visual C++: 19.13.26129.00
LogInit: Build Configuration: Development
LogInit: Branch Name: ++UE4+Release-4.21
LogInit: Command Line: 
LogInit: Base Directory: C:/Program Files/Epic Games/UE_4.21/Engine/Binaries/Win64/
LogInit: Installed Engine Build: 1
LogDevObjectVersion: Number of dev versions registered: 22
LogDevObjectVersion:   Dev-Blueprints (B0D832E4-1F89-4F0D-ACCF-7EB736FD4AA2): 10
LogDevObjectVersion:   Dev-Build (E1C64328-A22C-4D53-A36C-8E866417BD8C): 0
LogDevObjectVersion:   Dev-Core (375EC13C-06E4-48FB-B500-84F0262A717E): 2
LogDevObjectVersion:   Dev-Editor (E4B068ED-F494-42E9-A231-DA0B2E46BB41): 26
LogDevObjectVersion:   Dev-Framework (CFFC743F-43B0-4480-9391-14DF171D2073): 34
LogDevObjectVersion:   Dev-Mobile (B02B49B5-BB20-44E9-A304-32B752E40360): 2
LogDevObjectVersion:   Dev-Networking (A4E4105C-59A1-49B5-A7C5-40C4547EDFEE): 0
LogDevObjectVersion:   Dev-Online (39C831C9-5AE6-47DC-9A44-9C173E1C8E7C): 0
LogDevObjectVersion:   Dev-Physics (78F01B33-EBEA-4F98-B9B4-84EACCB95AA2): 0
LogDevObjectVersion:   Dev-Platform (6631380F-2D4D-43E0-8009-CF276956A95A): 0
LogDevObjectVersion:   Dev-Rendering (12F88B9F-8875-4AFC-A67C-D90C383ABD29): 27
LogDevObjectVersion:   Dev-Sequencer (7B5AE74C-D270-4C10-A958-57980B212A5A): 9
LogDevObjectVersion:   Dev-VR (D7296918-1DD6-4BDD-9DE2-64A83CC13884): 2
LogDevObjectVersion:   Dev-LoadTimes (C2A15278-BFE7-4AFE-6C17-90FF531DF755): 1
LogDevObjectVersion:   Private-Geometry (6EACA3D4-40EC-4CC1-B786-8BED09428FC5): 3
LogDevObjectVersion:   Dev-AnimPhys (29E575DD-E0A3-4627-9D10-D276232CDCEA): 17
LogDevObjectVersion:   Dev-Anim (AF43A65D-7FD3-4947-9873-3E8ED9C1BB05): 2
LogDevObjectVersion:   Dev-ReflectionCapture (6B266CEC-1EC7-4B8F-A30B-E4D90942FC07): 1
LogDevObjectVersion:   Dev-Automation (0DF73D61-A23F-47EA-B727-89E90C41499A): 1
LogDevObjectVersion:   FortniteMain (601D1886-AC64-4F84-AA16-D3DE0DEAC7D6): 17
LogDevObjectVersion:   Dev-Enterprise (9DFFBCD6-494F-0158-E221-12823C92A888): 4
LogDevObjectVersion:   Dev-Niagara (F2AED0AC-9AFE-416F-8664-AA7FFA26D6FC): 1
LogStreaming: Display: Took  0.004s to delete old logs.
LogInit: Presizing for max 8388607 objects, including 0 objects not considered by GC, pre-allocating 0 bytes for permanent pool.
LogInit: Object subsystem initialized
LogConfig: Setting CVar [[con.DebugEarlyDefault:1]]
LogConfig: Setting CVar [[r.setres:1280x720]]
[2019.10.07-02.51.54:482][  0]LogConfig: Setting CVar [[r.VSync:0]]
[2019.10.07-02.51.54:482][  0]LogConfig: Setting CVar [[r.RHICmdBypass:0]]
[2019.10.07-02.51.54:482][  0]LogConfig: Applying CVar settings from Section [/Script/Engine.RendererSettings] File [C:/Users/jsaem/Documents/GitHub/PuzzleMobile/PuzzleMobile/Saved/Config/Windows/Engine.ini]
[2019.10.07-02.51.54:482][  0]LogConfig: Setting CVar [[r.GPUCrashDebugging:0]]
[2019.10.07-02.51.54:482][  0]LogConfig: Setting CVar [[r.MobileHDR:1]]
[2019.10.07-02.51.54:482][  0]LogConfig: Setting CVar [[r.Mobile.DisableVertexFog:1]]
[2019.10.07-02.51.54:482][  0]LogConfig: Setting CVar [[r.Shadow.CSM.MaxMobileCascades:2]]
[2019.10.07-02.51.54:482][  0]LogConfig: Setting CVar [[r.MobileMSAA:1]]
[2019.10.07-02.51.54:482][  0]LogConfig: Setting CVar [[r.Mobile.UseLegacyShadingModel:0]]
[2019.10.07-02.51.54:482][  0]LogConfig: Setting CVar [[r.Mobile.AllowDitheredLODTransition:0]]
[2019.10.07-02.51.54:482][  0]LogConfig: Setting CVar [[r.Mobile.AllowSoftwareOcclusion:0]]
[2019.10.07-02.51.54:482][  0]LogConfig: Setting CVar [[r.DiscardUnusedQuality:0]]
[2019.10.07-02.51.54:482][  0]LogConfig: Setting CVar [[r.AllowOcclusionQueries:1]]
[2019.10.07-02.51.54:482][  0]LogConfig: Setting CVar [[r.MinScreenRadiusForLights:0.030000]]
[2019.10.07-02.51.54:482][  0]LogConfig: Setting CVar [[r.MinScreenRadiusForDepthPrepass:0.030000]]
[2019.10.07-02.51.54:482][  0]LogConfig: Setting CVar [[r.MinScreenRadiusForCSMDepth:0.010000]]
[2019.10.07-02.51.54:482][  0]LogConfig: Setting CVar [[r.PrecomputedVisibilityWarning:0]]
[2019.10.07-02.51.54:482][  0]LogConfig: Setting CVar [[r.TextureStreaming:1]]
[2019.10.07-02.51.54:482][  0]LogConfig: Setting CVar [[Compat.UseDXT5NormalMaps:0]]
[2019.10.07-02.51.54:482][  0]LogConfig: Setting CVar [[r.ClearCoatNormal:0]]
[2019.10.07-02.51.54:482][  0]LogConfig: Setting CVar [[r.ReflectionCaptureResolution:128]]
[2019.10.07-02.51.54:482][  0]LogConfig: Setting CVar [[r.ReflectionEnvironmentLightmapMixBasedOnRoughness:1]]
[2019.10.07-02.51.54:482][  0]LogConfig: Setting CVar [[r.ForwardShading:0]]
[2019.10.07-02.51.54:482][  0]LogConfig: Setting CVar [[r.VertexFoggingForOpaque:1]]
[2019.10.07-02.51.54:482][  0]LogConfig: Setting CVar [[r.AllowStaticLighting:1]]
[2019.10.07-02.51.54:482][  0]LogConfig: Setting CVar [[r.NormalMapsForStaticLighting:0]]
[2019.10.07-02.51.54:482][  0]LogConfig: Setting CVar [[r.GenerateMeshDistanceFields:0]]
[2019.10.07-02.51.54:482][  0]LogConfig: Setting CVar [[r.DistanceFieldBuild.EightBit:0]]
[2019.10.07-02.51.54:482][  0]LogConfig: Setting CVar [[r.GenerateLandscapeGIData:0]]
[2019.10.07-02.51.54:482][  0]LogConfig: Setting CVar [[r.DistanceFieldBuild.Compress:0]]
[2019.10.07-02.51.54:482][  0]LogConfig: Setting CVar [[r.TessellationAdaptivePixelsPerTriangle:48.000000]]
[2019.10.07-02.51.54:482][  0]LogConfig: Setting CVar [[r.SeparateTranslucency:0]]
[2019.10.07-02.51.54:482][  0]LogConfig: Setting CVar [[r.TranslucentSortPolicy:0]]
[2019.10.07-02.51.54:482][  0]LogConfig: Setting CVar [[r.CustomDepth:1]]
[2019.10.07-02.51.54:482][  0]LogConfig: Setting CVar [[r.CustomDepthTemporalAAJitter:1]]
[2019.10.07-02.51.54:482][  0]LogConfig: Setting CVar [[r.PostProcessing.PropagateAlpha:0]]
[2019.10.07-02.51.54:482][  0]LogConfig: Setting CVar [[r.DOF.Algorithm:1]]
[2019.10.07-02.51.54:482][  0]LogConfig: Setting CVar [[r.DefaultFeature.Bloom:1]]
[2019.10.07-02.51.54:482][  0]LogConfig: Setting CVar [[r.DefaultFeature.AmbientOcclusion:0]]
[2019.10.07-02.51.54:483][  0]LogConfig: Setting CVar [[r.DefaultFeature.AmbientOcclusionStaticFraction:1]]
[2019.10.07-02.51.54:483][  0]LogConfig: Setting CVar [[r.DefaultFeature.AutoExposure:0]]
[2019.10.07-02.51.54:483][  0]LogConfig: Setting CVar [[r.DefaultFeature.AutoExposure.Method:0]]
[2019.10.07-02.51.54:483][  0]LogConfig: Setting CVar [[r.DefaultFeature.AutoExposure.ExtendDefaultLuminanceRange:0]]
[2019.10.07-02.51.54:483][  0]LogConfig: Setting CVar [[r.UsePreExposure:0]]
[2019.10.07-02.51.54:483][  0]LogConfig: Setting CVar [[r.DefaultFeature.MotionBlur:0]]
[2019.10.07-02.51.54:483][  0]LogConfig: Setting CVar [[r.DefaultFeature.LensFlare:0]]
[2019.10.07-02.51.54:483][  0]LogConfig: Setting CVar [[r.TemporalAA.Upsampling:0]]
[2019.10.07-02.51.54:483][  0]LogConfig: Setting CVar [[r.DefaultFeature.AntiAliasing:0]]
[2019.10.07-02.51.54:483][  0]LogConfig: Setting CVar [[r.DefaultFeature.LightUnits:1]]
[2019.10.07-02.51.54:483][  0]LogConfig: Setting CVar [[r.DefaultBackBufferPixelFormat:4]]
[2019.10.07-02.51.54:483][  0]LogConfig: Setting CVar [[r.Shadow.UnbuiltPreviewInGame:1]]
[2019.10.07-02.51.54:483][  0]LogConfig: Setting CVar [[r.StencilForLODDither:0]]
[2019.10.07-02.51.54:483][  0]LogConfig: Setting CVar [[r.EarlyZPass:3]]
[2019.10.07-02.51.54:483][  0]LogConfig: Setting CVar [[r.EarlyZPassMovable:1]]
[2019.10.07-02.51.54:483][  0]LogConfig: Setting CVar [[r.EarlyZPassOnlyMaterialMasking:0]]
[2019.10.07-02.51.54:483][  0]LogConfig: Setting CVar [[r.DBuffer:1]]
[2019.10.07-02.51.54:483][  0]LogConfig: Setting CVar [[r.ClearSceneMethod:1]]
[2019.10.07-02.51.54:483][  0]LogConfig: Setting CVar [[r.BasePassOutputsVelocity:0]]
[2019.10.07-02.51.54:483][  0]LogConfig: Setting CVar [[r.SelectiveBasePassOutputs:0]]
[2019.10.07-02.51.54:483][  0]LogConfig: Setting CVar [[fx.GPUSimulationTextureSizeX:1024]]
[2019.10.07-02.51.54:483][  0]LogConfig: Setting CVar [[fx.GPUSimulationTextureSizeY:1024]]
[2019.10.07-02.51.54:483][  0]LogConfig: Setting CVar [[r.AllowGlobalClipPlane:0]]
[2019.10.07-02.51.54:483][  0]LogConfig: Setting CVar [[r.GBufferFormat:1]]
[2019.10.07-02.51.54:483][  0]LogConfig: Setting CVar [[r.MorphTarget.Mode:1]]
[2019.10.07-02.51.54:483][  0]LogConfig: Setting CVar [[vr.InstancedStereo:0]]
[2019.10.07-02.51.54:483][  0]LogConfig: Setting CVar [[vr.MultiView:0]]
[2019.10.07-02.51.54:483][  0]LogConfig: Setting CVar [[vr.MobileMultiView:0]]
[2019.10.07-02.51.54:483][  0]LogConfig: Setting CVar [[vr.MobileMultiView.Direct:0]]
[2019.10.07-02.51.54:483][  0]LogConfig: Setting CVar [[vr.MonoscopicFarField:0]]
[2019.10.07-02.51.54:483][  0]LogConfig: Setting CVar [[vr.RoundRobinOcclusion:0]]
[2019.10.07-02.51.54:483][  0]LogConfig: Setting CVar [[vr.ODSCapture:0]]
[2019.10.07-02.51.54:483][  0]LogConfig: Setting CVar [[r.WireframeCullThreshold:5.000000]]
[2019.10.07-02.51.54:483][  0]LogConfig: Setting CVar [[r.SupportStationarySkylight:1]]
[2019.10.07-02.51.54:483][  0]LogConfig: Setting CVar [[r.SupportLowQualityLightmaps:1]]
[2019.10.07-02.51.54:483][  0]LogConfig: Setting CVar [[r.SupportPointLightWholeSceneShadows:1]]
[2019.10.07-02.51.54:483][  0]LogConfig: Setting CVar [[r.SupportAtmosphericFog:1]]
[2019.10.07-02.51.54:483][  0]LogConfig: Setting CVar [[r.SkinCache.CompileShaders:0]]
[2019.10.07-02.51.54:483][  0]LogConfig: Setting CVar [[r.Mobile.EnableStaticAndCSMShadowReceivers:1]]
[2019.10.07-02.51.54:483][  0]LogConfig: Setting CVar [[r.Mobile.EnableMovableLightCSMShaderCulling:1]]
[2019.10.07-02.51.54:483][  0]LogConfig: Setting CVar [[r.Mobile.AllowDistanceFieldShadows:1]]
[2019.10.07-02.51.54:483][  0]LogConfig: Setting CVar [[r.Mobile.AllowMovableDirectionalLights:1]]
[2019.10.07-02.51.54:483][  0]LogConfig: Setting CVar [[r.MobileNumDynamicPointLights:4]]
[2019.10.07-02.51.54:483][  0]LogConfig: Setting CVar [[r.MobileDynamicPointLightsUseStaticBranch:1]]
[2019.10.07-02.51.54:483][  0]LogConfig: Setting CVar [[r.SkinCache.SceneMemoryLimitInMB:128.000000]]
[2019.10.07-02.51.54:483][  0]LogConfig: Setting CVar [[r.GPUSkin.Limit2BoneInfluences:0]]
[2019.10.07-02.51.54:484][  0]LogConfig: Setting CVar [[r.SupportDepthOnlyIndexBuffers:1]]
[2019.10.07-02.51.54:484][  0]LogConfig: Setting CVar [[r.SupportReversedIndexBuffers:1]]
[2019.10.07-02.51.54:484][  0]LogConfig: Setting CVar [[r.SupportMaterialLayers:0]]
[2019.10.07-02.51.54:484][  0]LogConfig: Applying CVar settings from Section [/Script/Engine.RendererOverrideSettings] File [C:/Users/jsaem/Documents/GitHub/PuzzleMobile/PuzzleMobile/Saved/Config/Windows/Engine.ini]
[2019.10.07-02.51.54:484][  0]LogConfig: Applying CVar settings from Section [/Script/Engine.StreamingSettings] File [C:/Users/jsaem/Documents/GitHub/PuzzleMobile/PuzzleMobile/Saved/Config/Windows/Engine.ini]
[2019.10.07-02.51.54:484][  0]LogConfig: Setting CVar [[s.MinBulkDataSizeForAsyncLoading:131072]]
[2019.10.07-02.51.54:484][  0]LogConfig: Setting CVar [[s.AsyncLoadingThreadEnabled:0]]
[2019.10.07-02.51.54:484][  0]LogConfig: Setting CVar [[s.EventDrivenLoaderEnabled:1]]
[2019.10.07-02.51.54:484][  0]LogConfig: Setting CVar [[s.WarnIfTimeLimitExceeded:0]]
[2019.10.07-02.51.54:484][  0]LogConfig: Setting CVar [[s.TimeLimitExceededMultiplier:1.5]]
[2019.10.07-02.51.54:484][  0]LogConfig: Setting CVar [[s.TimeLimitExceededMinTime:0.005]]
[2019.10.07-02.51.54:484][  0]LogConfig: Setting CVar [[s.UseBackgroundLevelStreaming:1]]
[2019.10.07-02.51.54:484][  0]LogConfig: Setting CVar [[s.PriorityAsyncLoadingExtraTime:15.0]]
[2019.10.07-02.51.54:484][  0]LogConfig: Setting CVar [[s.LevelStreamingActorsUpdateTimeLimit:5.0]]
[2019.10.07-02.51.54:484][  0]LogConfig: Setting CVar [[s.PriorityLevelStreamingActorsUpdateExtraTime:5.0]]
[2019.10.07-02.51.54:484][  0]LogConfig: Setting CVar [[s.LevelStreamingComponentsRegistrationGranularity:10]]
[2019.10.07-02.51.54:484][  0]LogConfig: Setting CVar [[s.UnregisterComponentsTimeLimit:1.0]]
[2019.10.07-02.51.54:484][  0]LogConfig: Setting CVar [[s.LevelStreamingComponentsUnregistrationGranularity:5]]
[2019.10.07-02.51.54:484][  0]LogConfig: Applying CVar settings from Section [/Script/Engine.GarbageCollectionSettings] File [C:/Users/jsaem/Documents/GitHub/PuzzleMobile/PuzzleMobile/Saved/Config/Windows/Engine.ini]
[2019.10.07-02.51.54:484][  0]LogConfig: Setting CVar [[gc.MaxObjectsNotConsideredByGC:1]]
[2019.10.07-02.51.54:484][  0]LogConfig: Setting CVar [[gc.SizeOfPermanentObjectPool:0]]
[2019.10.07-02.51.54:484][  0]LogConfig: Setting CVar [[gc.FlushStreamingOnGC:0]]
[2019.10.07-02.51.54:484][  0]LogConfig: Setting CVar [[gc.NumRetriesBeforeForcingGC:10]]
[2019.10.07-02.51.54:484][  0]LogConfig: Setting CVar [[gc.AllowParallelGC:1]]
[2019.10.07-02.51.54:484][  0]LogConfig: Setting CVar [[gc.TimeBetweenPurgingPendingKillObjects:61.1]]
[2019.10.07-02.51.54:484][  0]LogConfig: Setting CVar [[gc.MaxObjectsInEditor:8388607]]
[2019.10.07-02.51.54:484][  0]LogConfig: Setting CVar [[gc.IncrementalBeginDestroyEnabled:1]]
[2019.10.07-02.51.54:484][  0]LogConfig: Setting CVar [[gc.CreateGCClusters:1]]
[2019.10.07-02.51.54:484][  0]LogConfig: Setting CVar [[gc.MergeGCClusters:0]]
[2019.10.07-02.51.54:484][  0]LogConfig: Setting CVar [[gc.MinGCClusterSize:5]]
[2019.10.07-02.51.54:484][  0]LogConfig: Setting CVar [[gc.ActorClusteringEnabled:0]]
[2019.10.07-02.51.54:484][  0]LogConfig: Setting CVar [[gc.BlueprintClusteringEnabled:0]]
[2019.10.07-02.51.54:484][  0]LogConfig: Setting CVar [[gc.UseDisregardForGCOnDedicatedServers:0]]
[2019.10.07-02.51.54:484][  0]LogConfig: Applying CVar settings from Section [/Script/Engine.NetworkSettings] File [C:/Users/jsaem/Documents/GitHub/PuzzleMobile/PuzzleMobile/Saved/Config/Windows/Engine.ini]
[2019.10.07-02.51.54:484][  0]LogConfig: Applying CVar settings from Section [/Script/UnrealEd.CookerSettings] File [C:/Users/jsaem/Documents/GitHub/PuzzleMobile/PuzzleMobile/Saved/Config/Windows/Engine.ini]
[2019.10.07-02.51.54:489][  0]LogConfig: Applying CVar settings from Section [ViewDistanceQuality@3] File [C:/Users/jsaem/Documents/GitHub/PuzzleMobile/PuzzleMobile/Saved/Config/Windows/Scalability.ini]
[2019.10.07-02.51.54:489][  0]LogConfig: Setting CVar [[r.SkeletalMeshLODBias:0]]
[2019.10.07-02.51.54:489][  0]LogConfig: Setting CVar [[r.ViewDistanceScale:1.0]]
[2019.10.07-02.51.54:489][  0]LogConfig: Applying CVar settings from Section [AntiAliasingQuality@3] File [C:/Users/jsaem/Documents/GitHub/PuzzleMobile/PuzzleMobile/Saved/Config/Windows/Scalability.ini]
[2019.10.07-02.51.54:489][  0]LogConfig: Setting CVar [[r.PostProcessAAQuality:4]]
[2019.10.07-02.51.54:489][  0]LogConfig: Applying CVar settings from Section [ShadowQuality@3] File [C:/Users/jsaem/Documents/GitHub/PuzzleMobile/PuzzleMobile/Saved/Config/Windows/Scalability.ini]
[2019.10.07-02.51.54:489][  0]LogConfig: Setting CVar [[r.LightFunctionQuality:1]]
[2019.10.07-02.51.54:489][  0]LogConfig: Setting CVar [[r.ShadowQuality:5]]
[2019.10.07-02.51.54:489][  0]LogConfig: Setting CVar [[r.Shadow.CSM.MaxCascades:10]]
[2019.10.07-02.51.54:489][  0]LogConfig: Setting CVar [[r.Shadow.MaxResolution:2048]]
[2019.10.07-02.51.54:489][  0]LogConfig: Setting CVar [[r.Shadow.MaxCSMResolution:2048]]
[2019.10.07-02.51.54:489][  0]LogConfig: Setting CVar [[r.Shadow.RadiusThreshold:0.01]]
[2019.10.07-02.51.54:489][  0]LogConfig: Setting CVar [[r.Shadow.DistanceScale:1.0]]
[2019.10.07-02.51.54:489][  0]LogConfig: Setting CVar [[r.Shadow.CSM.TransitionScale:1.0]]
[2019.10.07-02.51.54:489][  0]LogConfig: Setting CVar [[r.Shadow.PreShadowResolutionFactor:1.0]]
[2019.10.07-02.51.54:489][  0]LogConfig: Setting CVar [[r.DistanceFieldShadowing:1]]
[2019.10.07-02.51.54:489][  0]LogConfig: Setting CVar [[r.DistanceFieldAO:1]]
[2019.10.07-02.51.54:490][  0]LogConfig: Setting CVar [[r.AOQuality:2]]
[2019.10.07-02.51.54:490][  0]LogConfig: Setting CVar [[r.VolumetricFog:1]]
[2019.10.07-02.51.54:490][  0]LogConfig: Setting CVar [[r.VolumetricFog.GridPixelSize:8]]
[2019.10.07-02.51.54:490][  0]LogConfig: Setting CVar [[r.VolumetricFog.GridSizeZ:128]]
[2019.10.07-02.51.54:490][  0]LogConfig: Setting CVar [[r.VolumetricFog.HistoryMissSupersampleCount:4]]
[2019.10.07-02.51.54:490][  0]LogConfig: Setting CVar [[r.LightMaxDrawDistanceScale:1]]
[2019.10.07-02.51.54:490][  0]LogConfig: Setting CVar [[r.CapsuleShadows:1]]
[2019.10.07-02.51.54:490][  0]LogConfig: Applying CVar settings from Section [PostProcessQuality@3] File [C:/Users/jsaem/Documents/GitHub/PuzzleMobile/PuzzleMobile/Saved/Config/Windows/Scalability.ini]
[2019.10.07-02.51.54:490][  0]LogConfig: Setting CVar [[r.MotionBlurQuality:4]]
[2019.10.07-02.51.54:490][  0]LogConfig: Setting CVar [[r.AmbientOcclusionMipLevelFactor:0.4]]
[2019.10.07-02.51.54:490][  0]LogConfig: Setting CVar [[r.AmbientOcclusionMaxQuality:100]]
[2019.10.07-02.51.54:490][  0]LogConfig: Setting CVar [[r.AmbientOcclusionLevels:-1]]
[2019.10.07-02.51.54:490][  0]LogConfig: Setting CVar [[r.AmbientOcclusionRadiusScale:1.0]]
[2019.10.07-02.51.54:490][  0]LogConfig: Setting CVar [[r.DepthOfFieldQuality:2]]
[2019.10.07-02.51.54:490][  0]LogConfig: Setting CVar [[r.RenderTargetPoolMin:400]]
[2019.10.07-02.51.54:490][  0]LogConfig: Setting CVar [[r.LensFlareQuality:2]]
[2019.10.07-02.51.54:490][  0]LogConfig: Setting CVar [[r.SceneColorFringeQuality:1]]
[2019.10.07-02.51.54:490][  0]LogConfig: Setting CVar [[r.EyeAdaptationQuality:2]]
[2019.10.07-02.51.54:490][  0]LogConfig: Setting CVar [[r.BloomQuality:5]]
[2019.10.07-02.51.54:490][  0]LogConfig: Setting CVar [[r.FastBlurThreshold:100]]
[2019.10.07-02.51.54:490][  0]LogConfig: Setting CVar [[r.Upscale.Quality:3]]
[2019.10.07-02.51.54:490][  0]LogConfig: Setting CVar [[r.Tonemapper.GrainQuantization:1]]
[2019.10.07-02.51.54:490][  0]LogConfig: Setting CVar [[r.LightShaftQuality:1]]
[2019.10.07-02.51.54:490][  0]LogConfig: Setting CVar [[r.Filter.SizeScale:1]]
[2019.10.07-02.51.54:490][  0]LogConfig: Setting CVar [[r.Tonemapper.Quality:5]]
[2019.10.07-02.51.54:490][  0]LogConfig: Setting CVar [[r.DOF.Gather.AccumulatorQuality:1        ; higher gathering accumulator quality]]
[2019.10.07-02.51.54:490][  0]LogConfig: Setting CVar [[r.DOF.Gather.PostfilterMethod:1          ; Median3x3 postfilering method]]
[2019.10.07-02.51.54:490][  0]LogConfig: Setting CVar [[r.DOF.Gather.EnableBokehSettings:0       ; no bokeh simulation when gathering]]
[2019.10.07-02.51.54:490][  0]LogConfig: Setting CVar [[r.DOF.Gather.RingCount:4                 ; medium number of samples when gathering]]
[2019.10.07-02.51.54:490][  0]LogConfig: Setting CVar [[r.DOF.Scatter.ForegroundCompositing:1    ; additive foreground scattering]]
[2019.10.07-02.51.54:490][  0]LogConfig: Setting CVar [[r.DOF.Scatter.BackgroundCompositing:2    ; additive background scattering]]
[2019.10.07-02.51.54:490][  0]LogConfig: Setting CVar [[r.DOF.Scatter.EnableBokehSettings:1      ; bokeh simulation when scattering]]
[2019.10.07-02.51.54:490][  0]LogConfig: Setting CVar [[r.DOF.Scatter.MaxSpriteRatio:0.1         ; only a maximum of 10% of scattered bokeh]]
[2019.10.07-02.51.54:490][  0]LogConfig: Setting CVar [[r.DOF.Recombine.Quality:1                ; cheap slight out of focus]]
[2019.10.07-02.51.54:490][  0]LogConfig: Setting CVar [[r.DOF.Recombine.EnableBokehSettings:0    ; no bokeh simulation on slight out of focus]]
[2019.10.07-02.51.54:490][  0]LogConfig: Setting CVar [[r.DOF.TemporalAAQuality:1                ; more stable temporal accumulation]]
[2019.10.07-02.51.54:490][  0]LogConfig: Setting CVar [[r.DOF.Kernel.MaxForegroundRadius:0.025]]
[2019.10.07-02.51.54:490][  0]LogConfig: Setting CVar [[r.DOF.Kernel.MaxBackgroundRadius:0.025]]
[2019.10.07-02.51.54:490][  0]LogConfig: Applying CVar settings from Section [TextureQuality@3] File [C:/Users/jsaem/Documents/GitHub/PuzzleMobile/PuzzleMobile/Saved/Config/Windows/Scalability.ini]
[2019.10.07-02.51.54:490][  0]LogConfig: Setting CVar [[r.Streaming.MipBias:0]]
[2019.10.07-02.51.54:490][  0]LogConfig: Setting CVar [[r.Streaming.AmortizeCPUToGPUCopy:0]]
[2019.10.07-02.51.54:490][  0]LogConfig: Setting CVar [[r.Streaming.MaxNumTexturesToStreamPerFrame:0]]
[2019.10.07-02.51.54:490][  0]LogConfig: Setting CVar [[r.Streaming.Boost:1]]
[2019.10.07-02.51.54:490][  0]LogConfig: Setting CVar [[r.MaxAnisotropy:8]]
[2019.10.07-02.51.54:490][  0]LogConfig: Setting CVar [[r.Streaming.LimitPoolSizeToVRAM:0]]
[2019.10.07-02.51.54:490][  0]LogConfig: Setting CVar [[r.Streaming.PoolSize:1000]]
[2019.10.07-02.51.54:490][  0]LogConfig: Setting CVar [[r.Streaming.MaxEffectiveScreenSize:0]]
[2019.10.07-02.51.54:490][  0]LogConfig: Applying CVar settings from Section [EffectsQuality@3] File [C:/Users/jsaem/Documents/GitHub/PuzzleMobile/PuzzleMobile/Saved/Config/Windows/Scalability.ini]
[2019.10.07-02.51.54:490][  0]LogConfig: Setting CVar [[r.TranslucencyLightingVolumeDim:64]]
[2019.10.07-02.51.54:490][  0]LogConfig: Setting CVar [[r.RefractionQuality:2]]
[2019.10.07-02.51.54:490][  0]LogConfig: Setting CVar [[r.SSR.Quality:3]]
[2019.10.07-02.51.54:490][  0]LogConfig: Setting CVar [[r.SceneColorFormat:4]]
[2019.10.07-02.51.54:490][  0]LogConfig: Setting CVar [[r.DetailMode:2]]
[2019.10.07-02.51.54:490][  0]LogConfig: Setting CVar [[r.TranslucencyVolumeBlur:1]]
[2019.10.07-02.51.54:490][  0]LogConfig: Setting CVar [[r.MaterialQualityLevel:1 ; High quality]]
[2019.10.07-02.51.54:490][  0]LogConfig: Setting CVar [[r.SSS.Scale:1]]
[2019.10.07-02.51.54:490][  0]LogConfig: Setting CVar [[r.SSS.SampleSet:2]]
[2019.10.07-02.51.54:490][  0]LogConfig: Setting CVar [[r.SSS.Quality:1]]
[2019.10.07-02.51.54:490][  0]LogConfig: Setting CVar [[r.SSS.HalfRes:1]]
[2019.10.07-02.51.54:490][  0]LogConfig: Setting CVar [[r.EmitterSpawnRateScale:1.0]]
[2019.10.07-02.51.54:490][  0]LogConfig: Setting CVar [[r.ParticleLightQuality:2]]
[2019.10.07-02.51.54:490][  0]LogConfig: Applying CVar settings from Section [FoliageQuality@3] File [C:/Users/jsaem/Documents/GitHub/PuzzleMobile/PuzzleMobile/Saved/Config/Windows/Scalability.ini]
[2019.10.07-02.51.54:490][  0]LogConfig: Setting CVar [[foliage.DensityScale:1.0]]
[2019.10.07-02.51.54:490][  0]LogConfig: Setting CVar [[grass.DensityScale:1.0]]
[2019.10.07-02.51.54:491][  0]LogInit: Selected Device Profile: [Windows]
[2019.10.07-02.51.54:491][  0]LogInit: Applying CVar settings loaded from the selected device profile: [Windows]
[2019.10.07-02.51.54:511][  0]LogHAL: Display: Platform has ~ 16 GB [16981430272 / 17179869184 / 16], which maps to Larger [LargestMinGB=32, LargerMinGB=12, DefaultMinGB=8, SmallerMinGB=6, SmallestMinGB=0)
[2019.10.07-02.51.54:511][  0]LogConfig: Setting CVar [[r.Vulkan.UseRealUBs:1]]
[2019.10.07-02.51.54:511][  0]LogInit: Going up to parent DeviceProfile []
[2019.10.07-02.51.54:511][  0]LogConfig: Applying CVar settings from Section [ViewDistanceQuality@3] File [C:/Users/jsaem/Documents/GitHub/PuzzleMobile/PuzzleMobile/Saved/Config/Windows/Scalability.ini]
[2019.10.07-02.51.54:511][  0]LogConfig: Setting CVar [[r.SkeletalMeshLODBias:0]]
[2019.10.07-02.51.54:512][  0]LogConfig: Setting CVar [[r.ViewDistanceScale:1.0]]
[2019.10.07-02.51.54:512][  0]LogConfig: Applying CVar settings from Section [AntiAliasingQuality@3] File [C:/Users/jsaem/Documents/GitHub/PuzzleMobile/PuzzleMobile/Saved/Config/Windows/Scalability.ini]
[2019.10.07-02.51.54:512][  0]LogConfig: Setting CVar [[r.PostProcessAAQuality:4]]
[2019.10.07-02.51.54:512][  0]LogConfig: Applying CVar settings from Section [ShadowQuality@3] File [C:/Users/jsaem/Documents/GitHub/PuzzleMobile/PuzzleMobile/Saved/Config/Windows/Scalability.ini]
[2019.10.07-02.51.54:512][  0]LogConfig: Setting CVar [[r.LightFunctionQuality:1]]
[2019.10.07-02.51.54:512][  0]LogConfig: Setting CVar [[r.ShadowQuality:5]]
[2019.10.07-02.51.54:512][  0]LogConfig: Setting CVar [[r.Shadow.CSM.MaxCascades:10]]
[2019.10.07-02.51.54:512][  0]LogConfig: Setting CVar [[r.Shadow.MaxResolution:2048]]
[2019.10.07-02.51.54:512][  0]LogConfig: Setting CVar [[r.Shadow.MaxCSMResolution:2048]]
[2019.10.07-02.51.54:512][  0]LogConfig: Setting CVar [[r.Shadow.RadiusThreshold:0.01]]
[2019.10.07-02.51.54:512][  0]LogConfig: Setting CVar [[r.Shadow.DistanceScale:1.0]]
[2019.10.07-02.51.54:512][  0]LogConfig: Setting CVar [[r.Shadow.CSM.TransitionScale:1.0]]
[2019.10.07-02.51.54:512][  0]LogConfig: Setting CVar [[r.Shadow.PreShadowResolutionFactor:1.0]]
[2019.10.07-02.51.54:512][  0]LogConfig: Setting CVar [[r.DistanceFieldShadowing:1]]
[2019.10.07-02.51.54:512][  0]LogConfig: Setting CVar [[r.DistanceFieldAO:1]]
[2019.10.07-02.51.54:512][  0]LogConfig: Setting CVar [[r.AOQuality:2]]
[2019.10.07-02.51.54:512][  0]LogConfig: Setting CVar [[r.VolumetricFog:1]]
[2019.10.07-02.51.54:512][  0]LogConfig: Setting CVar [[r.VolumetricFog.GridPixelSize:8]]
[2019.10.07-02.51.54:512][  0]LogConfig: Setting CVar [[r.VolumetricFog.GridSizeZ:128]]
[2019.10.07-02.51.54:512][  0]LogConfig: Setting CVar [[r.VolumetricFog.HistoryMissSupersampleCount:4]]
[2019.10.07-02.51.54:512][  0]LogConfig: Setting CVar [[r.LightMaxDrawDistanceScale:1]]
[2019.10.07-02.51.54:512][  0]LogConfig: Setting CVar [[r.CapsuleShadows:1]]
[2019.10.07-02.51.54:512][  0]LogConfig: Applying CVar settings from Section [PostProcessQuality@3] File [C:/Users/jsaem/Documents/GitHub/PuzzleMobile/PuzzleMobile/Saved/Config/Windows/Scalability.ini]
[2019.10.07-02.51.54:512][  0]LogConfig: Setting CVar [[r.MotionBlurQuality:4]]
[2019.10.07-02.51.54:512][  0]LogConfig: Setting CVar [[r.AmbientOcclusionMipLevelFactor:0.4]]
[2019.10.07-02.51.54:512][  0]LogConfig: Setting CVar [[r.AmbientOcclusionMaxQuality:100]]
[2019.10.07-02.51.54:512][  0]LogConfig: Setting CVar [[r.AmbientOcclusionLevels:-1]]
[2019.10.07-02.51.54:512][  0]LogConfig: Setting CVar [[r.AmbientOcclusionRadiusScale:1.0]]
[2019.10.07-02.51.54:512][  0]LogConfig: Setting CVar [[r.DepthOfFieldQuality:2]]
[2019.10.07-02.51.54:512][  0]LogConfig: Setting CVar [[r.RenderTargetPoolMin:400]]
[2019.10.07-02.51.54:512][  0]LogConfig: Setting CVar [[r.LensFlareQuality:2]]
[2019.10.07-02.51.54:512][  0]LogConfig: Setting CVar [[r.SceneColorFringeQuality:1]]
[2019.10.07-02.51.54:512][  0]LogConfig: Setting CVar [[r.EyeAdaptationQuality:2]]
[2019.10.07-02.51.54:512][  0]LogConfig: Setting CVar [[r.BloomQuality:5]]
[2019.10.07-02.51.54:512][  0]LogConfig: Setting CVar [[r.FastBlurThreshold:100]]
[2019.10.07-02.51.54:512][  0]LogConfig: Setting CVar [[r.Upscale.Quality:3]]
[2019.10.07-02.51.54:512][  0]LogConfig: Setting CVar [[r.Tonemapper.GrainQuantization:1]]
[2019.10.07-02.51.54:513][  0]LogConfig: Setting CVar [[r.LightShaftQuality:1]]
[2019.10.07-02.51.54:513][  0]LogConfig: Setting CVar [[r.Filter.SizeScale:1]]
[2019.10.07-02.51.54:513][  0]LogConfig: Setting CVar [[r.Tonemapper.Quality:5]]
[2019.10.07-02.51.54:513][  0]LogConfig: Setting CVar [[r.DOF.Gather.AccumulatorQuality:1        ; higher gathering accumulator quality]]
[2019.10.07-02.51.54:513][  0]LogConfig: Setting CVar [[r.DOF.Gather.PostfilterMethod:1          ; Median3x3 postfilering method]]
[2019.10.07-02.51.54:513][  0]LogConfig: Setting CVar [[r.DOF.Gather.EnableBokehSettings:0       ; no bokeh simulation when gathering]]
[2019.10.07-02.51.54:513][  0]LogConfig: Setting CVar [[r.DOF.Gather.RingCount:4                 ; medium number of samples when gathering]]
[2019.10.07-02.51.54:513][  0]LogConfig: Setting CVar [[r.DOF.Scatter.ForegroundCompositing:1    ; additive foreground scattering]]
[2019.10.07-02.51.54:513][  0]LogConfig: Setting CVar [[r.DOF.Scatter.BackgroundCompositing:2    ; additive background scattering]]
[2019.10.07-02.51.54:513][  0]LogConfig: Setting CVar [[r.DOF.Scatter.EnableBokehSettings:1      ; bokeh simulation when scattering]]
[2019.10.07-02.51.54:513][  0]LogConfig: Setting CVar [[r.DOF.Scatter.MaxSpriteRatio:0.1         ; only a maximum of 10% of scattered bokeh]]
[2019.10.07-02.51.54:513][  0]LogConfig: Setting CVar [[r.DOF.Recombine.Quality:1                ; cheap slight out of focus]]
[2019.10.07-02.51.54:513][  0]LogConfig: Setting CVar [[r.DOF.Recombine.EnableBokehSettings:0    ; no bokeh simulation on slight out of focus]]
[2019.10.07-02.51.54:513][  0]LogConfig: Setting CVar [[r.DOF.TemporalAAQuality:1                ; more stable temporal accumulation]]
[2019.10.07-02.51.54:513][  0]LogConfig: Setting CVar [[r.DOF.Kernel.MaxForegroundRadius:0.025]]
[2019.10.07-02.51.54:513][  0]LogConfig: Setting CVar [[r.DOF.Kernel.MaxBackgroundRadius:0.025]]
[2019.10.07-02.51.54:513][  0]LogConfig: Applying CVar settings from Section [TextureQuality@3] File [C:/Users/jsaem/Documents/GitHub/PuzzleMobile/PuzzleMobile/Saved/Config/Windows/Scalability.ini]
[2019.10.07-02.51.54:513][  0]LogConfig: Setting CVar [[r.Streaming.MipBias:0]]
[2019.10.07-02.51.54:513][  0]LogConfig: Setting CVar [[r.Streaming.AmortizeCPUToGPUCopy:0]]
[2019.10.07-02.51.54:513][  0]LogConfig: Setting CVar [[r.Streaming.MaxNumTexturesToStreamPerFrame:0]]
[2019.10.07-02.51.54:513][  0]LogConfig: Setting CVar [[r.Streaming.Boost:1]]
[2019.10.07-02.51.54:513][  0]LogConfig: Setting CVar [[r.MaxAnisotropy:8]]
[2019.10.07-02.51.54:513][  0]LogConfig: Setting CVar [[r.Streaming.LimitPoolSizeToVRAM:0]]
[2019.10.07-02.51.54:513][  0]LogConfig: Setting CVar [[r.Streaming.PoolSize:1000]]
[2019.10.07-02.51.54:513][  0]LogConfig: Setting CVar [[r.Streaming.MaxEffectiveScreenSize:0]]
[2019.10.07-02.51.54:513][  0]LogConfig: Applying CVar settings from Section [EffectsQuality@3] File [C:/Users/jsaem/Documents/GitHub/PuzzleMobile/PuzzleMobile/Saved/Config/Windows/Scalability.ini]
[2019.10.07-02.51.54:513][  0]LogConfig: Setting CVar [[r.TranslucencyLightingVolumeDim:64]]
[2019.10.07-02.51.54:513][  0]LogConfig: Setting CVar [[r.RefractionQuality:2]]
[2019.10.07-02.51.54:513][  0]LogConfig: Setting CVar [[r.SSR.Quality:3]]
[2019.10.07-02.51.54:513][  0]LogConfig: Setting CVar [[r.SceneColorFormat:4]]
[2019.10.07-02.51.54:513][  0]LogConfig: Setting CVar [[r.DetailMode:2]]
[2019.10.07-02.51.54:513][  0]LogConfig: Setting CVar [[r.TranslucencyVolumeBlur:1]]
[2019.10.07-02.51.54:513][  0]LogConfig: Setting CVar [[r.MaterialQualityLevel:1 ; High quality]]
[2019.10.07-02.51.54:513][  0]LogConfig: Setting CVar [[r.SSS.Scale:1]]
[2019.10.07-02.51.54:513][  0]LogConfig: Setting CVar [[r.SSS.SampleSet:2]]
[2019.10.07-02.51.54:513][  0]LogConfig: Setting CVar [[r.SSS.Quality:1]]
[2019.10.07-02.51.54:513][  0]LogConfig: Setting CVar [[r.SSS.HalfRes:1]]
[2019.10.07-02.51.54:513][  0]LogConfig: Setting CVar [[r.EmitterSpawnRateScale:1.0]]
[2019.10.07-02.51.54:514][  0]LogConfig: Setting CVar [[r.ParticleLightQuality:2]]
[2019.10.07-02.51.54:514][  0]LogConfig: Applying CVar settings from Section [FoliageQuality@3] File [C:/Users/jsaem/Documents/GitHub/PuzzleMobile/PuzzleMobile/Saved/Config/Windows/Scalability.ini]
[2019.10.07-02.51.54:514][  0]LogConfig: Setting CVar [[foliage.DensityScale:1.0]]
[2019.10.07-02.51.54:514][  0]LogConfig: Setting CVar [[grass.DensityScale:1.0]]
[2019.10.07-02.51.54:514][  0]LogConfig: Applying CVar settings from Section [Startup] File [../../../Engine/Config/ConsoleVariables.ini]
[2019.10.07-02.51.54:518][  0]LogConfig: Setting CVar [[net.UseAdaptiveNetUpdateFrequency:0]]
[2019.10.07-02.51.54:518][  0]LogConfig: Applying CVar settings from Section [ConsoleVariables] File [C:/Users/jsaem/Documents/GitHub/PuzzleMobile/PuzzleMobile/Saved/Config/Windows/Engine.ini]
[2019.10.07-02.51.54:518][  0]LogInit: Computer: DESKTOP-F3SMPMM
[2019.10.07-02.51.54:518][  0]LogInit: User: jsaem
[2019.10.07-02.51.54:518][  0]LogInit: CPU Page size=4096, Cores=6
[2019.10.07-02.51.54:518][  0]LogInit: High frequency timer resolution =10.000000 MHz
[2019.10.07-02.51.54:519][  0]LogMemory: Memory total: Physical=15.8GB (16GB approx)
[2019.10.07-02.51.54:519][  0]LogMemory: Platform Memory Stats for Windows
[2019.10.07-02.51.54:519][  0]LogMemory: Process Physical Memory: 105.64 MB used, 105.64 MB peak
[2019.10.07-02.51.54:519][  0]LogMemory: Process Virtual Memory: 92.71 MB used, 92.71 MB peak
[2019.10.07-02.51.54:519][  0]LogMemory: Physical Memory: 6235.75 MB used,  9959.01 MB free, 16194.75 MB total
[2019.10.07-02.51.54:519][  0]LogMemory: Virtual Memory: 4668.73 MB used,  134213056.00 MB free, 134217728.00 MB total
[2019.10.07-02.51.54:749][  0]LogInit: Using OS detected language (en-US).
[2019.10.07-02.51.54:749][  0]LogInit: Using OS detected locale (en-CA).
[2019.10.07-02.51.54:750][  0]LogTextLocalizationManager: No specific localization for 'en-US' exists, so the 'en' localization will be used.
[2019.10.07-02.51.55:205][  0]LogStreaming: Display: Took  0.457s to InitEngineTextLocalization.
[2019.10.07-02.51.55:205][  0]LogInit: Setting process to per monitor DPI aware
[2019.10.07-02.51.55:285][  0]LogSlate: New Slate User Created.  User Index 0, Is Virtual User: 0
[2019.10.07-02.51.55:285][  0]LogSlate: Slate User Registered.  User Index 0, Is Virtual User: 0
[2019.10.07-02.51.57:282][  0]LogHMD: Failed to initialize OpenVR with code 110
[2019.10.07-02.51.57:282][  0]LogD3D11RHI: D3D11 adapters:
[2019.10.07-02.51.57:335][  0]LogD3D11RHI:    0. 'NVIDIA GeForce GTX 1060 6GB' (Feature Level 11_0)
[2019.10.07-02.51.57:335][  0]LogD3D11RHI:       6052/0/8097 MB DedicatedVideo/DedicatedSystem/SharedSystem, Outputs:2, VendorId:0x10de
[2019.10.07-02.51.57:380][  0]LogD3D11RHI:    1. 'Intel(R) UHD Graphics 630' (Feature Level 11_0)
[2019.10.07-02.51.57:381][  0]LogD3D11RHI:       128/0/8097 MB DedicatedVideo/DedicatedSystem/SharedSystem, Outputs:0, VendorId:0x8086
[2019.10.07-02.51.57:382][  0]LogD3D11RHI:    2. 'Microsoft Basic Render Driver' (Feature Level 11_0)
[2019.10.07-02.51.57:382][  0]LogD3D11RHI:       0/0/8097 MB DedicatedVideo/DedicatedSystem/SharedSystem, Outputs:0, VendorId:0x1414
[2019.10.07-02.51.57:382][  0]LogD3D11RHI: Chosen D3D11 Adapter: 0
[2019.10.07-02.51.57:389][  0]LogD3D11RHI: Creating new Direct3DDevice
[2019.10.07-02.51.57:389][  0]LogD3D11RHI:     GPU DeviceId: 0x1c03 (for the marketing name, search the web for "GPU Device Id")
[2019.10.07-02.51.57:389][  0]LogWindows: EnumDisplayDevices:
[2019.10.07-02.51.57:389][  0]LogWindows:    0. 'NVIDIA GeForce GTX 1060 6GB' (P:1 D:1)
[2019.10.07-02.51.57:389][  0]LogWindows:    1. 'NVIDIA GeForce GTX 1060 6GB' (P:0 D:1)
[2019.10.07-02.51.57:390][  0]LogWindows:    2. 'NVIDIA GeForce GTX 1060 6GB' (P:0 D:0)
[2019.10.07-02.51.57:390][  0]LogWindows:    3. 'NVIDIA GeForce GTX 1060 6GB' (P:0 D:0)
[2019.10.07-02.51.57:390][  0]LogWindows:    4. 'Intel(R) UHD Graphics 630' (P:0 D:0)
[2019.10.07-02.51.57:390][  0]LogWindows:    5. 'Intel(R) UHD Graphics 630' (P:0 D:0)
[2019.10.07-02.51.57:390][  0]LogWindows:    6. 'Intel(R) UHD Graphics 630' (P:0 D:0)
[2019.10.07-02.51.57:391][  0]LogWindows: DebugString: PrimaryIsNotTheChoosenAdapter PrimaryIsNotTheChoosenAdapter PrimaryIsNotTheChoosenAdapter FoundDriverCount:4 
[2019.10.07-02.51.57:391][  0]LogD3D11RHI:     Adapter Name: NVIDIA GeForce GTX 1060 6GB
[2019.10.07-02.51.57:391][  0]LogD3D11RHI:   Driver Version: 391.25 (internal:23.21.13.9125, unified:391.25)
[2019.10.07-02.51.57:391][  0]LogD3D11RHI:      Driver Date: 3-16-2018
[2019.10.07-02.51.57:391][  0]LogRHI: Texture pool is 4236 MB (70% of 6052 MB)
[2019.10.07-02.51.57:420][  0]LogD3D11RHI: Async texture creation enabled
[2019.10.07-02.51.57:443][  0]LogD3D11RHI: GPU Timing Frequency: 1000.000000 (Debug: 2 2)
[2019.10.07-02.51.57:887][  0]LogTemp: Display: Loaded TP AllDesktopTargetPlatform
[2019.10.07-02.51.57:899][  0]LogTemp: Display: Loaded TP MacClientTargetPlatform
[2019.10.07-02.51.57:910][  0]LogTemp: Display: Loaded TP MacNoEditorTargetPlatform
[2019.10.07-02.51.57:923][  0]LogTemp: Display: Loaded TP MacServerTargetPlatform
[2019.10.07-02.51.57:939][  0]LogTemp: Display: Loaded TP MacTargetPlatform
[2019.10.07-02.51.57:953][  0]LogTemp: Display: Loaded TP WindowsClientTargetPlatform
[2019.10.07-02.51.57:965][  0]LogTemp: Display: Loaded TP WindowsNoEditorTargetPlatform
[2019.10.07-02.51.57:978][  0]LogTemp: Display: Loaded TP WindowsServerTargetPlatform
[2019.10.07-02.51.57:985][  0]LogTemp: Display: Loaded TP WindowsTargetPlatform
[2019.10.07-02.51.58:062][  0]LogTemp: Display: Loaded TP AndroidTargetPlatform
[2019.10.07-02.51.58:062][  0]LogTemp: Display: Loaded TP AndroidTargetPlatform
[2019.10.07-02.51.58:062][  0]LogTemp: Display: Loaded TP AndroidTargetPlatform
[2019.10.07-02.51.58:062][  0]LogTemp: Display: Loaded TP AndroidTargetPlatform
[2019.10.07-02.51.58:062][  0]LogTemp: Display: Loaded TP AndroidTargetPlatform
[2019.10.07-02.51.58:062][  0]LogTemp: Display: Loaded TP AndroidTargetPlatform
[2019.10.07-02.51.58:062][  0]LogTemp: Display: Loaded TP AndroidTargetPlatform
[2019.10.07-02.51.58:062][  0]LogTemp: Display: Loaded TP AndroidTargetPlatform
[2019.10.07-02.51.58:062][  0]LogTemp: Display: Loaded TP AndroidTargetPlatform
[2019.10.07-02.51.58:062][  0]LogTemp: Display: Loaded TP AndroidTargetPlatform
[2019.10.07-02.51.58:063][  0]LogTemp: Display: Loaded TP AndroidTargetPlatform
[2019.10.07-02.51.58:063][  0]LogTemp: Display: Loaded TP AndroidTargetPlatform
[2019.10.07-02.51.58:063][  0]LogTemp: Display: Loaded TP AndroidTargetPlatform
[2019.10.07-02.51.58:063][  0]LogTemp: Display: Loaded TP AndroidTargetPlatform
[2019.10.07-02.51.58:063][  0]LogTemp: Display: Loaded TP AndroidTargetPlatform
[2019.10.07-02.51.58:063][  0]LogTemp: Display: Loaded TP AndroidTargetPlatform
[2019.10.07-02.51.58:063][  0]LogTemp: Display: Loaded TP AndroidTargetPlatform
[2019.10.07-02.51.58:063][  0]LogTemp: Display: Loaded TP AndroidTargetPlatform
[2019.10.07-02.51.58:065][  0]LogTemp: Display: Loaded TP HTML5TargetPlatform
[2019.10.07-02.51.58:132][  0]LogTemp: Display: Loaded TP IOSTargetPlatform
[2019.10.07-02.51.58:132][  0]LogTemp: Display: Loaded TP IOSTargetPlatform
[2019.10.07-02.51.58:154][  0]LogTemp: Display: Loaded TP TVOSTargetPlatform
[2019.10.07-02.51.58:154][  0]LogTemp: Display: Loaded TP TVOSTargetPlatform
[2019.10.07-02.51.58:167][  0]LogTemp: Display: Loaded TP LinuxClientTargetPlatform
[2019.10.07-02.51.58:179][  0]LogTemp: Display: Loaded TP LinuxNoEditorTargetPlatform
[2019.10.07-02.51.58:193][  0]LogTemp: Display: Loaded TP LinuxServerTargetPlatform
[2019.10.07-02.51.58:212][  0]LogTemp: Display: Loaded TP LinuxTargetPlatform
[2019.10.07-02.51.58:256][  0]LogTemp: Display: Loaded TP LuminTargetPlatform
[2019.10.07-02.51.58:256][  0]LogTemp: Display: Loaded TP LuminTargetPlatform
[2019.10.07-02.51.58:256][  0]LogTargetPlatformManager: Display: Building Assets For Windows
[2019.10.07-02.51.58:354][  0]LogShaderCompilers: Guid format shader working directory is -27 characters bigger than the processId version (../../../../../../Users/jsaem/Documents/GitHub/PuzzleMobile/PuzzleMobile/Intermediate/Shaders/WorkingDirectory/17760/).
[2019.10.07-02.51.58:354][  0]LogShaderCompilers: Cleaned the shader compiler working directory 'C:/Users/jsaem/AppData/Local/Temp/UnrealShaderWorkingDir/0C0ED1A549EBF48BAEBD07AD25BEA8E2/'.
[2019.10.07-02.51.58:356][  0]LogXGEController: Cleaning working directory: C:/Users/jsaem/AppData/Local/Temp/UnrealXGEWorkingDir/
[2019.10.07-02.51.58:356][  0]LogXGEController: Cannot use XGE Controller as Incredibuild is not installed on this machine.
[2019.10.07-02.51.58:356][  0]LogShaderCompilers: Cannot use XGE Shader Compiler as Incredibuild is not installed on this machine.
[2019.10.07-02.51.58:356][  0]LogShaderCompilers: Display: Using Local Shader Compiler.
[2019.10.07-02.51.59:879][  0]LogDerivedDataCache: Display: Max Cache Size: 512 MB
[2019.10.07-02.52.00:347][  0]LogDerivedDataCache: Loaded boot cache 0.47s 71MB C:/Users/jsaem/AppData/Local/UnrealEngine/4.21/DerivedDataCache/Boot.ddc.
[2019.10.07-02.52.00:347][  0]LogDerivedDataCache: Display: Loaded Boot cache: C:/Users/jsaem/AppData/Local/UnrealEngine/4.21/DerivedDataCache/Boot.ddc
[2019.10.07-02.52.00:347][  0]LogDerivedDataCache: FDerivedDataBackendGraph:  Pak pak cache file ../../../../../../Users/jsaem/Documents/GitHub/PuzzleMobile/PuzzleMobile/DerivedDataCache/DDC.ddp not found, will not use a pak cache.
[2019.10.07-02.52.00:347][  0]LogDerivedDataCache: Unable to find inner node Pak for hierarchical cache Hierarchy.
[2019.10.07-02.52.00:347][  0]LogDerivedDataCache: FDerivedDataBackendGraph:  CompressedPak pak cache file ../../../../../../Users/jsaem/Documents/GitHub/PuzzleMobile/PuzzleMobile/DerivedDataCache/Compressed.ddp not found, will not use a pak cache.
[2019.10.07-02.52.00:347][  0]LogDerivedDataCache: Unable to find inner node CompressedPak for hierarchical cache Hierarchy.
[2019.10.07-02.52.00:439][  0]LogDerivedDataCache: Display: Pak cache opened for reading ../../../Engine/DerivedDataCache/Compressed.ddp.
[2019.10.07-02.52.00:439][  0]LogDerivedDataCache: FDerivedDataBackendGraph:  EnterprisePak pak cache file ../../../Enterprise/DerivedDataCache/Compressed.ddp not found, will not use a pak cache.
[2019.10.07-02.52.00:439][  0]LogDerivedDataCache: Unable to find inner node EnterprisePak for hierarchical cache Hierarchy.
[2019.10.07-02.52.00:451][  0]LogDerivedDataCache: Using Local data cache path C:/Users/jsaem/AppData/Local/UnrealEngine/Common/DerivedDataCache: Writable
[2019.10.07-02.52.00:451][  0]LogDerivedDataCache: Shared data cache path not found in *engine.ini, will not use an Shared cache.
[2019.10.07-02.52.00:451][  0]LogDerivedDataCache: Unable to find inner node Shared for hierarchical cache Hierarchy.
[2019.10.07-02.52.00:473][  0]LogMaterial: Verifying Global Shaders for PCD3D_SM5
[2019.10.07-02.52.00:477][  0]LogSlate: Using FreeType 2.6.0
[2019.10.07-02.52.00:488][  0]LogSlate: SlateFontServices - WITH_FREETYPE: 1, WITH_HARFBUZZ: 1
[2019.10.07-02.52.00:780][  0]LogAssetRegistry: FAssetRegistry took 0.0324 seconds to start up
[2019.10.07-02.52.01:074][  0]LogInit: Selected Device Profile: [Windows]
[2019.10.07-02.52.01:321][  0]LogSimplygon: Simplygon DLL not present - disabling.
[2019.10.07-02.52.01:350][  0]LogMeshReduction: Using SimplygonSwarm for distributed automatic mesh merging
[2019.10.07-02.52.01:351][  0]LogMeshReduction: Using ProxyLODMeshReduction for automatic mesh merging
[2019.10.07-02.52.01:351][  0]LogMeshReduction: Using QuadricMeshReduction for automatic static mesh reduction
[2019.10.07-02.52.01:351][  0]LogMeshReduction: No automatic skeletal mesh reduction module available
[2019.10.07-02.52.01:390][  0]LogNetVersion: PuzzleMobile 1.0.0, NetCL: 4541578, EngineNetVer: 5, GameNetVer: 0 (Checksum: 2030113101)
[2019.10.07-02.52.02:582][  0]LogPackageLocalizationCache: Processed 11 localized package path(s) for 2 prioritized culture(s) in 0.112015 seconds
[2019.10.07-02.52.02:591][  0]LogUObjectArray: 39775 objects as part of root set at end of initial load.
[2019.10.07-02.52.02:591][  0]LogUObjectAllocator: 6914664 out of 0 bytes used by permanent object pool.
[2019.10.07-02.52.02:591][  0]LogUObjectArray: CloseDisregardForGC: 0/0 objects in disregard for GC pool
[2019.10.07-02.52.05:778][  0]LogTcpMessaging: Initializing TcpMessaging bridge
[2019.10.07-02.52.05:793][  0]LogUdpMessaging: Initializing bridge on interface 0.0.0.0:0 to multicast group 230.0.0.1:6666.
[2019.10.07-02.52.06:522][  0]SourceControl: Source control is disabled
[2019.10.07-02.52.06:522][  0]SourceControl: Source control is disabled
[2019.10.07-02.52.06:527][  0]SourceControl: Source control is disabled
[2019.10.07-02.52.06:531][  0]SourceControl: Source control is disabled
[2019.10.07-02.52.06:777][  0]LogAndroidPermission: UAndroidPermissionCallbackProxy::GetInstance
[2019.10.07-02.52.06:890][  0]LogOcInput: OculusInput pre-init called
[2019.10.07-02.52.07:061][  0]LogEngine: Initializing Engine...
[2019.10.07-02.52.07:062][  0]LogHMD: Failed to initialize OpenVR with code 110
[2019.10.07-02.52.07:064][  0]LogStats: UGameplayTagsManager::ConstructGameplayTagTree: ImportINI prefixes -  0.000 s
[2019.10.07-02.52.07:064][  0]LogStats: UGameplayTagsManager::ConstructGameplayTagTree: Construct from data asset -  0.000 s
[2019.10.07-02.52.07:064][  0]LogStats: UGameplayTagsManager::ConstructGameplayTagTree: ImportINI -  0.000 s
[2019.10.07-02.52.07:064][  0]LogStats: UGameplayTagsManager::ConstructGameplayTagTree: GameplayTagTreeChangedEvent.Broadcast -  0.000 s
[2019.10.07-02.52.07:459][  0]LogInit: Initializing FReadOnlyCVARCache
[2019.10.07-02.52.07:486][  0]LogAIModule: Creating AISystem for world Untitled
[2019.10.07-02.52.07:530][  0]LogInit: XAudio2 using 'Headset Earphone (Razer ManO'War)' : 2 channels at 48 kHz using 16 bits per sample (channel mask 0x3)
[2019.10.07-02.52.07:581][  0]LogInit: FAudioDevice initialized.
[2019.10.07-02.52.07:582][  0]LogNetVersion: Set ProjectVersion to 1.0.0.0. Version Checksum will be recalculated on next use.
[2019.10.07-02.52.07:718][  0]LogDerivedDataCache: Saved boot cache 0.14s 71MB C:/Users/jsaem/AppData/Local/UnrealEngine/4.21/DerivedDataCache/Boot.ddc.
[2019.10.07-02.52.07:728][  0]LogInit: Texture streaming: Enabled
[2019.10.07-02.52.07:747][  0]LogEngineSessionManager: EngineSessionManager initialized
[2019.10.07-02.52.07:767][  0]LogInit: Transaction tracking system initialized
[2019.10.07-02.52.07:801][  0]BlueprintLog: New page: Editor Load
[2019.10.07-02.52.07:921][  0]LocalizationService: Localization service is disabled
[2019.10.07-02.52.08:626][  0]LogFileCache: Scanning file cache for directory 'C:/Users/jsaem/Documents/GitHub/PuzzleMobile/PuzzleMobile/Content/' took 0.02s
[2019.10.07-02.52.08:626][  0]LogCook: Display: Max memory allowance for cook 16384mb min free memory 0mb
[2019.10.07-02.52.08:626][  0]LogCook: Display: Mobile HDR setting 1
[2019.10.07-02.52.08:626][  0]LogGameplayTags: Display: UGameplayTagsManager::DoneAddingNativeTags. DelegateIsBound: 0
[2019.10.07-02.52.08:626][  0]LogStats: UGameplayTagsManager::ConstructGameplayTagTree: ImportINI prefixes -  0.000 s
[2019.10.07-02.52.08:626][  0]LogStats: UGameplayTagsManager::ConstructGameplayTagTree: Construct from data asset -  0.000 s
[2019.10.07-02.52.08:626][  0]LogStats: UGameplayTagsManager::ConstructGameplayTagTree: ImportINI -  0.000 s
[2019.10.07-02.52.08:626][  0]LogStats: UGameplayTagsManager::ConstructGameplayTagTree: GameplayTagTreeChangedEvent.Broadcast -  0.000 s
[2019.10.07-02.52.08:926][  0]SourceControl: Source control is disabled
[2019.10.07-02.52.08:926][  0]Cmd: MAP LOAD FILE="../../../../../../Users/jsaem/Documents/GitHub/PuzzleMobile/PuzzleMobile/Content/ThirdPersonBP/Maps/World1Levels/Level01.umap" TEMPLATE=0 SHOWPROGRESS=1 FEATURELEVEL=3
[2019.10.07-02.52.08:932][  0]LightingResults: New page: Lighting Build
[2019.10.07-02.52.08:937][  0]MapCheck: New page: Map Check
[2019.10.07-02.52.08:937][  0]LightingResults: New page: Lighting Build
[2019.10.07-02.52.10:869][  0]LogAIModule: Creating AISystem for world Level01
[2019.10.07-02.52.10:901][  0]LogEditorServer: Finished looking for orphan Actors (0.000 secs)
[2019.10.07-02.52.10:932][  0]Cmd: MAP CHECKDEP NOCLEARLOG
[2019.10.07-02.52.10:932][  0]MapCheck: Map check complete: 0 Error(s), 0 Warning(s), took 0.121ms to complete.
[2019.10.07-02.52.10:932][  0]LogFileHelpers: Loading map 'Level01' took 2.006
[2019.10.07-02.52.11:480][  0]LogSlate: Updating window title bar state: overlay mode, drag disabled, window buttons hidden, title bar hidden
[2019.10.07-02.52.11:489][  0]LogSlate: Updating window title bar state: overlay mode, drag disabled, window buttons hidden, title bar hidden
[2019.10.07-02.52.11:500][  0]LogSlate: Updating window title bar state: overlay mode, drag disabled, window buttons hidden, title bar hidden
[2019.10.07-02.52.11:510][  0]LogSlate: Updating window title bar state: overlay mode, drag disabled, window buttons hidden, title bar hidden
[2019.10.07-02.52.11:525][  0]LogCollectionManager: Loaded 0 collections in 0.001566 seconds
[2019.10.07-02.52.11:560][  0]LogFileCache: Scanning file cache for directory 'C:/Users/jsaem/Documents/GitHub/PuzzleMobile/PuzzleMobile/Saved/Collections/' took 0.01s
[2019.10.07-02.52.11:560][  0]LogFileCache: Scanning file cache for directory 'C:/Users/jsaem/Documents/GitHub/PuzzleMobile/PuzzleMobile/Content/Developers/jsaem/Collections/' took 0.01s
[2019.10.07-02.52.11:560][  0]LogFileCache: Scanning file cache for directory 'C:/Users/jsaem/Documents/GitHub/PuzzleMobile/PuzzleMobile/Content/Collections/' took 0.00s
[2019.10.07-02.52.11:560][  0]LogCollectionManager: Rebuilt the GUID cache for 0 collections in 0.000000 seconds
[2019.10.07-02.52.11:569][  0]LogContentBrowser: Native class hierarchy populated in 0.0083 seconds. Added 2651 classes and 620 folders.
[2019.10.07-02.52.11:582][  0]LogContentBrowser: Native class hierarchy updated for 'WidgetCarousel' in 0.0002 seconds. Added 0 classes and 0 folders.
[2019.10.07-02.52.11:612][  0]LogPakFile: Registered encryption key '00000000000000000000000000000000': 0 pak files mounted, 0 remain pending
[2019.10.07-02.52.11:618][  0]LogPakFile: Registered encryption key '00000000000000000000000000000000': 0 pak files mounted, 0 remain pending
[2019.10.07-02.52.11:630][  0]LogPakFile: Registered encryption key '00000000000000000000000000000000': 0 pak files mounted, 0 remain pending
[2019.10.07-02.52.11:635][  0]LogPakFile: Registered encryption key '00000000000000000000000000000000': 0 pak files mounted, 0 remain pending
[2019.10.07-02.52.11:639][  0]LogPakFile: Registered encryption key '00000000000000000000000000000000': 0 pak files mounted, 0 remain pending
[2019.10.07-02.52.11:643][  0]LogPakFile: Registered encryption key '00000000000000000000000000000000': 0 pak files mounted, 0 remain pending
[2019.10.07-02.52.11:649][  0]LogPakFile: Registered encryption key '00000000000000000000000000000000': 0 pak files mounted, 0 remain pending
[2019.10.07-02.52.11:653][  0]LogPakFile: Registered encryption key '00000000000000000000000000000000': 0 pak files mounted, 0 remain pending
[2019.10.07-02.52.11:658][  0]LogPakFile: Registered encryption key '00000000000000000000000000000000': 0 pak files mounted, 0 remain pending
[2019.10.07-02.52.11:663][  0]LogPakFile: Registered encryption key '00000000000000000000000000000000': 0 pak files mounted, 0 remain pending
[2019.10.07-02.52.11:667][  0]LogPakFile: Registered encryption key '00000000000000000000000000000000': 0 pak files mounted, 0 remain pending
[2019.10.07-02.52.11:677][  0]LogPakFile: Registered encryption key '00000000000000000000000000000000': 0 pak files mounted, 0 remain pending
[2019.10.07-02.52.11:683][  0]LogPakFile: Registered encryption key '00000000000000000000000000000000': 0 pak files mounted, 0 remain pending
[2019.10.07-02.52.11:687][  0]LogPakFile: Registered encryption key '00000000000000000000000000000000': 0 pak files mounted, 0 remain pending
[2019.10.07-02.52.11:691][  0]LogPakFile: Registered encryption key '00000000000000000000000000000000': 0 pak files mounted, 0 remain pending
[2019.10.07-02.52.11:695][  0]LogPakFile: Registered encryption key '00000000000000000000000000000000': 0 pak files mounted, 0 remain pending
[2019.10.07-02.52.11:714][  0]LogPakFile: Registered encryption key '00000000000000000000000000000000': 0 pak files mounted, 0 remain pending
[2019.10.07-02.52.11:719][  0]LogPakFile: Registered encryption key '00000000000000000000000000000000': 0 pak files mounted, 0 remain pending
[2019.10.07-02.52.11:723][  0]LogPakFile: Registered encryption key '00000000000000000000000000000000': 0 pak files mounted, 0 remain pending
[2019.10.07-02.52.11:727][  0]LogPakFile: Registered encryption key '00000000000000000000000000000000': 0 pak files mounted, 0 remain pending
[2019.10.07-02.52.11:748][  0]LogPakFile: Registered encryption key '00000000000000000000000000000000': 0 pak files mounted, 0 remain pending
[2019.10.07-02.52.11:752][  0]LogPakFile: Registered encryption key '00000000000000000000000000000000': 0 pak files mounted, 0 remain pending
[2019.10.07-02.52.11:756][  0]LogPakFile: Registered encryption key '00000000000000000000000000000000': 0 pak files mounted, 0 remain pending
[2019.10.07-02.52.11:760][  0]LogPakFile: Registered encryption key '00000000000000000000000000000000': 0 pak files mounted, 0 remain pending
[2019.10.07-02.52.11:765][  0]LogPakFile: Registered encryption key '00000000000000000000000000000000': 0 pak files mounted, 0 remain pending
[2019.10.07-02.52.11:770][  0]LogPakFile: Registered encryption key '00000000000000000000000000000000': 0 pak files mounted, 0 remain pending
[2019.10.07-02.52.11:887][  0]LogContentBrowser: Native class hierarchy updated for 'AddContentDialog' in 0.0002 seconds. Added 0 classes and 0 folders.
[2019.10.07-02.52.11:894][  0]LogContentBrowser: Native class hierarchy updated for 'SceneOutliner' in 0.0002 seconds. Added 1 classes and 2 folders.
[2019.10.07-02.52.12:183][  0]LogSlate: Took 0.007155 seconds to synchronously load lazily loaded font '../../../Engine/Content/Slate/Fonts/Roboto-Regular.ttf' (155K)
[2019.10.07-02.52.12:189][  0]LogSlate: Took 0.004813 seconds to synchronously load lazily loaded font '../../../Engine/Content/Slate/Fonts/Roboto-Bold.ttf' (160K)
[2019.10.07-02.52.12:198][  0]LogSlate: Took 0.004988 seconds to synchronously load lazily loaded font '../../../Engine/Content/Editor/Slate/Fonts/FontAwesome.ttf' (139K)
[2019.10.07-02.52.12:323][  0]LogRenderer: Reallocating scene render targets to support 1280x620 Format 10 NumSamples 1 (Frame:1).
[2019.10.07-02.52.12:498][  0]LogContentBrowser: Native class hierarchy updated for 'HierarchicalLODOutliner' in 0.0002 seconds. Added 0 classes and 0 folders.
[2019.10.07-02.52.12:498][  0]LogLoad: (Engine Initialization) Total time: 21.64 seconds
[2019.10.07-02.52.12:498][  0]LogLoad: (Engine Initialization) Total Blueprint compile time: 0.00 seconds
[2019.10.07-02.52.12:564][  0]LogContentStreaming: Texture pool size now 1000 MB
[2019.10.07-02.52.12:725][  3]LogAssetRegistry: Asset discovery search completed in 11.9677 seconds
[2019.10.07-02.52.12:727][  3]LogCollectionManager: Rebuilt the object cache for 0 collections in 0.000000 seconds (found 0 objects)
[2019.10.07-02.52.12:727][  3]LogCollectionManager: Fixed up redirectors for 0 collections in 0.000046 seconds (updated 0 objects)
[2019.10.07-02.52.16:888][376]LogSlate: Took 0.003769 seconds to synchronously load lazily loaded font '../../../Engine/Content/Slate/Fonts/Roboto-Light.ttf' (167K)
[2019.10.07-03.00.11:061][639]LogEditorViewport: Clicking on Actor (LMB): StaticMeshActor (SuperGrid_Box7)
[2019.10.07-03.00.11:970][680]LogEditorViewport: Clicking on Actor (LMB): StaticMeshActor (SuperGrid_Box6)
[2019.10.07-03.00.13:711][872]LogEditorViewport: Clicking on Actor (LMB): StaticMeshActor (SuperGrid_BoxCentered)
[2019.10.07-03.00.24:379][121]LogEditorViewport: Clicking on Actor (LMB): StaticMeshActor (SuperGrid_Box8)
[2019.10.07-03.00.33:716][187]LogSlate: FSceneViewport::OnFocusLost() reason 0
[2019.10.07-03.00.33:773][192]LogSlate: Took 0.003460 seconds to synchronously load lazily loaded font '../../../Engine/Content/Slate/Fonts/Roboto-Light.ttf' (167K)
[2019.10.07-03.00.34:070][192]LogSavePackage: Moving '../../../../../../Users/jsaem/Documents/GitHub/PuzzleMobile/PuzzleMobile/Saved/Level019F25878244CC6EA95DD351808224B466.tmp' to '../../../../../../Users/jsaem/Documents/GitHub/PuzzleMobile/PuzzleMobile/Content/ThirdPersonBP/Maps/World1Levels/Level01.umap'
[2019.10.07-03.00.34:248][192]LogSavePackage: Moving '../../../../../../Users/jsaem/Documents/GitHub/PuzzleMobile/PuzzleMobile/Saved/Level01_BuiltDataBB3CF1E449280A79DF06A289BB38DF85.tmp' to '../../../../../../Users/jsaem/Documents/GitHub/PuzzleMobile/PuzzleMobile/Content/ThirdPersonBP/Maps/World1Levels/Level01_BuiltData.uasset'
[2019.10.07-03.00.50:482][107]LogEditorViewport: Clicking on Actor (LMB): StaticMeshActor (Floor)
[2019.10.07-03.00.53:920][510]LogSlate: FSceneViewport::OnFocusLost() reason 0
[2019.10.07-03.00.57:548][929]LogSlate: FSceneViewport::OnFocusLost() reason 0
[2019.10.07-03.01.03:304][521]LogAIModule: Creating AISystem for world Level06
[2019.10.07-03.01.03:310][521]LogAssetEditorManager: Opening Asset editor for World /Game/ThirdPersonBP/Maps/World2Levels/Level06.Level06
[2019.10.07-03.01.03:332][521]Cmd: MAP LOAD FILE="../../../../../../Users/jsaem/Documents/GitHub/PuzzleMobile/PuzzleMobile/Content/ThirdPersonBP/Maps/World2Levels/Level06.umap" TEMPLATE=0 SHOWPROGRESS=1 FEATURELEVEL=3
[2019.10.07-03.01.03:332][521]LightingResults: New page: Lighting Build
[2019.10.07-03.01.03:333][521]LoadErrors: New page: Loading map: Level06.umap
[2019.10.07-03.01.03:334][521]MapCheck: New page: Map Check
[2019.10.07-03.01.03:334][521]LightingResults: New page: Lighting Build
[2019.10.07-03.01.03:430][521]LogEditorServer: Finished looking for orphan Actors (0.000 secs)
[2019.10.07-03.01.03:477][521]Cmd: MAP CHECKDEP NOCLEARLOG
[2019.10.07-03.01.03:477][521]MapCheck: Map check complete: 0 Error(s), 0 Warning(s), took 0.098ms to complete.
[2019.10.07-03.01.03:478][521]LogFileHelpers: Loading map 'Level06' took 0.147
[2019.10.07-03.02.53:763][721]LogEditorViewport: Clicking on Actor (LMB): StaticMeshActor (SuperGrid_Box6)
[2019.10.07-03.02.54:793][838]Cmd: DELETE
[2019.10.07-03.02.54:793][838]Cmd: ACTOR DELETE
[2019.10.07-03.02.54:842][838]LogEditorActor: Deleted Actor: StaticMeshActor
[2019.10.07-03.02.54:862][838]LogEditorActor: Deleted 1 Actors (0.044 secs)
[2019.10.07-03.02.56:155][992]LogEditorViewport: Clicking on Actor (LMB): StaticMeshActor (SuperGrid_BoxCentered2)
[2019.10.07-03.02.57:883][195]Cmd: DELETE
[2019.10.07-03.02.57:883][195]Cmd: ACTOR DELETE
[2019.10.07-03.02.57:885][195]LogEditorActor: Deleted Actor: StaticMeshActor
[2019.10.07-03.02.57:905][195]LogEditorActor: Deleted 1 Actors (0.022 secs)
[2019.10.07-03.02.58:392][253]LogEditorViewport: Clicking on Actor (LMB): StaticMeshActor (SuperGrid_BoxCentered)
[2019.10.07-03.02.58:534][266]Cmd: DELETE
[2019.10.07-03.02.58:534][266]Cmd: ACTOR DELETE
[2019.10.07-03.02.58:537][266]LogEditorActor: Deleted Actor: StaticMeshActor
[2019.10.07-03.02.58:557][266]LogEditorActor: Deleted 1 Actors (0.022 secs)
[2019.10.07-03.02.59:563][387]LogEditorViewport: Clicking on Actor (LMB): StaticMeshActor (SuperGrid_Box7)
[2019.10.07-03.03.00:542][500]LogEditorViewport: Clicking on Actor (CTRL LMB): StaticMeshActor (SuperGrid_BoxCentered3)
[2019.10.07-03.03.01:555][615]LogEditorViewport: Clicking on Actor (CTRL LMB): StaticMeshActor (SuperGrid_BoxCentered4)
[2019.10.07-03.03.07:707][347]LogEditorViewport: Clicking on Actor (LMB): Player1_C (ThirdPersonCharacter)
[2019.10.07-03.03.12:173][860]LogEditorViewport: Clicking on Actor (LMB): StaticMeshActor (Wall9)
[2019.10.07-03.03.18:959][622]LogEditorViewport: Clicking on Actor (LMB): StaticMeshActor (SpikeTrap)
[2019.10.07-03.03.21:234][888]LogSlate: FSceneViewport::OnFocusLost() reason 0
[2019.10.07-03.03.24:812][306]LogEditorActor: Deleted Actor: StaticMeshActor
[2019.10.07-03.03.29:557][306]LogSlate: Window 'Message' being destroyed
[2019.10.07-03.03.29:562][306]LogEditorActor: Deleted Actor: MatineeActor
[2019.10.07-03.03.29:563][306]LogEditorActor: Actor Spikes is referenced by MatineeActor1.
[2019.10.07-03.03.31:336][306]LogSlate: Window 'Message' being destroyed
[2019.10.07-03.03.31:377][306]LogEditorActor: Deleted 2 Actors (6.569 secs)
[2019.10.07-03.03.33:203][522]Cmd: TRANSACTION UNDO
[2019.10.07-03.03.33:203][522]LogEditorTransaction: Undo Delete selection
[2019.10.07-03.03.33:558][555]Cmd: TRANSACTION UNDO
[2019.10.07-03.03.33:558][555]LogEditorTransaction: Undo Clicking on Actors
[2019.10.07-03.03.37:645][  8]LogSavePackage: Moving '../../../../../../Users/jsaem/Documents/GitHub/PuzzleMobile/PuzzleMobile/Saved/Level06AFDF7CB64175BE808A49C189A3880B10.tmp' to '../../../../../../Users/jsaem/Documents/GitHub/PuzzleMobile/PuzzleMobile/Content/ThirdPersonBP/Maps/World2Levels/Level06.umap'
[2019.10.07-03.03.37:801][  8]LogSavePackage: Moving '../../../../../../Users/jsaem/Documents/GitHub/PuzzleMobile/PuzzleMobile/Saved/Level06_BuiltData1CFF431D469D706403A8BDAA4C28969E.tmp' to '../../../../../../Users/jsaem/Documents/GitHub/PuzzleMobile/PuzzleMobile/Content/ThirdPersonBP/Maps/World2Levels/Level06_BuiltData.uasset'
[2019.10.07-03.03.43:261][634]LogEditorViewport: Clicking on Actor (LMB): StaticMeshActor (SuperGrid_Box7)
[2019.10.07-03.03.44:717][804]LogEditorViewport: Clicking on Actor (LMB): Player1_C (ThirdPersonCharacter)
[2019.10.07-03.03.47:569][130]LogSlate: FSceneViewport::OnFocusLost() reason 0
[2019.10.07-03.04.03:088][912]LogAssetEditorManager: Opening Asset editor for Blueprint /Game/ThirdPersonBP/Blueprints/CharacterSwapper.CharacterSwapper
[2019.10.07-03.04.03:830][912]LogContentBrowser: Native class hierarchy updated for 'BlueprintGraph' in 0.0005 seconds. Added 117 classes and 0 folders.
[2019.10.07-03.04.05:045][912]LogSlate: Took 0.013144 seconds to synchronously load lazily loaded font '../../../Engine/Content/Slate/Fonts/Roboto-BoldCondensed.ttf' (158K)
[2019.10.07-03.04.05:284][913]LogSlate: Took 0.004014 seconds to synchronously load lazily loaded font '../../../Engine/Content/Slate/Fonts/Roboto-Italic.ttf' (157K)
